Using pre-set license
Built from '2021.3/staging' branch; Version is '2021.3.4f1 (cb45f9cae8b7) revision 13321721'; Using compiler version '192829333'; Build Type 'Release'
OS: 'Windows 10  (10.0.19044) 64bit Professional' Language: 'ru' Physical Memory: 16271 MB
BatchMode: 1, IsHumanControllingUs: 0, StartBugReporterOnCrash: 0, Is64bit: 1, IsPro: 1

COMMAND LINE ARGUMENTS:
D:\unun\2021.3.4f1\Editor\Unity.exe
-adb2
-batchMode
-noUpm
-name
AssetImportWorker8
-projectPath
D:/uniyi/HorrorGleb
-logFile
Logs/AssetImportWorker8.log
-srvPort
50378
Successfully changed project path to: D:/uniyi/HorrorGleb
D:/uniyi/HorrorGleb
[UnityMemory] Configuration Parameters - Can be set up in boot.config
    "memorysetup-bucket-allocator-granularity=16"
    "memorysetup-bucket-allocator-bucket-count=8"
    "memorysetup-bucket-allocator-block-size=33554432"
    "memorysetup-bucket-allocator-block-count=8"
    "memorysetup-main-allocator-block-size=16777216"
    "memorysetup-thread-allocator-block-size=16777216"
    "memorysetup-gfx-main-allocator-block-size=16777216"
    "memorysetup-gfx-thread-allocator-block-size=16777216"
    "memorysetup-cache-allocator-block-size=4194304"
    "memorysetup-typetree-allocator-block-size=2097152"
    "memorysetup-profiler-bucket-allocator-granularity=16"
    "memorysetup-profiler-bucket-allocator-bucket-count=8"
    "memorysetup-profiler-bucket-allocator-block-size=33554432"
    "memorysetup-profiler-bucket-allocator-block-count=8"
    "memorysetup-profiler-allocator-block-size=16777216"
    "memorysetup-profiler-editor-allocator-block-size=1048576"
    "memorysetup-temp-allocator-size-main=16777216"
    "memorysetup-job-temp-allocator-block-size=2097152"
    "memorysetup-job-temp-allocator-block-size-background=1048576"
    "memorysetup-job-temp-allocator-reduction-small-platforms=262144"
    "memorysetup-temp-allocator-size-background-worker=32768"
    "memorysetup-temp-allocator-size-job-worker=262144"
    "memorysetup-temp-allocator-size-preload-manager=33554432"
    "memorysetup-temp-allocator-size-nav-mesh-worker=65536"
    "memorysetup-temp-allocator-size-audio-worker=65536"
    "memorysetup-temp-allocator-size-cloud-worker=32768"
    "memorysetup-temp-allocator-size-gi-baking-worker=262144"
    "memorysetup-temp-allocator-size-gfx=262144"
Refreshing native plugins compatible for Editor in 120.49 ms, found 3 plugins.
Preloading 0 native plugins for Editor in 0.00 ms.
Initialize engine version: 2021.3.4f1 (cb45f9cae8b7)
[Subsystems] Discovering subsystems at path D:/unun/2021.3.4f1/Editor/Data/Resources/UnitySubsystems
[Subsystems] Discovering subsystems at path D:/uniyi/HorrorGleb/Assets
GfxDevice: creating device client; threaded=0; jobified=0
Direct3D:
    Version:  Direct3D 11.0 [level 11.1]
    Renderer: NVIDIA GeForce GTX 1650 (ID=0x1f0a)
    Vendor:   NVIDIA
    VRAM:     3961 MB
    Driver:   30.0.15.1295
Initialize mono
Mono path[0] = 'D:/unun/2021.3.4f1/Editor/Data/Managed'
Mono path[1] = 'D:/unun/2021.3.4f1/Editor/Data/MonoBleedingEdge/lib/mono/unityjit-win32'
Mono config path = 'D:/unun/2021.3.4f1/Editor/Data/MonoBleedingEdge/etc'
Using monoOptions --debugger-agent=transport=dt_socket,embedding=1,server=y,suspend=n,address=127.0.0.1:56996
Begin MonoManager ReloadAssembly
Registering precompiled unity dll's ...
Register platform support module: D:/unun/2021.3.4f1/Editor/Data/PlaybackEngines/WebGLSupport/UnityEditor.WebGL.Extensions.dll
Register platform support module: D:/unun/2021.3.4f1/Editor/Data/PlaybackEngines/WindowsStandaloneSupport/UnityEditor.WindowsStandalone.Extensions.dll
Register platform support module: D:/unun/2021.3.4f1/Editor/Data/PlaybackEngines/MetroSupport/UnityEditor.UWP.Extensions.dll
Registered in 0.003099 seconds.
Native extension for UWP target not found
Native extension for WindowsStandalone target not found
Native extension for WebGL target not found
Refreshing native plugins compatible for Editor in 121.15 ms, found 3 plugins.
Preloading 0 native plugins for Editor in 0.00 ms.
Mono: successfully reloaded assembly
- Completed reload, in  0.639 seconds
Domain Reload Profiling:
	ReloadAssembly (640ms)
		BeginReloadAssembly (66ms)
			ExecutionOrderSort (0ms)
			DisableScriptedObjects (0ms)
			BackupInstance (0ms)
			ReleaseScriptingObjects (0ms)
			CreateAndSetChildDomain (1ms)
		EndReloadAssembly (471ms)
			LoadAssemblies (66ms)
			RebuildTransferFunctionScriptingTraits (0ms)
			SetupTypeCache (104ms)
			ReleaseScriptCaches (0ms)
			RebuildScriptCaches (28ms)
			SetupLoadedEditorAssemblies (291ms)
				LogAssemblyErrors (0ms)
				InitializePlatformSupportModulesInManaged (9ms)
				SetLoadedEditorAssemblies (0ms)
				RefreshPlugins (121ms)
				BeforeProcessingInitializeOnLoad (1ms)
				ProcessInitializeOnLoadAttributes (116ms)
				ProcessInitializeOnLoadMethodAttributes (43ms)
				AfterProcessingInitializeOnLoad (0ms)
				EditorAssembliesLoaded (0ms)
			ExecutionOrderSort2 (0ms)
			AwakeInstancesAfterBackupRestoration (0ms)
Platform modules already initialized, skipping
Registering precompiled user dll's ...
Registered in 0.004176 seconds.
Begin MonoManager ReloadAssembly
Symbol file LoadedFromMemory doesn't match image D:\uniyi\HorrorGleb\Library\PackageCache\com.unity.visualscripting@1.7.8\Editor\VisualScripting.Core\Dependencies\YamlDotNet\Unity.VisualScripting.YamlDotNet.dll
Symbol file LoadedFromMemory doesn't match image D:\uniyi\HorrorGleb\Library\PackageCache\com.unity.visualscripting@1.7.8\Editor\VisualScripting.Core\Dependencies\DotNetZip\Unity.VisualScripting.IonicZip.dll
Native extension for UWP target not found
Native extension for WindowsStandalone target not found
Native extension for WebGL target not found
Refreshing native plugins compatible for Editor in 119.35 ms, found 3 plugins.
Preloading 0 native plugins for Editor in 0.00 ms.
Mono: successfully reloaded assembly
- Completed reload, in  1.207 seconds
Domain Reload Profiling:
	ReloadAssembly (1208ms)
		BeginReloadAssembly (104ms)
			ExecutionOrderSort (0ms)
			DisableScriptedObjects (7ms)
			BackupInstance (0ms)
			ReleaseScriptingObjects (0ms)
			CreateAndSetChildDomain (20ms)
		EndReloadAssembly (992ms)
			LoadAssemblies (72ms)
			RebuildTransferFunctionScriptingTraits (0ms)
			SetupTypeCache (273ms)
			ReleaseScriptCaches (1ms)
			RebuildScriptCaches (55ms)
			SetupLoadedEditorAssemblies (550ms)
				LogAssemblyErrors (0ms)
				InitializePlatformSupportModulesInManaged (4ms)
				SetLoadedEditorAssemblies (0ms)
				RefreshPlugins (119ms)
				BeforeProcessingInitializeOnLoad (100ms)
				ProcessInitializeOnLoadAttributes (300ms)
				ProcessInitializeOnLoadMethodAttributes (23ms)
				AfterProcessingInitializeOnLoad (3ms)
				EditorAssembliesLoaded (0ms)
			ExecutionOrderSort2 (0ms)
			AwakeInstancesAfterBackupRestoration (6ms)
Platform modules already initialized, skipping
========================================================================
Worker process is ready to serve import requests
Launched and connected shader compiler UnityShaderCompiler.exe after 0.05 seconds
Refreshing native plugins compatible for Editor in 1.38 ms, found 3 plugins.
Preloading 0 native plugins for Editor in 0.00 ms.
Unloading 3919 Unused Serialized files (Serialized files now loaded: 0)
Unloading 32 unused Assets / (495.0 KB). Loaded Objects now: 4420.
Memory consumption went from 167.2 MB to 166.8 MB.
Total: 4.748100 ms (FindLiveObjects: 0.522500 ms CreateObjectMapping: 0.173400 ms MarkObjects: 3.586100 ms  DeleteObjects: 0.463900 ms)

AssetImportParameters requested are different than current active one (requested -> active):
  custom:video-decoder-ogg-theora: a1e56fd34408186e4bbccfd4996cb3dc -> 
  custom:container-muxer-webm: aa71ff27fc2769a1b78a27578f13a17b -> 
  custom:container-demuxer-webm: 4f35f7cbe854078d1ac9338744f61a02 -> 
  custom:video-encoder-webm-vp8: eb34c28f22e8b96e1ab97ce403110664 -> 
  custom:audio-encoder-webm-vorbis: bf7c407c2cedff20999df2af8eb42d56 -> 
  custom:framework-win-MediaFoundation: 216162199b28c13a410421893ffa2e32 -> 
  custom:container-demuxer-ogg: 62fdf1f143b41e24485cea50d1cbac27 -> 
  custom:video-decoder-webm-vp8: 9c59270c3fd7afecdb556c50c9e8de78 -> 
  custom:audio-decoder-ogg-vorbis: bf7c407c2cedff20999df2af8eb42d56 -> 
========================================================================
Received Import Request.
  Time since last request: 896933.997166 seconds.
  path: Assets/Mat/Morgue Room PBR/Models/props/Materials/autopsy_table_basecolor.tga
  artifactKey: Guid(700c1b12da023fc43ab7879fe48274e5) Importer(815301076,1909f56bfc062723c751e8b465ee728b)
Start importing Assets/Mat/Morgue Room PBR/Models/props/Materials/autopsy_table_basecolor.tga using Guid(700c1b12da023fc43ab7879fe48274e5) Importer(815301076,1909f56bfc062723c751e8b465ee728b)  -> (artifact id: 'ebe1a30e11a5a80b01c46b8e2e708ba1') in 0.107792 seconds 
========================================================================
Received Import Request.
  Time since last request: 0.000041 seconds.
  path: Assets/Mat/Morgue Room PBR/Models/props/Materials/shelf_mat.mat
  artifactKey: Guid(bd68e4d3aac9fea4abec00483f17e0e9) Importer(815301076,1909f56bfc062723c751e8b465ee728b)
Start importing Assets/Mat/Morgue Room PBR/Models/props/Materials/shelf_mat.mat using Guid(bd68e4d3aac9fea4abec00483f17e0e9) Importer(815301076,1909f56bfc062723c751e8b465ee728b)  -> (artifact id: '2574fb111ce55e947db32a7cdbaecb0c') in 0.145532 seconds 
========================================================================
Received Import Request.
  Time since last request: 0.000051 seconds.
  path: Assets/Mat/Morgue Room PBR/Models/props/Materials/photo_frame_normal.tga
  artifactKey: Guid(586ff35a6113cb1458714419c6b8d72d) Importer(815301076,1909f56bfc062723c751e8b465ee728b)
Start importing Assets/Mat/Morgue Room PBR/Models/props/Materials/photo_frame_normal.tga using Guid(586ff35a6113cb1458714419c6b8d72d) Importer(815301076,1909f56bfc062723c751e8b465ee728b)  -> (artifact id: '593da5807c0d8596e882e4c24bf5c6c6') in 0.037904 seconds 
========================================================================
Received Import Request.
  Time since last request: 0.000045 seconds.
  path: Assets/Mat/Morgue Room PBR/Models/props/Materials/notebook_normal.tga
  artifactKey: Guid(83c4095f138ee4149a2cde09c5627c8c) Importer(815301076,1909f56bfc062723c751e8b465ee728b)
Start importing Assets/Mat/Morgue Room PBR/Models/props/Materials/notebook_normal.tga using Guid(83c4095f138ee4149a2cde09c5627c8c) Importer(815301076,1909f56bfc062723c751e8b465ee728b)  -> (artifact id: 'abbe43f9f2646dd68f175de08d298ca8') in 0.029497 seconds 
========================================================================
Received Import Request.
  Time since last request: 0.000030 seconds.
  path: Assets/Mat/Morgue Room PBR/Models/props/Materials/level_objects2_Metallic.tga
  artifactKey: Guid(fe5a1e237d6341c4689e4ea5158801ee) Importer(815301076,1909f56bfc062723c751e8b465ee728b)
Start importing Assets/Mat/Morgue Room PBR/Models/props/Materials/level_objects2_Metallic.tga using Guid(fe5a1e237d6341c4689e4ea5158801ee) Importer(815301076,1909f56bfc062723c751e8b465ee728b)  -> (artifact id: 'aec5c2821c7dda417aebad69b21522c7') in 0.047921 seconds 
========================================================================
Received Import Request.
  Time since last request: 0.000067 seconds.
  path: Assets/Mat/Morgue Room PBR/Models/props/Materials/shelf_normal.tga
  artifactKey: Guid(2279c92e6a36b79478a44e8646e3c3ab) Importer(815301076,1909f56bfc062723c751e8b465ee728b)
Start importing Assets/Mat/Morgue Room PBR/Models/props/Materials/shelf_normal.tga using Guid(2279c92e6a36b79478a44e8646e3c3ab) Importer(815301076,1909f56bfc062723c751e8b465ee728b)  -> (artifact id: '0decdcc5e18a35cd0b811dc10a4af912') in 0.024761 seconds 
========================================================================
Received Import Request.
  Time since last request: 0.000043 seconds.
  path: Assets/Mat/Morgue Room PBR/Models/props/Materials/desk_lamp_normals.tga
  artifactKey: Guid(198f17e25dc346e45a4dc9098ed0f7ce) Importer(815301076,1909f56bfc062723c751e8b465ee728b)
Start importing Assets/Mat/Morgue Room PBR/Models/props/Materials/desk_lamp_normals.tga using Guid(198f17e25dc346e45a4dc9098ed0f7ce) Importer(815301076,1909f56bfc062723c751e8b465ee728b)  -> (artifact id: '78ecfe43596bf0a67f7925d73bee1425') in 0.037953 seconds 
========================================================================
Received Import Request.
  Time since last request: 0.000038 seconds.
  path: Assets/Mat/Morgue Room PBR/Models/props/Materials/corpse_drawers_normal.tga
  artifactKey: Guid(578711c8c4244644898778d6fd5294f6) Importer(815301076,1909f56bfc062723c751e8b465ee728b)
Start importing Assets/Mat/Morgue Room PBR/Models/props/Materials/corpse_drawers_normal.tga using Guid(578711c8c4244644898778d6fd5294f6) Importer(815301076,1909f56bfc062723c751e8b465ee728b)  -> (artifact id: '5c44685a6ab37585a0ab16a16d111d1a') in 0.055574 seconds 
========================================================================
Received Import Request.
  Time since last request: 0.000034 seconds.
  path: Assets/Mat/Morgue Room PBR/Models/props/Materials/desk_chair_mat.mat
  artifactKey: Guid(c5f6f45600c50db4381a809da4859f9e) Importer(815301076,1909f56bfc062723c751e8b465ee728b)
Start importing Assets/Mat/Morgue Room PBR/Models/props/Materials/desk_chair_mat.mat using Guid(c5f6f45600c50db4381a809da4859f9e) Importer(815301076,1909f56bfc062723c751e8b465ee728b)  -> (artifact id: 'e6c0876d281825cfbc4b83182cc4308b') in 0.110310 seconds 
========================================================================
Received Import Request.
  Time since last request: 0.000117 seconds.
  path: Assets/Mat/Morgue Room PBR/Models/props/Materials/corpse_drawers_metallic.tga
  artifactKey: Guid(b979e47d9f233464b999d5c030b5f15c) Importer(815301076,1909f56bfc062723c751e8b465ee728b)
Start importing Assets/Mat/Morgue Room PBR/Models/props/Materials/corpse_drawers_metallic.tga using Guid(b979e47d9f233464b999d5c030b5f15c) Importer(815301076,1909f56bfc062723c751e8b465ee728b)  -> (artifact id: '2a7d15a4746a2675857a60548465dfd2') in 0.035824 seconds 
========================================================================
Received Import Request.
  Time since last request: 0.000045 seconds.
  path: Assets/Mat/Morgue Room PBR/Models/props/Materials/glass_jar_mat.mat
  artifactKey: Guid(0a55260e7bd4a3340940f01c15e730c5) Importer(815301076,1909f56bfc062723c751e8b465ee728b)
Start importing Assets/Mat/Morgue Room PBR/Models/props/Materials/glass_jar_mat.mat using Guid(0a55260e7bd4a3340940f01c15e730c5) Importer(815301076,1909f56bfc062723c751e8b465ee728b)  -> (artifact id: 'd1bec359ac68753ea85a9d5bbd03de17') in 0.274958 seconds 
========================================================================
Received Import Request.
  Time since last request: 0.000049 seconds.
  path: Assets/Mat/Morgue Room PBR/Models/props/Materials/organs_height.tga
  artifactKey: Guid(6f9fe947faab17e4293ed162150ec72e) Importer(815301076,1909f56bfc062723c751e8b465ee728b)
Start importing Assets/Mat/Morgue Room PBR/Models/props/Materials/organs_height.tga using Guid(6f9fe947faab17e4293ed162150ec72e) Importer(815301076,1909f56bfc062723c751e8b465ee728b)  -> (artifact id: 'faa5e84fef9b46cc252a6a3bb39ac91f') in 0.030741 seconds 
========================================================================
Received Import Request.
  Time since last request: 0.000066 seconds.
  path: Assets/Mat/Morgue Room PBR/Models/props/Materials/glass_jar_diffuse.tga
  artifactKey: Guid(910a77057274fc245bb1cd9da42b0cee) Importer(815301076,1909f56bfc062723c751e8b465ee728b)
Start importing Assets/Mat/Morgue Room PBR/Models/props/Materials/glass_jar_diffuse.tga using Guid(910a77057274fc245bb1cd9da42b0cee) Importer(815301076,1909f56bfc062723c751e8b465ee728b)  -> (artifact id: '26f31fd84f60cc8f9152f62a15b2d347') in 0.025540 seconds 
========================================================================
Received Import Request.
  Time since last request: 0.000041 seconds.
  path: Assets/Mat/Morgue Room PBR/Models/props/Materials/table_trash_mat.mat
  artifactKey: Guid(b193d7fcb79286748a37c78e852d27e3) Importer(815301076,1909f56bfc062723c751e8b465ee728b)
Start importing Assets/Mat/Morgue Room PBR/Models/props/Materials/table_trash_mat.mat using Guid(b193d7fcb79286748a37c78e852d27e3) Importer(815301076,1909f56bfc062723c751e8b465ee728b)  -> (artifact id: 'bb4cfe44366608ca06209cb261cd2908') in 0.083399 seconds 
========================================================================
Received Import Request.
  Time since last request: 0.000033 seconds.
  path: Assets/Mat/Morgue Room PBR/Models/props/Materials/photo_frame_mat.mat
  artifactKey: Guid(ecb85e068fd28d844992048125e452de) Importer(815301076,1909f56bfc062723c751e8b465ee728b)
Start importing Assets/Mat/Morgue Room PBR/Models/props/Materials/photo_frame_mat.mat using Guid(ecb85e068fd28d844992048125e452de) Importer(815301076,1909f56bfc062723c751e8b465ee728b)  -> (artifact id: '60e6f748163d75c2941a794d8f4b9e6f') in 0.064512 seconds 
========================================================================
Received Import Request.
  Time since last request: 0.000031 seconds.
  path: Assets/Mat/Morgue Room PBR/Models/props/Materials/shelf_metallic.tga
  artifactKey: Guid(ffad95a2eafa81d4d86c6ef4aedf17e8) Importer(815301076,1909f56bfc062723c751e8b465ee728b)
Start importing Assets/Mat/Morgue Room PBR/Models/props/Materials/shelf_metallic.tga using Guid(ffad95a2eafa81d4d86c6ef4aedf17e8) Importer(815301076,1909f56bfc062723c751e8b465ee728b)  -> (artifact id: 'dd2e52dd5cf5285d34c33ba90615e2aa') in 0.016833 seconds 
========================================================================
Received Import Request.
  Time since last request: 0.000023 seconds.
  path: Assets/Mat/Morgue Room PBR/Models/props/Materials/level_objects2_normal.tga
  artifactKey: Guid(df399f550d1662a4cbe40046dbc18ca3) Importer(815301076,1909f56bfc062723c751e8b465ee728b)
Start importing Assets/Mat/Morgue Room PBR/Models/props/Materials/level_objects2_normal.tga using Guid(df399f550d1662a4cbe40046dbc18ca3) Importer(815301076,1909f56bfc062723c751e8b465ee728b)  -> (artifact id: '56a42694ce957b2b41dfcb8cf42c7713') in 0.044043 seconds 
========================================================================
Received Import Request.
  Time since last request: 0.000061 seconds.
  path: Assets/Mat/Morgue Room PBR/Models/props/Materials/level_objects_albedo.tga
  artifactKey: Guid(18ac839bee917ec46a1da07f5ff7b185) Importer(815301076,1909f56bfc062723c751e8b465ee728b)
Start importing Assets/Mat/Morgue Room PBR/Models/props/Materials/level_objects_albedo.tga using Guid(18ac839bee917ec46a1da07f5ff7b185) Importer(815301076,1909f56bfc062723c751e8b465ee728b)  -> (artifact id: '65c319de60e5b336f77fd05527ae3a8b') in 0.021264 seconds 
========================================================================
Received Import Request.
  Time since last request: 0.000140 seconds.
  path: Assets/Mat/Morgue Room PBR/Models/props/Materials/notebook_albedo.tga
  artifactKey: Guid(13137bc36e17d2141915f1e8f39f0ec3) Importer(815301076,1909f56bfc062723c751e8b465ee728b)
Start importing Assets/Mat/Morgue Room PBR/Models/props/Materials/notebook_albedo.tga using Guid(13137bc36e17d2141915f1e8f39f0ec3) Importer(815301076,1909f56bfc062723c751e8b465ee728b)  -> (artifact id: 'b8b08abed7d62a37a2973527c21647bf') in 0.026132 seconds 
========================================================================
Received Import Request.
  Time since last request: 0.000032 seconds.
  path: Assets/Mat/Morgue Room PBR/Models/props/Materials/photo_frame_basecolor.tga
  artifactKey: Guid(366562de2a5444541a0973b1ed054fb0) Importer(815301076,1909f56bfc062723c751e8b465ee728b)
Start importing Assets/Mat/Morgue Room PBR/Models/props/Materials/photo_frame_basecolor.tga using Guid(366562de2a5444541a0973b1ed054fb0) Importer(815301076,1909f56bfc062723c751e8b465ee728b)  -> (artifact id: 'e550612ae3af3990524e7481ceb327a2') in 0.030738 seconds 
========================================================================
Received Import Request.
  Time since last request: 0.000019 seconds.
  path: Assets/Mat/Morgue Room PBR/Models/props/Materials/corpse_drawers_basecolor.tga
  artifactKey: Guid(c59de40ae3f07db4fb1820532bd2545c) Importer(815301076,1909f56bfc062723c751e8b465ee728b)
Start importing Assets/Mat/Morgue Room PBR/Models/props/Materials/corpse_drawers_basecolor.tga using Guid(c59de40ae3f07db4fb1820532bd2545c) Importer(815301076,1909f56bfc062723c751e8b465ee728b)  -> (artifact id: 'dd3ea918cfd37d09c50a24f6f0238c75') in 0.076433 seconds 
========================================================================
Received Import Request.
  Time since last request: 0.000042 seconds.
  path: Assets/Mat/Morgue Room PBR/Models/props/Materials/notebook_specular.tga
  artifactKey: Guid(23edaeb0fb9e5cd45bf55d715be41d5c) Importer(815301076,1909f56bfc062723c751e8b465ee728b)
Start importing Assets/Mat/Morgue Room PBR/Models/props/Materials/notebook_specular.tga using Guid(23edaeb0fb9e5cd45bf55d715be41d5c) Importer(815301076,1909f56bfc062723c751e8b465ee728b)  -> (artifact id: '5bd86ed1852ea8df146a2a9b8dec785d') in 0.019289 seconds 
========================================================================
Received Import Request.
  Time since last request: 137.702625 seconds.
  path: Assets/Mat/Morgue Room PBR/Models/props/Materials/autopsy_table_basecolor.tga
  artifactKey: Guid(700c1b12da023fc43ab7879fe48274e5) Importer(815301076,1909f56bfc062723c751e8b465ee728b)
Start importing Assets/Mat/Morgue Room PBR/Models/props/Materials/autopsy_table_basecolor.tga using Guid(700c1b12da023fc43ab7879fe48274e5) Importer(815301076,1909f56bfc062723c751e8b465ee728b)  -> (artifact id: 'cf4f0d42b9173347f7e5f7af816c5c70') in 0.023713 seconds 
========================================================================
Received Import Request.
  Time since last request: 0.000038 seconds.
  path: Assets/Mat/Morgue Room PBR/Models/props/Materials/table_trash_normal.tga
  artifactKey: Guid(e4e42d08d31919748b5a99ba2b83a20d) Importer(815301076,1909f56bfc062723c751e8b465ee728b)
Start importing Assets/Mat/Morgue Room PBR/Models/props/Materials/table_trash_normal.tga using Guid(e4e42d08d31919748b5a99ba2b83a20d) Importer(815301076,1909f56bfc062723c751e8b465ee728b)  -> (artifact id: 'f9b5a41fdbf81fcdcd33f382708c08d8') in 0.027392 seconds 
========================================================================
Received Import Request.
  Time since last request: 0.000040 seconds.
  path: Assets/Mat/Morgue Room PBR/Models/props/Materials/glass_jar_normal.tga
  artifactKey: Guid(ed660cd62614ca14582d9e874e5c9920) Importer(815301076,1909f56bfc062723c751e8b465ee728b)
Start importing Assets/Mat/Morgue Room PBR/Models/props/Materials/glass_jar_normal.tga using Guid(ed660cd62614ca14582d9e874e5c9920) Importer(815301076,1909f56bfc062723c751e8b465ee728b)  -> (artifact id: '486181cebb8fd2984126a4550416be40') in 0.012434 seconds 
========================================================================
Received Import Request.
  Time since last request: 0.000021 seconds.
  path: Assets/Mat/Morgue Room PBR/Models/props/Materials/metal_sink.mat
  artifactKey: Guid(68efabf25c070794bb02554cc4d94b12) Importer(815301076,1909f56bfc062723c751e8b465ee728b)
Start importing Assets/Mat/Morgue Room PBR/Models/props/Materials/metal_sink.mat using Guid(68efabf25c070794bb02554cc4d94b12) Importer(815301076,1909f56bfc062723c751e8b465ee728b)  -> (artifact id: '8ef7a4d17c5805f4195379ef75ca0471') in 0.033029 seconds 
========================================================================
Received Import Request.
  Time since last request: 0.000036 seconds.
  path: Assets/Mat/Morgue Room PBR/Models/props/Materials/level_objects_mat.mat
  artifactKey: Guid(954c2e2b0b67a774481b80bb15a5a854) Importer(815301076,1909f56bfc062723c751e8b465ee728b)
Start importing Assets/Mat/Morgue Room PBR/Models/props/Materials/level_objects_mat.mat using Guid(954c2e2b0b67a774481b80bb15a5a854) Importer(815301076,1909f56bfc062723c751e8b465ee728b)  -> (artifact id: '67c77853876d1aaf10fec9d281c06e5a') in 0.027361 seconds 
========================================================================
Received Import Request.
  Time since last request: 0.000049 seconds.
  path: Assets/Mat/Morgue Room PBR/Models/props/Materials/photo_frame_normal.tga
  artifactKey: Guid(586ff35a6113cb1458714419c6b8d72d) Importer(815301076,1909f56bfc062723c751e8b465ee728b)
Start importing Assets/Mat/Morgue Room PBR/Models/props/Materials/photo_frame_normal.tga using Guid(586ff35a6113cb1458714419c6b8d72d) Importer(815301076,1909f56bfc062723c751e8b465ee728b)  -> (artifact id: 'de60f72ad8f7800fc1cf450f3ee73f5e') in 0.017325 seconds 
========================================================================
Received Import Request.
  Time since last request: 0.000036 seconds.
  path: Assets/Mat/Morgue Room PBR/Models/props/Materials/autopsy_table_normal.tga
  artifactKey: Guid(e4190e4e68c7ba743b8aa014e5ddf078) Importer(815301076,1909f56bfc062723c751e8b465ee728b)
Start importing Assets/Mat/Morgue Room PBR/Models/props/Materials/autopsy_table_normal.tga using Guid(e4190e4e68c7ba743b8aa014e5ddf078) Importer(815301076,1909f56bfc062723c751e8b465ee728b)  -> (artifact id: 'f89ac7ad8a42373f78cf8386c26c8c5a') in 0.025802 seconds 
========================================================================
Received Import Request.
  Time since last request: 0.000033 seconds.
  path: Assets/Mat/Morgue Room PBR/Models/props/Materials/notebook_normal.tga
  artifactKey: Guid(83c4095f138ee4149a2cde09c5627c8c) Importer(815301076,1909f56bfc062723c751e8b465ee728b)
Start importing Assets/Mat/Morgue Room PBR/Models/props/Materials/notebook_normal.tga using Guid(83c4095f138ee4149a2cde09c5627c8c) Importer(815301076,1909f56bfc062723c751e8b465ee728b)  -> (artifact id: 'b1dbd005e1a37964b27a5a6415aac1a2') in 0.018801 seconds 
========================================================================
Received Import Request.
  Time since last request: 0.000027 seconds.
  path: Assets/Mat/Morgue Room PBR/Models/props/Materials/desk_chair_albedo.tga
  artifactKey: Guid(f89418563dad5f0418045a7b12c7ae22) Importer(815301076,1909f56bfc062723c751e8b465ee728b)
Start importing Assets/Mat/Morgue Room PBR/Models/props/Materials/desk_chair_albedo.tga using Guid(f89418563dad5f0418045a7b12c7ae22) Importer(815301076,1909f56bfc062723c751e8b465ee728b)  -> (artifact id: '732dd11950b512a409495d13ec97ab83') in 0.021389 seconds 
========================================================================
Received Import Request.
  Time since last request: 0.000034 seconds.
  path: Assets/Mat/Morgue Room PBR/Models/props/Materials/level_objects2_Metallic.tga
  artifactKey: Guid(fe5a1e237d6341c4689e4ea5158801ee) Importer(815301076,1909f56bfc062723c751e8b465ee728b)
Start importing Assets/Mat/Morgue Room PBR/Models/props/Materials/level_objects2_Metallic.tga using Guid(fe5a1e237d6341c4689e4ea5158801ee) Importer(815301076,1909f56bfc062723c751e8b465ee728b)  -> (artifact id: '87ece3b82ae7b10f0d9f65357914aebb') in 0.017751 seconds 
========================================================================
Received Import Request.
  Time since last request: 0.000045 seconds.
  path: Assets/Mat/Morgue Room PBR/Models/props/Materials/desk_lamp_normals.tga
  artifactKey: Guid(198f17e25dc346e45a4dc9098ed0f7ce) Importer(815301076,1909f56bfc062723c751e8b465ee728b)
Start importing Assets/Mat/Morgue Room PBR/Models/props/Materials/desk_lamp_normals.tga using Guid(198f17e25dc346e45a4dc9098ed0f7ce) Importer(815301076,1909f56bfc062723c751e8b465ee728b)  -> (artifact id: '621af7bcb1e619b11d6ac15ad1f764fb') in 0.021454 seconds 
========================================================================
Received Import Request.
  Time since last request: 0.000033 seconds.
  path: Assets/Mat/Morgue Room PBR/Models/props/Materials/corpse_drawers_normal.tga
  artifactKey: Guid(578711c8c4244644898778d6fd5294f6) Importer(815301076,1909f56bfc062723c751e8b465ee728b)
Start importing Assets/Mat/Morgue Room PBR/Models/props/Materials/corpse_drawers_normal.tga using Guid(578711c8c4244644898778d6fd5294f6) Importer(815301076,1909f56bfc062723c751e8b465ee728b)  -> (artifact id: '33769630f709be4ac603201682169610') in 0.019468 seconds 
========================================================================
Received Import Request.
  Time since last request: 0.000039 seconds.
  path: Assets/Mat/Morgue Room PBR/Models/props/Materials/photo_frame_metallic.tga
  artifactKey: Guid(37382bd910e06cf40b366f635cbae207) Importer(815301076,1909f56bfc062723c751e8b465ee728b)
Start importing Assets/Mat/Morgue Room PBR/Models/props/Materials/photo_frame_metallic.tga using Guid(37382bd910e06cf40b366f635cbae207) Importer(815301076,1909f56bfc062723c751e8b465ee728b)  -> (artifact id: '6a0c9b3cc441a3412757c3920ed0606c') in 0.019620 seconds 
========================================================================
Received Import Request.
  Time since last request: 0.000039 seconds.
  path: Assets/Mat/Morgue Room PBR/Models/props/Materials/table_trash_mat.mat
  artifactKey: Guid(b193d7fcb79286748a37c78e852d27e3) Importer(815301076,1909f56bfc062723c751e8b465ee728b)
Start importing Assets/Mat/Morgue Room PBR/Models/props/Materials/table_trash_mat.mat using Guid(b193d7fcb79286748a37c78e852d27e3) Importer(815301076,1909f56bfc062723c751e8b465ee728b)  -> (artifact id: '2e259ee026d4b044d1388eaae5219b98') in 0.032980 seconds 
========================================================================
Received Import Request.
  Time since last request: 0.000045 seconds.
  path: Assets/Mat/Morgue Room PBR/Models/props/Materials/corpse_drawers_metallic.tga
  artifactKey: Guid(b979e47d9f233464b999d5c030b5f15c) Importer(815301076,1909f56bfc062723c751e8b465ee728b)
Start importing Assets/Mat/Morgue Room PBR/Models/props/Materials/corpse_drawers_metallic.tga using Guid(b979e47d9f233464b999d5c030b5f15c) Importer(815301076,1909f56bfc062723c751e8b465ee728b)  -> (artifact id: '162948a7ba1844d22bf2fbb752e51cbb') in 0.014057 seconds 
========================================================================
Received Import Request.
  Time since last request: 0.000054 seconds.
  path: Assets/Mat/Morgue Room PBR/Models/props/Materials/glass_jar_mat.mat
  artifactKey: Guid(0a55260e7bd4a3340940f01c15e730c5) Importer(815301076,1909f56bfc062723c751e8b465ee728b)
Start importing Assets/Mat/Morgue Room PBR/Models/props/Materials/glass_jar_mat.mat using Guid(0a55260e7bd4a3340940f01c15e730c5) Importer(815301076,1909f56bfc062723c751e8b465ee728b)  -> (artifact id: '99066c3a586c3dba0346ebc85c9e9393') in 0.042327 seconds 
========================================================================
Received Import Request.
  Time since last request: 0.000029 seconds.
  path: Assets/Mat/Morgue Room PBR/Models/props/Materials/desk_lamp_albedo.tga
  artifactKey: Guid(0400587b1ea1a914cb599d12f276960c) Importer(815301076,1909f56bfc062723c751e8b465ee728b)
Start importing Assets/Mat/Morgue Room PBR/Models/props/Materials/desk_lamp_albedo.tga using Guid(0400587b1ea1a914cb599d12f276960c) Importer(815301076,1909f56bfc062723c751e8b465ee728b)  -> (artifact id: '725537b228a4bfee95db7bb6c7349abe') in 0.014740 seconds 
========================================================================
Received Import Request.
  Time since last request: 0.000036 seconds.
  path: Assets/Mat/Morgue Room PBR/Models/props/Materials/table_trash_albedo.tga
  artifactKey: Guid(9e1e2d148d1701e4cb4231be8bbbb993) Importer(815301076,1909f56bfc062723c751e8b465ee728b)
Start importing Assets/Mat/Morgue Room PBR/Models/props/Materials/table_trash_albedo.tga using Guid(9e1e2d148d1701e4cb4231be8bbbb993) Importer(815301076,1909f56bfc062723c751e8b465ee728b)  -> (artifact id: '1d1cf688fc4c8d66dfb7081400941fe7') in 0.021241 seconds 
========================================================================
Received Import Request.
  Time since last request: 0.000039 seconds.
  path: Assets/Mat/Morgue Room PBR/Models/props/Materials/cabinet_mat.mat
  artifactKey: Guid(3ec2f26672b3d494fab094a9151488d9) Importer(815301076,1909f56bfc062723c751e8b465ee728b)
Start importing Assets/Mat/Morgue Room PBR/Models/props/Materials/cabinet_mat.mat using Guid(3ec2f26672b3d494fab094a9151488d9) Importer(815301076,1909f56bfc062723c751e8b465ee728b)  -> (artifact id: 'f1152d0a039adfc71294b3d3df1093c0') in 0.035291 seconds 
========================================================================
Received Import Request.
  Time since last request: 0.000027 seconds.
  path: Assets/Mat/Morgue Room PBR/Models/props/Materials/desk_chair_metallic.tga
  artifactKey: Guid(3bfdcdbb9f85c3242a543a3be3b9e91a) Importer(815301076,1909f56bfc062723c751e8b465ee728b)
Start importing Assets/Mat/Morgue Room PBR/Models/props/Materials/desk_chair_metallic.tga using Guid(3bfdcdbb9f85c3242a543a3be3b9e91a) Importer(815301076,1909f56bfc062723c751e8b465ee728b)  -> (artifact id: '1a87ba2b9bca3c10aca1db984682cc23') in 0.018246 seconds 
========================================================================
Received Import Request.
  Time since last request: 0.000026 seconds.
  path: Assets/Mat/Morgue Room PBR/Models/props/Materials/metal_sink_normal.tga
  artifactKey: Guid(7c1e820a47d902d48afe9bf3216449be) Importer(815301076,1909f56bfc062723c751e8b465ee728b)
Start importing Assets/Mat/Morgue Room PBR/Models/props/Materials/metal_sink_normal.tga using Guid(7c1e820a47d902d48afe9bf3216449be) Importer(815301076,1909f56bfc062723c751e8b465ee728b)  -> (artifact id: 'f44fa222b335aaebadca903240e97787') in 0.012183 seconds 
========================================================================
Received Import Request.
  Time since last request: 0.000029 seconds.
  path: Assets/Mat/Morgue Room PBR/Models/props/Materials/cabinet_albedo.tga
  artifactKey: Guid(c706b399fa5c2c543a86950d234a3a79) Importer(815301076,1909f56bfc062723c751e8b465ee728b)
Start importing Assets/Mat/Morgue Room PBR/Models/props/Materials/cabinet_albedo.tga using Guid(c706b399fa5c2c543a86950d234a3a79) Importer(815301076,1909f56bfc062723c751e8b465ee728b)  -> (artifact id: '84727422d3cc2544fb2577c256bb8f40') in 0.021865 seconds 
========================================================================
Received Import Request.
  Time since last request: 0.000038 seconds.
  path: Assets/Mat/Morgue Room PBR/Models/props/Materials/organs_albedo.tga
  artifactKey: Guid(f9a21054c4a9bde458c47912252c6e80) Importer(815301076,1909f56bfc062723c751e8b465ee728b)
Start importing Assets/Mat/Morgue Room PBR/Models/props/Materials/organs_albedo.tga using Guid(f9a21054c4a9bde458c47912252c6e80) Importer(815301076,1909f56bfc062723c751e8b465ee728b)  -> (artifact id: '358004b43b1165f58ef9c56129159361') in 0.018523 seconds 
========================================================================
Received Import Request.
  Time since last request: 0.000049 seconds.
  path: Assets/Mat/Morgue Room PBR/Models/props/Materials/metal_sink_metallic.tga
  artifactKey: Guid(aa1f4e97363963c408caa7b88c74e8fd) Importer(815301076,1909f56bfc062723c751e8b465ee728b)
Start importing Assets/Mat/Morgue Room PBR/Models/props/Materials/metal_sink_metallic.tga using Guid(aa1f4e97363963c408caa7b88c74e8fd) Importer(815301076,1909f56bfc062723c751e8b465ee728b)  -> (artifact id: 'e90e5b3f0fcaf5e0cbafe8aa2661167d') in 0.018443 seconds 
========================================================================
Received Import Request.
  Time since last request: 0.000029 seconds.
  path: Assets/Mat/Morgue Room PBR/Models/props/Materials/photo_frame_mat.mat
  artifactKey: Guid(ecb85e068fd28d844992048125e452de) Importer(815301076,1909f56bfc062723c751e8b465ee728b)
Start importing Assets/Mat/Morgue Room PBR/Models/props/Materials/photo_frame_mat.mat using Guid(ecb85e068fd28d844992048125e452de) Importer(815301076,1909f56bfc062723c751e8b465ee728b)  -> (artifact id: '93ec41575b32620ddb58b9e13665101c') in 0.030485 seconds 
========================================================================
Received Import Request.
  Time since last request: 0.000043 seconds.
  path: Assets/Mat/Morgue Room PBR/Models/props/Materials/shelf_metallic.tga
  artifactKey: Guid(ffad95a2eafa81d4d86c6ef4aedf17e8) Importer(815301076,1909f56bfc062723c751e8b465ee728b)
Start importing Assets/Mat/Morgue Room PBR/Models/props/Materials/shelf_metallic.tga using Guid(ffad95a2eafa81d4d86c6ef4aedf17e8) Importer(815301076,1909f56bfc062723c751e8b465ee728b)  -> (artifact id: '74e88f7e07b676d925590e60d072de70') in 0.012434 seconds 
========================================================================
Received Import Request.
  Time since last request: 0.000054 seconds.
  path: Assets/Mat/Morgue Room PBR/Models/props/Materials/level_objects2_AO.tga
  artifactKey: Guid(474e7dbec89660d46a649942304d21b7) Importer(815301076,1909f56bfc062723c751e8b465ee728b)
Start importing Assets/Mat/Morgue Room PBR/Models/props/Materials/level_objects2_AO.tga using Guid(474e7dbec89660d46a649942304d21b7) Importer(815301076,1909f56bfc062723c751e8b465ee728b)  -> (artifact id: '17110030ba32b229a4b7f6c5cb83701f') in 0.017491 seconds 
========================================================================
Received Import Request.
  Time since last request: 0.000025 seconds.
  path: Assets/Mat/Morgue Room PBR/Models/props/Materials/level_objects_albedo.tga
  artifactKey: Guid(18ac839bee917ec46a1da07f5ff7b185) Importer(815301076,1909f56bfc062723c751e8b465ee728b)
Start importing Assets/Mat/Morgue Room PBR/Models/props/Materials/level_objects_albedo.tga using Guid(18ac839bee917ec46a1da07f5ff7b185) Importer(815301076,1909f56bfc062723c751e8b465ee728b)  -> (artifact id: 'c02aa2145d4f67fd9afbf7e74bba5988') in 0.015269 seconds 
========================================================================
Received Import Request.
  Time since last request: 0.000053 seconds.
  path: Assets/Mat/Morgue Room PBR/Models/props/Materials/metal_sink_basecolor.tga
  artifactKey: Guid(a4a2746863dcd8844a3725ebc32c184a) Importer(815301076,1909f56bfc062723c751e8b465ee728b)
Start importing Assets/Mat/Morgue Room PBR/Models/props/Materials/metal_sink_basecolor.tga using Guid(a4a2746863dcd8844a3725ebc32c184a) Importer(815301076,1909f56bfc062723c751e8b465ee728b)  -> (artifact id: '516af6bed2901e1222bcddf4fd14edb3') in 0.018417 seconds 
========================================================================
Received Import Request.
  Time since last request: 0.000021 seconds.
  path: Assets/Mat/Morgue Room PBR/Models/props/Materials/level_objects_emissive.tga
  artifactKey: Guid(0f0675eb1cc579c4abeb3d41b8a54d04) Importer(815301076,1909f56bfc062723c751e8b465ee728b)
Start importing Assets/Mat/Morgue Room PBR/Models/props/Materials/level_objects_emissive.tga using Guid(0f0675eb1cc579c4abeb3d41b8a54d04) Importer(815301076,1909f56bfc062723c751e8b465ee728b)  -> (artifact id: '62245b0cf458e8ed38bc1c3bec18360b') in 0.015585 seconds 
========================================================================
Received Import Request.
  Time since last request: 0.000037 seconds.
  path: Assets/Mat/Morgue Room PBR/Models/props/Materials/desk_lamp_specularsetup.tga
  artifactKey: Guid(dff1130b9dcab3c4fade3cb920e94d5f) Importer(815301076,1909f56bfc062723c751e8b465ee728b)
Start importing Assets/Mat/Morgue Room PBR/Models/props/Materials/desk_lamp_specularsetup.tga using Guid(dff1130b9dcab3c4fade3cb920e94d5f) Importer(815301076,1909f56bfc062723c751e8b465ee728b)  -> (artifact id: 'af2a0b0bf10b5b248703723cd270f738') in 0.019223 seconds 
========================================================================
Received Import Request.
  Time since last request: 0.000031 seconds.
  path: Assets/Mat/Morgue Room PBR/Models/props/Materials/photo_frame_basecolor.tga
  artifactKey: Guid(366562de2a5444541a0973b1ed054fb0) Importer(815301076,1909f56bfc062723c751e8b465ee728b)
Start importing Assets/Mat/Morgue Room PBR/Models/props/Materials/photo_frame_basecolor.tga using Guid(366562de2a5444541a0973b1ed054fb0) Importer(815301076,1909f56bfc062723c751e8b465ee728b)  -> (artifact id: 'c1e05afa837f646e63a9152930b83d54') in 0.015238 seconds 
========================================================================
Received Import Request.
  Time since last request: 0.000025 seconds.
  path: Assets/Mat/Morgue Room PBR/Models/props/Materials/level_objects_metallic.tga
  artifactKey: Guid(b3994c2120bb36f48a8aa09ffa8724b7) Importer(815301076,1909f56bfc062723c751e8b465ee728b)
Start importing Assets/Mat/Morgue Room PBR/Models/props/Materials/level_objects_metallic.tga using Guid(b3994c2120bb36f48a8aa09ffa8724b7) Importer(815301076,1909f56bfc062723c751e8b465ee728b)  -> (artifact id: 'df969a8bf492788d96ffbf93bcf33329') in 0.022089 seconds 
========================================================================
Received Import Request.
  Time since last request: 0.000045 seconds.
  path: Assets/Mat/Morgue Room PBR/Models/props/Materials/cabinet_AO.tga
  artifactKey: Guid(a5dbee595f707e746af1eb24df596222) Importer(815301076,1909f56bfc062723c751e8b465ee728b)
Start importing Assets/Mat/Morgue Room PBR/Models/props/Materials/cabinet_AO.tga using Guid(a5dbee595f707e746af1eb24df596222) Importer(815301076,1909f56bfc062723c751e8b465ee728b)  -> (artifact id: '8cf56759789f58496fc51b3981dc361d') in 0.015293 seconds 
========================================================================
Received Import Request.
  Time since last request: 41.729530 seconds.
  path: Assets/Mat/Towers_PBR/Metal_Tower/Metal_Tower_Textures
  artifactKey: Guid(31422ac6045339944bf6ed37b957ffd2) Importer(815301076,1909f56bfc062723c751e8b465ee728b)
Start importing Assets/Mat/Towers_PBR/Metal_Tower/Metal_Tower_Textures using Guid(31422ac6045339944bf6ed37b957ffd2) Importer(815301076,1909f56bfc062723c751e8b465ee728b)  -> (artifact id: '9a71367b8eed46bf48b7a7abfd5a1a9a') in 0.618840 seconds 
========================================================================
Received Import Request.
  Time since last request: 3.198155 seconds.
  path: Assets/Mat/Towers_PBR/Prefabs/Tower_Stone.prefab
  artifactKey: Guid(50d7a290120846f43b52df9e868e7890) Importer(815301076,1909f56bfc062723c751e8b465ee728b)
Start importing Assets/Mat/Towers_PBR/Prefabs/Tower_Stone.prefab using Guid(50d7a290120846f43b52df9e868e7890) Importer(815301076,1909f56bfc062723c751e8b465ee728b)  -> (artifact id: '5aee3e46ec01c94450bf46324d1b546a') in 0.910805 seconds 
========================================================================
Received Import Request.
  Time since last request: 3.463371 seconds.
  path: Assets/Mat/Towers_PBR/Skybox/Sky_01Day/1_DN.png
  artifactKey: Guid(347b0fa4268fc6b45be4ab6a562e7a80) Importer(815301076,1909f56bfc062723c751e8b465ee728b)
Start importing Assets/Mat/Towers_PBR/Skybox/Sky_01Day/1_DN.png using Guid(347b0fa4268fc6b45be4ab6a562e7a80) Importer(815301076,1909f56bfc062723c751e8b465ee728b)  -> (artifact id: 'aefcaddc5fcdbbe730d6b77a29f25676') in 0.268948 seconds 
========================================================================
Received Import Request.
  Time since last request: 0.000024 seconds.
  path: Assets/Mat/Towers_PBR/Skybox/Sky_01Day/Sky_01Day.mat
  artifactKey: Guid(e36de5cbadf33c14c8fb3e4f79c93caa) Importer(815301076,1909f56bfc062723c751e8b465ee728b)
Start importing Assets/Mat/Towers_PBR/Skybox/Sky_01Day/Sky_01Day.mat using Guid(e36de5cbadf33c14c8fb3e4f79c93caa) Importer(815301076,1909f56bfc062723c751e8b465ee728b)  -> (artifact id: '57d5ca7dd445ea294bcbd0699ca16a67') in 0.411263 seconds 
========================================================================
Received Import Request.
  Time since last request: 13.181252 seconds.
  path: Assets/Mat/Towers_PBR/Wooden_Tower/Materials/Wooden_Tower_02.mat
  artifactKey: Guid(4ef9cd3e6811fc946a25c7654f4793f9) Importer(815301076,1909f56bfc062723c751e8b465ee728b)
Start importing Assets/Mat/Towers_PBR/Wooden_Tower/Materials/Wooden_Tower_02.mat using Guid(4ef9cd3e6811fc946a25c7654f4793f9) Importer(815301076,1909f56bfc062723c751e8b465ee728b)  -> (artifact id: 'f43b7ea57f1827beb86b05ec8442f2f1') in 0.726301 seconds 
========================================================================
Received Import Request.
  Time since last request: 2.595132 seconds.
  path: Assets/Mat/Towers_PBR/Ground/Ground.mat
  artifactKey: Guid(5d95f61ade281ba4a8e5b528cbd81ddb) Importer(815301076,1909f56bfc062723c751e8b465ee728b)
Start importing Assets/Mat/Towers_PBR/Ground/Ground.mat using Guid(5d95f61ade281ba4a8e5b528cbd81ddb) Importer(815301076,1909f56bfc062723c751e8b465ee728b)  -> (artifact id: '50130017a8341d52ff024b91f423736a') in 0.218556 seconds 
========================================================================
Received Import Request.
  Time since last request: 8.004898 seconds.
  path: Assets/Mat/Towers_PBR/Metal_Tower/Metal_Tower_Textures/Glass_N.png
  artifactKey: Guid(323a11e1dac9443408dce6774564dd3b) Importer(815301076,1909f56bfc062723c751e8b465ee728b)
Start importing Assets/Mat/Towers_PBR/Metal_Tower/Metal_Tower_Textures/Glass_N.png using Guid(323a11e1dac9443408dce6774564dd3b) Importer(815301076,1909f56bfc062723c751e8b465ee728b)  -> (artifact id: 'bd54bb40a1ce513bdedf463f40ebdb48') in 0.067237 seconds 
========================================================================
Received Import Request.
  Time since last request: 0.000027 seconds.
  path: Assets/Mat/Towers_PBR/Metal_Tower/Metal_Tower_Textures/Metal_Tower_02_N.png
  artifactKey: Guid(a656e1637c63e3147a26ceb69b970402) Importer(815301076,1909f56bfc062723c751e8b465ee728b)
Start importing Assets/Mat/Towers_PBR/Metal_Tower/Metal_Tower_Textures/Metal_Tower_02_N.png using Guid(a656e1637c63e3147a26ceb69b970402) Importer(815301076,1909f56bfc062723c751e8b465ee728b)  -> (artifact id: '9495f7105f5c31d20bd944cbdc087a9d') in 0.030122 seconds 
========================================================================
Received Import Request.
  Time since last request: 0.000034 seconds.
  path: Assets/Mat/Towers_PBR/Metal_Tower/Metal_Tower_Textures/Metal_Tower_02_M.png
  artifactKey: Guid(c75ae6abcaa2fea44b7f25be53f616a2) Importer(815301076,1909f56bfc062723c751e8b465ee728b)
Start importing Assets/Mat/Towers_PBR/Metal_Tower/Metal_Tower_Textures/Metal_Tower_02_M.png using Guid(c75ae6abcaa2fea44b7f25be53f616a2) Importer(815301076,1909f56bfc062723c751e8b465ee728b)  -> (artifact id: 'c118aef176ca78c83c4332e9ec44f7ba') in 0.030280 seconds 
========================================================================
Received Import Request.
  Time since last request: 0.000040 seconds.
  path: Assets/Mat/Towers_PBR/Metal_Tower/Metal_Tower_Textures/Metal_Tower_01_M.png
  artifactKey: Guid(c6b58d3d477feed40924dd552026b996) Importer(815301076,1909f56bfc062723c751e8b465ee728b)
Start importing Assets/Mat/Towers_PBR/Metal_Tower/Metal_Tower_Textures/Metal_Tower_01_M.png using Guid(c6b58d3d477feed40924dd552026b996) Importer(815301076,1909f56bfc062723c751e8b465ee728b)  -> (artifact id: '0cdb4e1f37d92670eadbb947c02081b6') in 0.028408 seconds 
========================================================================
Received Import Request.
  Time since last request: 0.000035 seconds.
  path: Assets/Mat/Towers_PBR/Metal_Tower/Metal_Tower_Textures/Metal_Tower_02.png
  artifactKey: Guid(057bb6477cd5d0c478a018492b3375ab) Importer(815301076,1909f56bfc062723c751e8b465ee728b)
Start importing Assets/Mat/Towers_PBR/Metal_Tower/Metal_Tower_Textures/Metal_Tower_02.png using Guid(057bb6477cd5d0c478a018492b3375ab) Importer(815301076,1909f56bfc062723c751e8b465ee728b)  -> (artifact id: '4d60549aaedea72bf4a9dccd358de2ff') in 0.025319 seconds 
========================================================================
Received Import Request.
  Time since last request: 30.537521 seconds.
  path: Assets/Mat/Towers_PBR/Metal_Tower/Metal_Tower_Textures/Glass.png
  artifactKey: Guid(106854a8ad093bf468c9f07d71fccef9) Importer(815301076,1909f56bfc062723c751e8b465ee728b)
Start importing Assets/Mat/Towers_PBR/Metal_Tower/Metal_Tower_Textures/Glass.png using Guid(106854a8ad093bf468c9f07d71fccef9) Importer(815301076,1909f56bfc062723c751e8b465ee728b)  -> (artifact id: 'a901c79293f1afc342e313af6e24a290') in 0.029628 seconds 
========================================================================
Received Import Request.
  Time since last request: 0.000034 seconds.
  path: Assets/Mat/Towers_PBR/Metal_Tower/Metal_Tower_Textures/Metal_Tower_03_N.png
  artifactKey: Guid(d1c1e5fc18438a14e9c41bf349cac439) Importer(815301076,1909f56bfc062723c751e8b465ee728b)
Start importing Assets/Mat/Towers_PBR/Metal_Tower/Metal_Tower_Textures/Metal_Tower_03_N.png using Guid(d1c1e5fc18438a14e9c41bf349cac439) Importer(815301076,1909f56bfc062723c751e8b465ee728b)  -> (artifact id: '66ece91a56132a1ab1717d43aaceafa9') in 0.026138 seconds 
========================================================================
Received Import Request.
  Time since last request: 0.000047 seconds.
  path: Assets/Mat/Towers_PBR/Metal_Tower/Metal_Tower_Textures/Metal_Tower_01.png
  artifactKey: Guid(c3b86072854e3aa45a5bf8cc93dd4540) Importer(815301076,1909f56bfc062723c751e8b465ee728b)
Start importing Assets/Mat/Towers_PBR/Metal_Tower/Metal_Tower_Textures/Metal_Tower_01.png using Guid(c3b86072854e3aa45a5bf8cc93dd4540) Importer(815301076,1909f56bfc062723c751e8b465ee728b)  -> (artifact id: '809dda233ae307d75d017eea948d1fa9') in 0.026287 seconds 
========================================================================
Received Import Request.
  Time since last request: 0.000048 seconds.
  path: Assets/Mat/Towers_PBR/Metal_Tower/Metal_Tower_Textures/Metal_Tower_01_N.png
  artifactKey: Guid(45cb3eb11a7e88e44877c21060102cf6) Importer(815301076,1909f56bfc062723c751e8b465ee728b)
Start importing Assets/Mat/Towers_PBR/Metal_Tower/Metal_Tower_Textures/Metal_Tower_01_N.png using Guid(45cb3eb11a7e88e44877c21060102cf6) Importer(815301076,1909f56bfc062723c751e8b465ee728b)  -> (artifact id: 'bc4837c026b21e45e6157ee4bb7ec1f5') in 0.031760 seconds 
========================================================================
Received Import Request.
  Time since last request: 0.000038 seconds.
  path: Assets/Mat/Towers_PBR/Metal_Tower/Metal_Tower_Textures/Metal_Tower_01_R.png
  artifactKey: Guid(cfaf2c74c60b9df4ebf0c8f6a04aac71) Importer(815301076,1909f56bfc062723c751e8b465ee728b)
Start importing Assets/Mat/Towers_PBR/Metal_Tower/Metal_Tower_Textures/Metal_Tower_01_R.png using Guid(cfaf2c74c60b9df4ebf0c8f6a04aac71) Importer(815301076,1909f56bfc062723c751e8b465ee728b)  -> (artifact id: 'b738ee2ecd2141714545cbd20c0d7b32') in 0.017651 seconds 
========================================================================
Received Import Request.
  Time since last request: 6.857599 seconds.
  path: Assets/Mat/Towers_PBR/Wooden_Tower/Wooden_Tower_Textures/Wooden_Tower_01_AO.png
  artifactKey: Guid(bf85a9f648c2c66479204ec650208067) Importer(815301076,1909f56bfc062723c751e8b465ee728b)
Start importing Assets/Mat/Towers_PBR/Wooden_Tower/Wooden_Tower_Textures/Wooden_Tower_01_AO.png using Guid(bf85a9f648c2c66479204ec650208067) Importer(815301076,1909f56bfc062723c751e8b465ee728b)  -> (artifact id: '16bcc5119633134e663bcca3a30370f6') in 0.026485 seconds 
========================================================================
Received Import Request.
  Time since last request: 0.000022 seconds.
  path: Assets/Mat/Towers_PBR/Wooden_Tower/Wooden_Tower_Textures/Wooden_Tower_02_M.png
  artifactKey: Guid(0a005da7e5584b1498e79fabf89d36ca) Importer(815301076,1909f56bfc062723c751e8b465ee728b)
Start importing Assets/Mat/Towers_PBR/Wooden_Tower/Wooden_Tower_Textures/Wooden_Tower_02_M.png using Guid(0a005da7e5584b1498e79fabf89d36ca) Importer(815301076,1909f56bfc062723c751e8b465ee728b)  -> (artifact id: '51b7012c972d849abc28ba81c63cb7b7') in 0.019404 seconds 
========================================================================
Received Import Request.
  Time since last request: 0.000030 seconds.
  path: Assets/Mat/Towers_PBR/Wooden_Tower/Wooden_Tower_Textures/Wooden_Tower_02.png
  artifactKey: Guid(baf5f41179cbb8d408fa9dfe75aba0a7) Importer(815301076,1909f56bfc062723c751e8b465ee728b)
Start importing Assets/Mat/Towers_PBR/Wooden_Tower/Wooden_Tower_Textures/Wooden_Tower_02.png using Guid(baf5f41179cbb8d408fa9dfe75aba0a7) Importer(815301076,1909f56bfc062723c751e8b465ee728b)  -> (artifact id: 'bc86dcdcf4b9ab615bc6d15bc5fa2476') in 0.028889 seconds 
========================================================================
Received Import Request.
  Time since last request: 16.534756 seconds.
  path: Assets/Mat/Towers_PBR/Wooden_Tower/Wooden_Tower_Textures/Wooden_Tower_01.png
  artifactKey: Guid(ac850e1f28e222a42a0aee0890e5576c) Importer(815301076,1909f56bfc062723c751e8b465ee728b)
Start importing Assets/Mat/Towers_PBR/Wooden_Tower/Wooden_Tower_Textures/Wooden_Tower_01.png using Guid(ac850e1f28e222a42a0aee0890e5576c) Importer(815301076,1909f56bfc062723c751e8b465ee728b)  -> (artifact id: '598539eaba4960443e9df9c6ad04b9a0') in 0.026123 seconds 
========================================================================
Received Import Request.
  Time since last request: 0.000054 seconds.
  path: Assets/Mat/Towers_PBR/Wooden_Tower/Wooden_Tower_Textures/Wooden_Tower_01_M.png
  artifactKey: Guid(f989e318659507344857ed05048533a4) Importer(815301076,1909f56bfc062723c751e8b465ee728b)
Start importing Assets/Mat/Towers_PBR/Wooden_Tower/Wooden_Tower_Textures/Wooden_Tower_01_M.png using Guid(f989e318659507344857ed05048533a4) Importer(815301076,1909f56bfc062723c751e8b465ee728b)  -> (artifact id: '339d8df9214c050787e41c6302ed3037') in 0.097040 seconds 
========================================================================
Received Import Request.
  Time since last request: 0.000020 seconds.
  path: Assets/Mat/Towers_PBR/Wooden_Tower/Wooden_Tower_Textures/Wooden_Tower_01_R.png
  artifactKey: Guid(ba9c148918e8ba64db1b10b7f63794a3) Importer(815301076,1909f56bfc062723c751e8b465ee728b)
Start importing Assets/Mat/Towers_PBR/Wooden_Tower/Wooden_Tower_Textures/Wooden_Tower_01_R.png using Guid(ba9c148918e8ba64db1b10b7f63794a3) Importer(815301076,1909f56bfc062723c751e8b465ee728b)  -> (artifact id: 'bfd2c8d53a4b88bca0cb83c7afe6e157') in 0.067297 seconds 
Editor requested this worker to shutdown with reason: Scaling down because of idle timeout
AssetImportWorker is now disconnected from the server
Process exiting
Exiting without the bug reporter. Application will terminate with return code 0