Using pre-set license
Built from '2021.3/staging' branch; Version is '2021.3.4f1 (cb45f9cae8b7) revision 13321721'; Using compiler version '192829333'; Build Type 'Release'
OS: 'Windows 10  (10.0.19044) 64bit Professional' Language: 'ru' Physical Memory: 16271 MB
BatchMode: 1, IsHumanControllingUs: 0, StartBugReporterOnCrash: 0, Is64bit: 1, IsPro: 1

COMMAND LINE ARGUMENTS:
D:\unun\2021.3.4f1\Editor\Unity.exe
-adb2
-batchMode
-noUpm
-name
AssetImportWorker7
-projectPath
D:/uniyi/HorrorGleb
-logFile
Logs/AssetImportWorker7.log
-srvPort
50378
Successfully changed project path to: D:/uniyi/HorrorGleb
D:/uniyi/HorrorGleb
[UnityMemory] Configuration Parameters - Can be set up in boot.config
    "memorysetup-bucket-allocator-granularity=16"
    "memorysetup-bucket-allocator-bucket-count=8"
    "memorysetup-bucket-allocator-block-size=33554432"
    "memorysetup-bucket-allocator-block-count=8"
    "memorysetup-main-allocator-block-size=16777216"
    "memorysetup-thread-allocator-block-size=16777216"
    "memorysetup-gfx-main-allocator-block-size=16777216"
    "memorysetup-gfx-thread-allocator-block-size=16777216"
    "memorysetup-cache-allocator-block-size=4194304"
    "memorysetup-typetree-allocator-block-size=2097152"
    "memorysetup-profiler-bucket-allocator-granularity=16"
    "memorysetup-profiler-bucket-allocator-bucket-count=8"
    "memorysetup-profiler-bucket-allocator-block-size=33554432"
    "memorysetup-profiler-bucket-allocator-block-count=8"
    "memorysetup-profiler-allocator-block-size=16777216"
    "memorysetup-profiler-editor-allocator-block-size=1048576"
    "memorysetup-temp-allocator-size-main=16777216"
    "memorysetup-job-temp-allocator-block-size=2097152"
    "memorysetup-job-temp-allocator-block-size-background=1048576"
    "memorysetup-job-temp-allocator-reduction-small-platforms=262144"
    "memorysetup-temp-allocator-size-background-worker=32768"
    "memorysetup-temp-allocator-size-job-worker=262144"
    "memorysetup-temp-allocator-size-preload-manager=33554432"
    "memorysetup-temp-allocator-size-nav-mesh-worker=65536"
    "memorysetup-temp-allocator-size-audio-worker=65536"
    "memorysetup-temp-allocator-size-cloud-worker=32768"
    "memorysetup-temp-allocator-size-gi-baking-worker=262144"
    "memorysetup-temp-allocator-size-gfx=262144"
Refreshing native plugins compatible for Editor in 119.74 ms, found 3 plugins.
Preloading 0 native plugins for Editor in 0.00 ms.
Initialize engine version: 2021.3.4f1 (cb45f9cae8b7)
[Subsystems] Discovering subsystems at path D:/unun/2021.3.4f1/Editor/Data/Resources/UnitySubsystems
[Subsystems] Discovering subsystems at path D:/uniyi/HorrorGleb/Assets
GfxDevice: creating device client; threaded=0; jobified=0
Direct3D:
    Version:  Direct3D 11.0 [level 11.1]
    Renderer: NVIDIA GeForce GTX 1650 (ID=0x1f0a)
    Vendor:   NVIDIA
    VRAM:     3961 MB
    Driver:   30.0.15.1295
Initialize mono
Mono path[0] = 'D:/unun/2021.3.4f1/Editor/Data/Managed'
Mono path[1] = 'D:/unun/2021.3.4f1/Editor/Data/MonoBleedingEdge/lib/mono/unityjit-win32'
Mono config path = 'D:/unun/2021.3.4f1/Editor/Data/MonoBleedingEdge/etc'
Using monoOptions --debugger-agent=transport=dt_socket,embedding=1,server=y,suspend=n,address=127.0.0.1:56712
Begin MonoManager ReloadAssembly
Registering precompiled unity dll's ...
Register platform support module: D:/unun/2021.3.4f1/Editor/Data/PlaybackEngines/WebGLSupport/UnityEditor.WebGL.Extensions.dll
Register platform support module: D:/unun/2021.3.4f1/Editor/Data/PlaybackEngines/WindowsStandaloneSupport/UnityEditor.WindowsStandalone.Extensions.dll
Register platform support module: D:/unun/2021.3.4f1/Editor/Data/PlaybackEngines/MetroSupport/UnityEditor.UWP.Extensions.dll
Registered in 0.003064 seconds.
Native extension for UWP target not found
Native extension for WindowsStandalone target not found
Native extension for WebGL target not found
Refreshing native plugins compatible for Editor in 121.85 ms, found 3 plugins.
Preloading 0 native plugins for Editor in 0.00 ms.
Mono: successfully reloaded assembly
- Completed reload, in  0.651 seconds
Domain Reload Profiling:
	ReloadAssembly (651ms)
		BeginReloadAssembly (66ms)
			ExecutionOrderSort (0ms)
			DisableScriptedObjects (0ms)
			BackupInstance (0ms)
			ReleaseScriptingObjects (0ms)
			CreateAndSetChildDomain (1ms)
		EndReloadAssembly (481ms)
			LoadAssemblies (66ms)
			RebuildTransferFunctionScriptingTraits (0ms)
			SetupTypeCache (107ms)
			ReleaseScriptCaches (0ms)
			RebuildScriptCaches (30ms)
			SetupLoadedEditorAssemblies (297ms)
				LogAssemblyErrors (0ms)
				InitializePlatformSupportModulesInManaged (9ms)
				SetLoadedEditorAssemblies (1ms)
				RefreshPlugins (122ms)
				BeforeProcessingInitializeOnLoad (1ms)
				ProcessInitializeOnLoadAttributes (120ms)
				ProcessInitializeOnLoadMethodAttributes (44ms)
				AfterProcessingInitializeOnLoad (0ms)
				EditorAssembliesLoaded (0ms)
			ExecutionOrderSort2 (0ms)
			AwakeInstancesAfterBackupRestoration (0ms)
Platform modules already initialized, skipping
Registering precompiled user dll's ...
Registered in 0.003896 seconds.
Begin MonoManager ReloadAssembly
Symbol file LoadedFromMemory doesn't match image D:\uniyi\HorrorGleb\Library\PackageCache\com.unity.visualscripting@1.7.8\Editor\VisualScripting.Core\Dependencies\YamlDotNet\Unity.VisualScripting.YamlDotNet.dll
Symbol file LoadedFromMemory doesn't match image D:\uniyi\HorrorGleb\Library\PackageCache\com.unity.visualscripting@1.7.8\Editor\VisualScripting.Core\Dependencies\DotNetZip\Unity.VisualScripting.IonicZip.dll
Native extension for UWP target not found
Native extension for WindowsStandalone target not found
Native extension for WebGL target not found
Refreshing native plugins compatible for Editor in 123.11 ms, found 3 plugins.
Preloading 0 native plugins for Editor in 0.00 ms.
Mono: successfully reloaded assembly
- Completed reload, in  1.246 seconds
Domain Reload Profiling:
	ReloadAssembly (1246ms)
		BeginReloadAssembly (108ms)
			ExecutionOrderSort (0ms)
			DisableScriptedObjects (6ms)
			BackupInstance (0ms)
			ReleaseScriptingObjects (0ms)
			CreateAndSetChildDomain (22ms)
		EndReloadAssembly (1024ms)
			LoadAssemblies (76ms)
			RebuildTransferFunctionScriptingTraits (0ms)
			SetupTypeCache (294ms)
			ReleaseScriptCaches (1ms)
			RebuildScriptCaches (55ms)
			SetupLoadedEditorAssemblies (557ms)
				LogAssemblyErrors (0ms)
				InitializePlatformSupportModulesInManaged (4ms)
				SetLoadedEditorAssemblies (0ms)
				RefreshPlugins (123ms)
				BeforeProcessingInitializeOnLoad (95ms)
				ProcessInitializeOnLoadAttributes (308ms)
				ProcessInitializeOnLoadMethodAttributes (23ms)
				AfterProcessingInitializeOnLoad (3ms)
				EditorAssembliesLoaded (0ms)
			ExecutionOrderSort2 (0ms)
			AwakeInstancesAfterBackupRestoration (6ms)
Platform modules already initialized, skipping
========================================================================
Worker process is ready to serve import requests
Launched and connected shader compiler UnityShaderCompiler.exe after 0.05 seconds
Refreshing native plugins compatible for Editor in 1.23 ms, found 3 plugins.
Preloading 0 native plugins for Editor in 0.00 ms.
Unloading 3919 Unused Serialized files (Serialized files now loaded: 0)
Unloading 32 unused Assets / (495.0 KB). Loaded Objects now: 4420.
Memory consumption went from 167.3 MB to 166.8 MB.
Total: 5.787600 ms (FindLiveObjects: 0.791300 ms CreateObjectMapping: 0.139500 ms MarkObjects: 4.506500 ms  DeleteObjects: 0.348700 ms)

AssetImportParameters requested are different than current active one (requested -> active):
  custom:video-decoder-ogg-theora: a1e56fd34408186e4bbccfd4996cb3dc -> 
  custom:container-muxer-webm: aa71ff27fc2769a1b78a27578f13a17b -> 
  custom:container-demuxer-webm: 4f35f7cbe854078d1ac9338744f61a02 -> 
  custom:video-encoder-webm-vp8: eb34c28f22e8b96e1ab97ce403110664 -> 
  custom:audio-encoder-webm-vorbis: bf7c407c2cedff20999df2af8eb42d56 -> 
  custom:framework-win-MediaFoundation: 216162199b28c13a410421893ffa2e32 -> 
  custom:container-demuxer-ogg: 62fdf1f143b41e24485cea50d1cbac27 -> 
  custom:video-decoder-webm-vp8: 9c59270c3fd7afecdb556c50c9e8de78 -> 
  custom:audio-decoder-ogg-vorbis: bf7c407c2cedff20999df2af8eb42d56 -> 
========================================================================
Received Import Request.
  Time since last request: 896905.145342 seconds.
  path: Assets/Mat/Morgue Room PBR/Prefabs/ceiling/floor_ceiling_4x16.prefab
  artifactKey: Guid(f65556bc90a56424ababdc3e2af29931) Importer(815301076,1909f56bfc062723c751e8b465ee728b)
Start importing Assets/Mat/Morgue Room PBR/Prefabs/ceiling/floor_ceiling_4x16.prefab using Guid(f65556bc90a56424ababdc3e2af29931) Importer(815301076,1909f56bfc062723c751e8b465ee728b)  -> (artifact id: '4ef5804c65534a4b9635684b9f731187') in 0.264252 seconds 
========================================================================
Received Import Request.
  Time since last request: 0.000027 seconds.
  path: Assets/Mat/Morgue Room PBR/Prefabs/ceiling/floor_ceiling_8x16.prefab
  artifactKey: Guid(24862cb6c23a09a4bafd3f687430b163) Importer(815301076,1909f56bfc062723c751e8b465ee728b)
Start importing Assets/Mat/Morgue Room PBR/Prefabs/ceiling/floor_ceiling_8x16.prefab using Guid(24862cb6c23a09a4bafd3f687430b163) Importer(815301076,1909f56bfc062723c751e8b465ee728b)  -> (artifact id: '83b59489048dde45b18b3a10669e38de') in 0.047275 seconds 
========================================================================
Received Import Request.
  Time since last request: 7.032442 seconds.
  path: Assets/Mat/Morgue Room PBR/Models/floor/floor_ceiling_4x4.fbx
  artifactKey: Guid(520074d9834269448bf268f5cb1f9215) Importer(815301076,1909f56bfc062723c751e8b465ee728b)
Start importing Assets/Mat/Morgue Room PBR/Models/floor/floor_ceiling_4x4.fbx using Guid(520074d9834269448bf268f5cb1f9215) Importer(815301076,1909f56bfc062723c751e8b465ee728b)  -> (artifact id: '1b925317dd9f5637d4a57e3267edd5ff') in 0.154524 seconds 
========================================================================
Received Import Request.
  Time since last request: 0.000035 seconds.
  path: Assets/Mat/Morgue Room PBR/Models/floor/floor_ceiling_8x16.fbx
  artifactKey: Guid(1972d5d95f318b844beeee272e0d19cd) Importer(815301076,1909f56bfc062723c751e8b465ee728b)
Start importing Assets/Mat/Morgue Room PBR/Models/floor/floor_ceiling_8x16.fbx using Guid(1972d5d95f318b844beeee272e0d19cd) Importer(815301076,1909f56bfc062723c751e8b465ee728b)  -> (artifact id: 'c1f62cddcf20d95bea1da303d069e7ac') in 0.026133 seconds 
========================================================================
Received Import Request.
  Time since last request: 21.264919 seconds.
  path: Assets/Mat/Morgue Room PBR/Models/props/Materials/autopsy_table_metallic.tga
  artifactKey: Guid(6b967c928581e1445be1d9f138d55740) Importer(815301076,1909f56bfc062723c751e8b465ee728b)
Start importing Assets/Mat/Morgue Room PBR/Models/props/Materials/autopsy_table_metallic.tga using Guid(6b967c928581e1445be1d9f138d55740) Importer(815301076,1909f56bfc062723c751e8b465ee728b)  -> (artifact id: '38a515d4ba95f8ceb204b8583fc33766') in 0.095966 seconds 
========================================================================
Received Import Request.
  Time since last request: 0.000025 seconds.
  path: Assets/Mat/Morgue Room PBR/Models/props/Materials/glass_jar_normal.tga
  artifactKey: Guid(ed660cd62614ca14582d9e874e5c9920) Importer(815301076,1909f56bfc062723c751e8b465ee728b)
Start importing Assets/Mat/Morgue Room PBR/Models/props/Materials/glass_jar_normal.tga using Guid(ed660cd62614ca14582d9e874e5c9920) Importer(815301076,1909f56bfc062723c751e8b465ee728b)  -> (artifact id: 'eda04c837393909596574b91a7b67441') in 0.032405 seconds 
========================================================================
Received Import Request.
  Time since last request: 0.000048 seconds.
  path: Assets/Mat/Morgue Room PBR/Models/props/Materials/desk_chair_occlusion.tga
  artifactKey: Guid(109b6ce0b8003694f8284f0b994befc1) Importer(815301076,1909f56bfc062723c751e8b465ee728b)
Start importing Assets/Mat/Morgue Room PBR/Models/props/Materials/desk_chair_occlusion.tga using Guid(109b6ce0b8003694f8284f0b994befc1) Importer(815301076,1909f56bfc062723c751e8b465ee728b)  -> (artifact id: '6667406d77ca2e8f1e07aeb52e423e42') in 0.053510 seconds 
========================================================================
Received Import Request.
  Time since last request: 0.000060 seconds.
  path: Assets/Mat/Morgue Room PBR/Models/props/Materials/desk_lamp_mat.mat
  artifactKey: Guid(b57333dd7e66d8d4582bc0cc11d452ca) Importer(815301076,1909f56bfc062723c751e8b465ee728b)
Start importing Assets/Mat/Morgue Room PBR/Models/props/Materials/desk_lamp_mat.mat using Guid(b57333dd7e66d8d4582bc0cc11d452ca) Importer(815301076,1909f56bfc062723c751e8b465ee728b)  -> (artifact id: '1ea137c502a80bc2441289614dbb79be') in 0.314648 seconds 
========================================================================
Received Import Request.
  Time since last request: 0.000030 seconds.
  path: Assets/Mat/Morgue Room PBR/Models/props/Materials/photo_frame_metallic.tga
  artifactKey: Guid(37382bd910e06cf40b366f635cbae207) Importer(815301076,1909f56bfc062723c751e8b465ee728b)
Start importing Assets/Mat/Morgue Room PBR/Models/props/Materials/photo_frame_metallic.tga using Guid(37382bd910e06cf40b366f635cbae207) Importer(815301076,1909f56bfc062723c751e8b465ee728b)  -> (artifact id: '0d8daa8e7f5dc766d304c83144d5430a') in 0.027970 seconds 
========================================================================
Received Import Request.
  Time since last request: 0.000037 seconds.
  path: Assets/Mat/Morgue Room PBR/Models/props/Materials/desk_chair_smoothness.tga
  artifactKey: Guid(c0b0b67532bea4543a58f022fef3d92a) Importer(815301076,1909f56bfc062723c751e8b465ee728b)
Start importing Assets/Mat/Morgue Room PBR/Models/props/Materials/desk_chair_smoothness.tga using Guid(c0b0b67532bea4543a58f022fef3d92a) Importer(815301076,1909f56bfc062723c751e8b465ee728b)  -> (artifact id: 'cbf989b4c3b085f6a064a2c1e5e75148') in 0.099348 seconds 
========================================================================
Received Import Request.
  Time since last request: 0.000143 seconds.
  path: Assets/Mat/Morgue Room PBR/Models/props/Materials/note_book_mat.mat
  artifactKey: Guid(3dcea46a4420ba54d90040d5e46fc3e9) Importer(815301076,1909f56bfc062723c751e8b465ee728b)
Start importing Assets/Mat/Morgue Room PBR/Models/props/Materials/note_book_mat.mat using Guid(3dcea46a4420ba54d90040d5e46fc3e9) Importer(815301076,1909f56bfc062723c751e8b465ee728b)  -> (artifact id: '73b6d85c60f0437483b1933c867a96e7') in 0.086369 seconds 
========================================================================
Received Import Request.
  Time since last request: 0.000030 seconds.
  path: Assets/Mat/Morgue Room PBR/Models/props/Materials/organs_normal.tga
  artifactKey: Guid(c0c9ff31a824821418e6bea45856a925) Importer(815301076,1909f56bfc062723c751e8b465ee728b)
Start importing Assets/Mat/Morgue Room PBR/Models/props/Materials/organs_normal.tga using Guid(c0c9ff31a824821418e6bea45856a925) Importer(815301076,1909f56bfc062723c751e8b465ee728b)  -> (artifact id: '59c8798fc83a027fa7caf2ee044646db') in 0.020696 seconds 
========================================================================
Received Import Request.
  Time since last request: 0.000375 seconds.
  path: Assets/Mat/Morgue Room PBR/Models/props/Materials/cabinet_Metallic.tga
  artifactKey: Guid(ff3f04c2892b8b34688e427ce83872a2) Importer(815301076,1909f56bfc062723c751e8b465ee728b)
Start importing Assets/Mat/Morgue Room PBR/Models/props/Materials/cabinet_Metallic.tga using Guid(ff3f04c2892b8b34688e427ce83872a2) Importer(815301076,1909f56bfc062723c751e8b465ee728b)  -> (artifact id: 'a41e3c32d23a52658e0bc91f834410a3') in 0.029277 seconds 
========================================================================
Received Import Request.
  Time since last request: 0.000023 seconds.
  path: Assets/Mat/Morgue Room PBR/Models/props/Materials/level_objects_normal.tga
  artifactKey: Guid(872d776021d1aa84089bfbd43055f3eb) Importer(815301076,1909f56bfc062723c751e8b465ee728b)
Start importing Assets/Mat/Morgue Room PBR/Models/props/Materials/level_objects_normal.tga using Guid(872d776021d1aa84089bfbd43055f3eb) Importer(815301076,1909f56bfc062723c751e8b465ee728b)  -> (artifact id: '47742d584e9a2941bbb44f7e4beddb12') in 0.033378 seconds 
========================================================================
Received Import Request.
  Time since last request: 0.000034 seconds.
  path: Assets/Mat/Morgue Room PBR/Models/props/Materials/desk_chair_metallic.tga
  artifactKey: Guid(3bfdcdbb9f85c3242a543a3be3b9e91a) Importer(815301076,1909f56bfc062723c751e8b465ee728b)
Start importing Assets/Mat/Morgue Room PBR/Models/props/Materials/desk_chair_metallic.tga using Guid(3bfdcdbb9f85c3242a543a3be3b9e91a) Importer(815301076,1909f56bfc062723c751e8b465ee728b)  -> (artifact id: 'c617b7bbaa9912a545b82b6a10dc07b0') in 0.023905 seconds 
========================================================================
Received Import Request.
  Time since last request: 0.000032 seconds.
  path: Assets/Mat/Morgue Room PBR/Models/props/Materials/corpse_drawer.mat
  artifactKey: Guid(e92ede644664104479d48f19eed8af2f) Importer(815301076,1909f56bfc062723c751e8b465ee728b)
Start importing Assets/Mat/Morgue Room PBR/Models/props/Materials/corpse_drawer.mat using Guid(e92ede644664104479d48f19eed8af2f) Importer(815301076,1909f56bfc062723c751e8b465ee728b)  -> (artifact id: '50b3d6c59c495c9c9100e146eb55383a') in 0.058807 seconds 
========================================================================
Received Import Request.
  Time since last request: 0.000035 seconds.
  path: Assets/Mat/Morgue Room PBR/Models/props/Materials/organs_albedo.tga
  artifactKey: Guid(f9a21054c4a9bde458c47912252c6e80) Importer(815301076,1909f56bfc062723c751e8b465ee728b)
Start importing Assets/Mat/Morgue Room PBR/Models/props/Materials/organs_albedo.tga using Guid(f9a21054c4a9bde458c47912252c6e80) Importer(815301076,1909f56bfc062723c751e8b465ee728b)  -> (artifact id: 'a2c24dfa7472cd5bddf647868415369c') in 0.026683 seconds 
========================================================================
Received Import Request.
  Time since last request: 0.000046 seconds.
  path: Assets/Mat/Morgue Room PBR/Models/props/Materials/table_trash_albedo.tga
  artifactKey: Guid(9e1e2d148d1701e4cb4231be8bbbb993) Importer(815301076,1909f56bfc062723c751e8b465ee728b)
Start importing Assets/Mat/Morgue Room PBR/Models/props/Materials/table_trash_albedo.tga using Guid(9e1e2d148d1701e4cb4231be8bbbb993) Importer(815301076,1909f56bfc062723c751e8b465ee728b)  -> (artifact id: '8d019c306d40a04433b19de95abd15c5') in 0.036135 seconds 
========================================================================
Received Import Request.
  Time since last request: 0.000053 seconds.
  path: Assets/Mat/Morgue Room PBR/Models/props/Materials/metal_sink_metallic.tga
  artifactKey: Guid(aa1f4e97363963c408caa7b88c74e8fd) Importer(815301076,1909f56bfc062723c751e8b465ee728b)
Start importing Assets/Mat/Morgue Room PBR/Models/props/Materials/metal_sink_metallic.tga using Guid(aa1f4e97363963c408caa7b88c74e8fd) Importer(815301076,1909f56bfc062723c751e8b465ee728b)  -> (artifact id: '68ed569362128d482486c0cebfdf3dc3') in 0.016341 seconds 
========================================================================
Received Import Request.
  Time since last request: 0.000051 seconds.
  path: Assets/Mat/Morgue Room PBR/Models/props/Materials/level_objects2_albedo.tga
  artifactKey: Guid(631e25d26fb398d478b1dacf20542dc7) Importer(815301076,1909f56bfc062723c751e8b465ee728b)
Start importing Assets/Mat/Morgue Room PBR/Models/props/Materials/level_objects2_albedo.tga using Guid(631e25d26fb398d478b1dacf20542dc7) Importer(815301076,1909f56bfc062723c751e8b465ee728b)  -> (artifact id: '220bd47f1cee4ccc01812d70a645c154') in 0.041597 seconds 
========================================================================
Received Import Request.
  Time since last request: 0.000039 seconds.
  path: Assets/Mat/Morgue Room PBR/Models/props/Materials/desk_lamp_emission.tga
  artifactKey: Guid(0563b2cbab07bc2478cd57d01f4f9eae) Importer(815301076,1909f56bfc062723c751e8b465ee728b)
Start importing Assets/Mat/Morgue Room PBR/Models/props/Materials/desk_lamp_emission.tga using Guid(0563b2cbab07bc2478cd57d01f4f9eae) Importer(815301076,1909f56bfc062723c751e8b465ee728b)  -> (artifact id: '87fa8d4041c322e5a0447396681837ae') in 0.031301 seconds 
========================================================================
Received Import Request.
  Time since last request: 0.000036 seconds.
  path: Assets/Mat/Morgue Room PBR/Models/props/Materials/table_trash_metallic.tga
  artifactKey: Guid(5bc4d919e3971e541a9513d64071b02b) Importer(815301076,1909f56bfc062723c751e8b465ee728b)
Start importing Assets/Mat/Morgue Room PBR/Models/props/Materials/table_trash_metallic.tga using Guid(5bc4d919e3971e541a9513d64071b02b) Importer(815301076,1909f56bfc062723c751e8b465ee728b)  -> (artifact id: 'b304da46d40eefa833d0c1c9b58fd06b') in 0.025635 seconds 
========================================================================
Received Import Request.
  Time since last request: 0.000112 seconds.
  path: Assets/Mat/Morgue Room PBR/Models/props/Materials/metal_sink_basecolor.tga
  artifactKey: Guid(a4a2746863dcd8844a3725ebc32c184a) Importer(815301076,1909f56bfc062723c751e8b465ee728b)
Start importing Assets/Mat/Morgue Room PBR/Models/props/Materials/metal_sink_basecolor.tga using Guid(a4a2746863dcd8844a3725ebc32c184a) Importer(815301076,1909f56bfc062723c751e8b465ee728b)  -> (artifact id: 'f19270ccc8a9c407b364592781b39992') in 0.024780 seconds 
========================================================================
Received Import Request.
  Time since last request: 0.000085 seconds.
  path: Assets/Mat/Morgue Room PBR/Models/props/Materials/desk_lamp_occlusion.tga
  artifactKey: Guid(601a08e047910044f9204a4ec6f4f48e) Importer(815301076,1909f56bfc062723c751e8b465ee728b)
Start importing Assets/Mat/Morgue Room PBR/Models/props/Materials/desk_lamp_occlusion.tga using Guid(601a08e047910044f9204a4ec6f4f48e) Importer(815301076,1909f56bfc062723c751e8b465ee728b)  -> (artifact id: '3d4d771ff93fa3534b8b28c31093c019') in 0.025816 seconds 
========================================================================
Received Import Request.
  Time since last request: 0.000028 seconds.
  path: Assets/Mat/Morgue Room PBR/Models/props/Materials/desk_lamp_specularsetup.tga
  artifactKey: Guid(dff1130b9dcab3c4fade3cb920e94d5f) Importer(815301076,1909f56bfc062723c751e8b465ee728b)
Start importing Assets/Mat/Morgue Room PBR/Models/props/Materials/desk_lamp_specularsetup.tga using Guid(dff1130b9dcab3c4fade3cb920e94d5f) Importer(815301076,1909f56bfc062723c751e8b465ee728b)  -> (artifact id: 'b16cf9a916eab242a055667e9007866c') in 0.078252 seconds 
========================================================================
Received Import Request.
  Time since last request: 0.000048 seconds.
  path: Assets/Mat/Morgue Room PBR/Models/props/Materials/level_objects_metallic.tga
  artifactKey: Guid(b3994c2120bb36f48a8aa09ffa8724b7) Importer(815301076,1909f56bfc062723c751e8b465ee728b)
Start importing Assets/Mat/Morgue Room PBR/Models/props/Materials/level_objects_metallic.tga using Guid(b3994c2120bb36f48a8aa09ffa8724b7) Importer(815301076,1909f56bfc062723c751e8b465ee728b)  -> (artifact id: 'fe45b131ba4abdfed4b88145b24efbc3') in 0.021622 seconds 
========================================================================
Received Import Request.
  Time since last request: 0.000066 seconds.
  path: Assets/Mat/Morgue Room PBR/Models/props/Materials/shelf_albedo.tga
  artifactKey: Guid(7990de569a043894f878c53dc1ba10b2) Importer(815301076,1909f56bfc062723c751e8b465ee728b)
Start importing Assets/Mat/Morgue Room PBR/Models/props/Materials/shelf_albedo.tga using Guid(7990de569a043894f878c53dc1ba10b2) Importer(815301076,1909f56bfc062723c751e8b465ee728b)  -> (artifact id: '866cb20cba10402160deafa4ce2acf64') in 0.020736 seconds 
Editor requested this worker to shutdown with reason: Scaling down because of idle timeout
AssetImportWorker is now disconnected from the server
Process exiting
Exiting without the bug reporter. Application will terminate with return code 0