Using pre-set license
Built from '2021.3/staging' branch; Version is '2021.3.4f1 (cb45f9cae8b7) revision 13321721'; Using compiler version '192829333'; Build Type 'Release'
OS: 'Windows 10  (10.0.19044) 64bit Professional' Language: 'ru' Physical Memory: 16271 MB
BatchMode: 1, IsHumanControllingUs: 0, StartBugReporterOnCrash: 0, Is64bit: 1, IsPro: 1

COMMAND LINE ARGUMENTS:
D:\unun\2021.3.4f1\Editor\Unity.exe
-adb2
-batchMode
-noUpm
-name
AssetImportWorker2
-projectPath
D:/uniyi/HorrorGleb
-logFile
Logs/AssetImportWorker2.log
-srvPort
59826
Successfully changed project path to: D:/uniyi/HorrorGleb
D:/uniyi/HorrorGleb
[UnityMemory] Configuration Parameters - Can be set up in boot.config
    "memorysetup-bucket-allocator-granularity=16"
    "memorysetup-bucket-allocator-bucket-count=8"
    "memorysetup-bucket-allocator-block-size=33554432"
    "memorysetup-bucket-allocator-block-count=8"
    "memorysetup-main-allocator-block-size=16777216"
    "memorysetup-thread-allocator-block-size=16777216"
    "memorysetup-gfx-main-allocator-block-size=16777216"
    "memorysetup-gfx-thread-allocator-block-size=16777216"
    "memorysetup-cache-allocator-block-size=4194304"
    "memorysetup-typetree-allocator-block-size=2097152"
    "memorysetup-profiler-bucket-allocator-granularity=16"
    "memorysetup-profiler-bucket-allocator-bucket-count=8"
    "memorysetup-profiler-bucket-allocator-block-size=33554432"
    "memorysetup-profiler-bucket-allocator-block-count=8"
    "memorysetup-profiler-allocator-block-size=16777216"
    "memorysetup-profiler-editor-allocator-block-size=1048576"
    "memorysetup-temp-allocator-size-main=16777216"
    "memorysetup-job-temp-allocator-block-size=2097152"
    "memorysetup-job-temp-allocator-block-size-background=1048576"
    "memorysetup-job-temp-allocator-reduction-small-platforms=262144"
    "memorysetup-temp-allocator-size-background-worker=32768"
    "memorysetup-temp-allocator-size-job-worker=262144"
    "memorysetup-temp-allocator-size-preload-manager=33554432"
    "memorysetup-temp-allocator-size-nav-mesh-worker=65536"
    "memorysetup-temp-allocator-size-audio-worker=65536"
    "memorysetup-temp-allocator-size-cloud-worker=32768"
    "memorysetup-temp-allocator-size-gi-baking-worker=262144"
    "memorysetup-temp-allocator-size-gfx=262144"
Refreshing native plugins compatible for Editor in 99.65 ms, found 3 plugins.
Preloading 0 native plugins for Editor in 0.00 ms.
Initialize engine version: 2021.3.4f1 (cb45f9cae8b7)
[Subsystems] Discovering subsystems at path D:/unun/2021.3.4f1/Editor/Data/Resources/UnitySubsystems
[Subsystems] Discovering subsystems at path D:/uniyi/HorrorGleb/Assets
GfxDevice: creating device client; threaded=0; jobified=0
Direct3D:
    Version:  Direct3D 11.0 [level 11.1]
    Renderer: NVIDIA GeForce GTX 1650 (ID=0x1f0a)
    Vendor:   NVIDIA
    VRAM:     3961 MB
    Driver:   30.0.15.1295
Initialize mono
Mono path[0] = 'D:/unun/2021.3.4f1/Editor/Data/Managed'
Mono path[1] = 'D:/unun/2021.3.4f1/Editor/Data/MonoBleedingEdge/lib/mono/unityjit-win32'
Mono config path = 'D:/unun/2021.3.4f1/Editor/Data/MonoBleedingEdge/etc'
Using monoOptions --debugger-agent=transport=dt_socket,embedding=1,server=y,suspend=n,address=127.0.0.1:56456
Begin MonoManager ReloadAssembly
Registering precompiled unity dll's ...
Register platform support module: D:/unun/2021.3.4f1/Editor/Data/PlaybackEngines/WebGLSupport/UnityEditor.WebGL.Extensions.dll
Register platform support module: D:/unun/2021.3.4f1/Editor/Data/PlaybackEngines/WindowsStandaloneSupport/UnityEditor.WindowsStandalone.Extensions.dll
Register platform support module: D:/unun/2021.3.4f1/Editor/Data/PlaybackEngines/MetroSupport/UnityEditor.UWP.Extensions.dll
Registered in 0.002919 seconds.
Native extension for UWP target not found
Native extension for WindowsStandalone target not found
Native extension for WebGL target not found
Refreshing native plugins compatible for Editor in 101.64 ms, found 3 plugins.
Preloading 0 native plugins for Editor in 0.00 ms.
Mono: successfully reloaded assembly
- Completed reload, in  0.579 seconds
Domain Reload Profiling:
	ReloadAssembly (580ms)
		BeginReloadAssembly (61ms)
			ExecutionOrderSort (0ms)
			DisableScriptedObjects (0ms)
			BackupInstance (0ms)
			ReleaseScriptingObjects (0ms)
			CreateAndSetChildDomain (1ms)
		EndReloadAssembly (424ms)
			LoadAssemblies (61ms)
			RebuildTransferFunctionScriptingTraits (0ms)
			SetupTypeCache (96ms)
			ReleaseScriptCaches (0ms)
			RebuildScriptCaches (26ms)
			SetupLoadedEditorAssemblies (260ms)
				LogAssemblyErrors (0ms)
				InitializePlatformSupportModulesInManaged (8ms)
				SetLoadedEditorAssemblies (0ms)
				RefreshPlugins (102ms)
				BeforeProcessingInitializeOnLoad (1ms)
				ProcessInitializeOnLoadAttributes (109ms)
				ProcessInitializeOnLoadMethodAttributes (39ms)
				AfterProcessingInitializeOnLoad (0ms)
				EditorAssembliesLoaded (0ms)
			ExecutionOrderSort2 (0ms)
			AwakeInstancesAfterBackupRestoration (0ms)
Platform modules already initialized, skipping
Registering precompiled user dll's ...
Registered in 0.003934 seconds.
Begin MonoManager ReloadAssembly
Symbol file LoadedFromMemory doesn't match image D:\uniyi\HorrorGleb\Library\PackageCache\com.unity.visualscripting@1.7.8\Editor\VisualScripting.Core\Dependencies\YamlDotNet\Unity.VisualScripting.YamlDotNet.dll
Symbol file LoadedFromMemory doesn't match image D:\uniyi\HorrorGleb\Library\PackageCache\com.unity.visualscripting@1.7.8\Editor\VisualScripting.Core\Dependencies\DotNetZip\Unity.VisualScripting.IonicZip.dll
Native extension for UWP target not found
Native extension for WindowsStandalone target not found
Native extension for WebGL target not found
Refreshing native plugins compatible for Editor in 0.88 ms, found 3 plugins.
Preloading 0 native plugins for Editor in 0.00 ms.
Mono: successfully reloaded assembly
- Completed reload, in  0.936 seconds
Domain Reload Profiling:
	ReloadAssembly (937ms)
		BeginReloadAssembly (100ms)
			ExecutionOrderSort (0ms)
			DisableScriptedObjects (6ms)
			BackupInstance (0ms)
			ReleaseScriptingObjects (0ms)
			CreateAndSetChildDomain (19ms)
		EndReloadAssembly (733ms)
			LoadAssemblies (71ms)
			RebuildTransferFunctionScriptingTraits (0ms)
			SetupTypeCache (247ms)
			ReleaseScriptCaches (1ms)
			RebuildScriptCaches (49ms)
			SetupLoadedEditorAssemblies (332ms)
				LogAssemblyErrors (0ms)
				InitializePlatformSupportModulesInManaged (5ms)
				SetLoadedEditorAssemblies (0ms)
				RefreshPlugins (1ms)
				BeforeProcessingInitializeOnLoad (84ms)
				ProcessInitializeOnLoadAttributes (212ms)
				ProcessInitializeOnLoadMethodAttributes (28ms)
				AfterProcessingInitializeOnLoad (3ms)
				EditorAssembliesLoaded (0ms)
			ExecutionOrderSort2 (0ms)
			AwakeInstancesAfterBackupRestoration (5ms)
Platform modules already initialized, skipping
========================================================================
Worker process is ready to serve import requests
Launched and connected shader compiler UnityShaderCompiler.exe after 0.09 seconds
Refreshing native plugins compatible for Editor in 1.70 ms, found 3 plugins.
Preloading 0 native plugins for Editor in 0.00 ms.
Unloading 3566 Unused Serialized files (Serialized files now loaded: 0)
Unloading 29 unused Assets / (468.6 KB). Loaded Objects now: 4067.
Memory consumption went from 154.6 MB to 154.2 MB.
Total: 4.466500 ms (FindLiveObjects: 0.602500 ms CreateObjectMapping: 0.148100 ms MarkObjects: 3.280600 ms  DeleteObjects: 0.433700 ms)

AssetImportParameters requested are different than current active one (requested -> active):
  custom:video-decoder-ogg-theora: a1e56fd34408186e4bbccfd4996cb3dc -> 
  custom:container-muxer-webm: aa71ff27fc2769a1b78a27578f13a17b -> 
  custom:container-demuxer-webm: 4f35f7cbe854078d1ac9338744f61a02 -> 
  custom:video-encoder-webm-vp8: eb34c28f22e8b96e1ab97ce403110664 -> 
  custom:audio-encoder-webm-vorbis: bf7c407c2cedff20999df2af8eb42d56 -> 
  custom:framework-win-MediaFoundation: 216162199b28c13a410421893ffa2e32 -> 
  custom:container-demuxer-ogg: 62fdf1f143b41e24485cea50d1cbac27 -> 
  custom:video-decoder-webm-vp8: 9c59270c3fd7afecdb556c50c9e8de78 -> 
  custom:audio-decoder-ogg-vorbis: bf7c407c2cedff20999df2af8eb42d56 -> 
========================================================================
Received Import Request.
  Time since last request: 124385.395082 seconds.
  path: Assets/Mat/test/5a8923c39264ea3.mp3
  artifactKey: Guid(8211cf6e270730c4fa10e37d657472c7) Importer(815301076,1909f56bfc062723c751e8b465ee728b)
Start importing Assets/Mat/test/5a8923c39264ea3.mp3 using Guid(8211cf6e270730c4fa10e37d657472c7) Importer(815301076,1909f56bfc062723c751e8b465ee728b)  -> (artifact id: 'd2ce3ae2cf50aef378ba0e3a902a35e0') in 0.105345 seconds 
========================================================================
Received Import Request.
  Time since last request: 4.950836 seconds.
  path: Assets/Mat/test/kamnepad-6-sekund.mp3
  artifactKey: Guid(2494544083d36af4f886104b3412c595) Importer(815301076,1909f56bfc062723c751e8b465ee728b)
Start importing Assets/Mat/test/kamnepad-6-sekund.mp3 using Guid(2494544083d36af4f886104b3412c595) Importer(815301076,1909f56bfc062723c751e8b465ee728b)  -> (artifact id: 'e2952921c901c45158023b22f551f2db') in 0.018512 seconds 
========================================================================
Received Import Request.
  Time since last request: 5.622170 seconds.
  path: Assets/Mat/test/88c99fee4c799cc.mp3
  artifactKey: Guid(0aa2c33d6b9621b4ea27a3707ec63af9) Importer(815301076,1909f56bfc062723c751e8b465ee728b)
Start importing Assets/Mat/test/88c99fee4c799cc.mp3 using Guid(0aa2c33d6b9621b4ea27a3707ec63af9) Importer(815301076,1909f56bfc062723c751e8b465ee728b)  -> (artifact id: 'cc7541eb7a76f13855217d9e50d05d07') in 0.039141 seconds 
========================================================================
Received Import Request.
  Time since last request: 5.343048 seconds.
  path: Assets/Mat/test/2137-te-zhe-metallicheskie-vorota-2105473107_-zs20858bv86107.mp3
  artifactKey: Guid(a5d87b9d36d307d46a05ad1a06544e69) Importer(815301076,1909f56bfc062723c751e8b465ee728b)
Start importing Assets/Mat/test/2137-te-zhe-metallicheskie-vorota-2105473107_-zs20858bv86107.mp3 using Guid(a5d87b9d36d307d46a05ad1a06544e69) Importer(815301076,1909f56bfc062723c751e8b465ee728b)  -> (artifact id: '5e7ac1d678e3920da4504784c374672b') in 0.014288 seconds 
========================================================================
Received Import Request.
  Time since last request: 4.676451 seconds.
  path: Assets/Mat/test/monster-demon-horse-scream_fy5_lhv_ (1).mp3
  artifactKey: Guid(eed0bae2799610247be07b3b63f5758e) Importer(815301076,1909f56bfc062723c751e8b465ee728b)
Start importing Assets/Mat/test/monster-demon-horse-scream_fy5_lhv_ (1).mp3 using Guid(eed0bae2799610247be07b3b63f5758e) Importer(815301076,1909f56bfc062723c751e8b465ee728b)  -> (artifact id: '48dde27325e9e81d95ebb2258b2025ce') in 0.014069 seconds 
========================================================================
Received Import Request.
  Time since last request: 58.230430 seconds.
  path: Assets/Mat/mama/source/idle.fbx
  artifactKey: Guid(6ea8a41859b55354599fd776b8d909b5) Importer(815301076,1909f56bfc062723c751e8b465ee728b)
Start importing Assets/Mat/mama/source/idle.fbx using Guid(6ea8a41859b55354599fd776b8d909b5) Importer(815301076,1909f56bfc062723c751e8b465ee728b)  -> (artifact id: '1ca367b5b4293738f952420fd4634b4b') in 0.141156 seconds 
========================================================================
Received Import Request.
  Time since last request: 125.602743 seconds.
  path: Assets/Mat/лгкзгср
  artifactKey: Guid(d36d464c8a24cd04daaf6935ecb008e7) Importer(815301076,1909f56bfc062723c751e8b465ee728b)
Start importing Assets/Mat/лгкзгср using Guid(d36d464c8a24cd04daaf6935ecb008e7) Importer(815301076,1909f56bfc062723c751e8b465ee728b)  -> (artifact id: '7e1b37ad926e458d6602211169e8e9fd') in 0.013818 seconds 
========================================================================
Received Import Request.
  Time since last request: 6.874603 seconds.
  path: Assets/Mat/kurpuch
  artifactKey: Guid(d36d464c8a24cd04daaf6935ecb008e7) Importer(815301076,1909f56bfc062723c751e8b465ee728b)
Start importing Assets/Mat/kurpuch using Guid(d36d464c8a24cd04daaf6935ecb008e7) Importer(815301076,1909f56bfc062723c751e8b465ee728b)  -> (artifact id: '7b7e1872d6af04ccbab90fe2da021587') in 0.005704 seconds 
========================================================================
Received Import Request.
  Time since last request: 9.407113 seconds.
  path: Assets/Mat/kurpuch/brick-modular-kit-lowpoly.zip
  artifactKey: Guid(d88ab65e4c7c0e24f92e7b45080bcead) Importer(815301076,1909f56bfc062723c751e8b465ee728b)
Start importing Assets/Mat/kurpuch/brick-modular-kit-lowpoly.zip using Guid(d88ab65e4c7c0e24f92e7b45080bcead) Importer(815301076,1909f56bfc062723c751e8b465ee728b)  -> (artifact id: '2f11ffdae394d1dbc1dfb7e1e65e1a5b') in 0.010080 seconds 
========================================================================
Received Import Request.
  Time since last request: 9.451647 seconds.
  path: Assets/Mat/kurpuch/source
  artifactKey: Guid(816f452dce5cecb4c8e70e268cf282c5) Importer(815301076,1909f56bfc062723c751e8b465ee728b)
Start importing Assets/Mat/kurpuch/source using Guid(816f452dce5cecb4c8e70e268cf282c5) Importer(815301076,1909f56bfc062723c751e8b465ee728b)  -> (artifact id: 'dd87a09f9fff35ffe38dc930f61eff74') in 0.002083 seconds 
========================================================================
Received Import Request.
  Time since last request: 0.056349 seconds.
  path: Assets/Mat/kurpuch/source/Brick(PACK).fbx
  artifactKey: Guid(3ea9455f576e31d44add9e63c631de8a) Importer(815301076,1909f56bfc062723c751e8b465ee728b)
Start importing Assets/Mat/kurpuch/source/Brick(PACK).fbx using Guid(3ea9455f576e31d44add9e63c631de8a) Importer(815301076,1909f56bfc062723c751e8b465ee728b)  -> (artifact id: '95ae07fc066e4e566607a6d5b881a8d3') in 0.020827 seconds 
========================================================================
Received Import Request.
  Time since last request: 5.686819 seconds.
  path: Assets/Mat/kurpuch/textures
  artifactKey: Guid(dd66d1dfa27af374883b15a275fa5fb1) Importer(815301076,1909f56bfc062723c751e8b465ee728b)
Start importing Assets/Mat/kurpuch/textures using Guid(dd66d1dfa27af374883b15a275fa5fb1) Importer(815301076,1909f56bfc062723c751e8b465ee728b)  -> (artifact id: '17b78bc05c518c85dd04f0e7b6d8c7a6') in 0.002152 seconds 
========================================================================
Received Import Request.
  Time since last request: 0.340242 seconds.
  path: Assets/Mat/kurpuch/textures/Brick_NM.jpg
  artifactKey: Guid(3393b8b6297aae446a5863d9d0f1e391) Importer(815301076,1909f56bfc062723c751e8b465ee728b)
Start importing Assets/Mat/kurpuch/textures/Brick_NM.jpg using Guid(3393b8b6297aae446a5863d9d0f1e391) Importer(815301076,1909f56bfc062723c751e8b465ee728b)  -> (artifact id: 'dad156a93a747446d9df01440885fe66') in 0.038785 seconds 
========================================================================
Received Import Request.
  Time since last request: 20.080087 seconds.
  path: Assets/Mat/kurpuch/Materials
  artifactKey: Guid(dfe69cf980b69604c968f6a00db3317f) Importer(815301076,1909f56bfc062723c751e8b465ee728b)
Start importing Assets/Mat/kurpuch/Materials using Guid(dfe69cf980b69604c968f6a00db3317f) Importer(815301076,1909f56bfc062723c751e8b465ee728b)  -> (artifact id: 'f738ed8827918b268788613e410c1224') in 0.005831 seconds 
========================================================================
Received Import Request.
  Time since last request: 72.039418 seconds.
  path: Assets/Mat/kurpuch/source/sphear.fbx
  artifactKey: Guid(7dd2bac06b4514b4daa37b526f672870) Importer(815301076,1909f56bfc062723c751e8b465ee728b)
Start importing Assets/Mat/kurpuch/source/sphear.fbx using Guid(7dd2bac06b4514b4daa37b526f672870) Importer(815301076,1909f56bfc062723c751e8b465ee728b)  -> (artifact id: '07a8cb73c4e843a066c12dde401c0586') in 0.057549 seconds 
========================================================================
Received Import Request.
  Time since last request: 2.685923 seconds.
  path: Assets/Mat/kurpuch/textures/brickwall_ambientocclusion.jpg
  artifactKey: Guid(8607349919c2b4b4e94fdfc3a1febe78) Importer(815301076,1909f56bfc062723c751e8b465ee728b)
Start importing Assets/Mat/kurpuch/textures/brickwall_ambientocclusion.jpg using Guid(8607349919c2b4b4e94fdfc3a1febe78) Importer(815301076,1909f56bfc062723c751e8b465ee728b)  -> (artifact id: '00863862f5943499e0f507741188279c') in 0.017587 seconds 
========================================================================
Received Import Request.
  Time since last request: 0.000031 seconds.
  path: Assets/Mat/kurpuch/textures/brickwall_normal.jpg
  artifactKey: Guid(24e72ba3f918f1c4ca2cee330776f016) Importer(815301076,1909f56bfc062723c751e8b465ee728b)
Start importing Assets/Mat/kurpuch/textures/brickwall_normal.jpg using Guid(24e72ba3f918f1c4ca2cee330776f016) Importer(815301076,1909f56bfc062723c751e8b465ee728b)  -> (artifact id: '1d49379c4b50fbf4eb1df883cb35c905') in 0.020219 seconds 
========================================================================
Received Import Request.
  Time since last request: 0.000069 seconds.
  path: Assets/Mat/kurpuch/textures/brickwall_height.jpg
  artifactKey: Guid(ba14c993a8c8c3342bbabf451006494b) Importer(815301076,1909f56bfc062723c751e8b465ee728b)
Start importing Assets/Mat/kurpuch/textures/brickwall_height.jpg using Guid(ba14c993a8c8c3342bbabf451006494b) Importer(815301076,1909f56bfc062723c751e8b465ee728b)  -> (artifact id: 'f368fffac7101aa1260d3177b3bd9c0e') in 0.015976 seconds 
========================================================================
Received Import Request.
  Time since last request: 121.235394 seconds.
  path: Assets/Mat/dloor
  artifactKey: Guid(d3f3937f4dc83b246984272d0577720a) Importer(815301076,1909f56bfc062723c751e8b465ee728b)
Start importing Assets/Mat/dloor using Guid(d3f3937f4dc83b246984272d0577720a) Importer(815301076,1909f56bfc062723c751e8b465ee728b)  -> (artifact id: '104979daad22715c8c1e09d497cc3f41') in 0.006799 seconds 
========================================================================
Received Import Request.
  Time since last request: 5.948548 seconds.
  path: Assets/Mat/dloor/source
  artifactKey: Guid(45ed0a4f88f770b4e96a72903ae048fa) Importer(815301076,1909f56bfc062723c751e8b465ee728b)
Start importing Assets/Mat/dloor/source using Guid(45ed0a4f88f770b4e96a72903ae048fa) Importer(815301076,1909f56bfc062723c751e8b465ee728b)  -> (artifact id: '768ad6a90ceb35945b93415ce7385653') in 0.002252 seconds 
========================================================================
Received Import Request.
  Time since last request: 0.044628 seconds.
  path: Assets/Mat/dloor/source/sphear.fbx
  artifactKey: Guid(706beeda709b40146b042e8c1d584844) Importer(815301076,1909f56bfc062723c751e8b465ee728b)
Start importing Assets/Mat/dloor/source/sphear.fbx using Guid(706beeda709b40146b042e8c1d584844) Importer(815301076,1909f56bfc062723c751e8b465ee728b)  -> (artifact id: '6dc0b29e922f3adf8981247ffdd3d005') in 0.035943 seconds 
========================================================================
Received Import Request.
  Time since last request: 1.479435 seconds.
  path: Assets/Mat/dloor/textures
  artifactKey: Guid(54f7ba873bbb2a64299c8338ecaa9e0a) Importer(815301076,1909f56bfc062723c751e8b465ee728b)
Start importing Assets/Mat/dloor/textures using Guid(54f7ba873bbb2a64299c8338ecaa9e0a) Importer(815301076,1909f56bfc062723c751e8b465ee728b)  -> (artifact id: '271f729c5a0796fa36d51f68f99a4023') in 0.002134 seconds 
========================================================================
Received Import Request.
  Time since last request: 0.030845 seconds.
  path: Assets/Mat/dloor/textures/brickwall_ambientocclusion.jpg
  artifactKey: Guid(621849242c314664b923b45a8b529c76) Importer(815301076,1909f56bfc062723c751e8b465ee728b)
Start importing Assets/Mat/dloor/textures/brickwall_ambientocclusion.jpg using Guid(621849242c314664b923b45a8b529c76) Importer(815301076,1909f56bfc062723c751e8b465ee728b)  -> (artifact id: 'e24be97cb2306299ce7e7ac04a526757') in 0.019205 seconds 
========================================================================
Received Import Request.
  Time since last request: 0.000033 seconds.
  path: Assets/Mat/dloor/textures/brickwall_height.jpg
  artifactKey: Guid(4a065e68977a83649b73bbc53a52ee08) Importer(815301076,1909f56bfc062723c751e8b465ee728b)
Start importing Assets/Mat/dloor/textures/brickwall_height.jpg using Guid(4a065e68977a83649b73bbc53a52ee08) Importer(815301076,1909f56bfc062723c751e8b465ee728b)  -> (artifact id: '9353323538e2b8b7cc1a3838b9522088') in 0.014863 seconds 
========================================================================
Received Import Request.
  Time since last request: 0.000030 seconds.
  path: Assets/Mat/dloor/textures/brickwall_roughness.jpg
  artifactKey: Guid(1917c408cbd15754aa32e4807ae1c2e5) Importer(815301076,1909f56bfc062723c751e8b465ee728b)
Start importing Assets/Mat/dloor/textures/brickwall_roughness.jpg using Guid(1917c408cbd15754aa32e4807ae1c2e5) Importer(815301076,1909f56bfc062723c751e8b465ee728b)  -> (artifact id: '1a6a33eeec0f6fc37e2d13f246735716') in 0.016204 seconds 
========================================================================
Received Import Request.
  Time since last request: 0.000030 seconds.
  path: Assets/Mat/dloor/textures/brickwall_normal.jpg
  artifactKey: Guid(29c9a2cdfe519894b8ee67049dbad523) Importer(815301076,1909f56bfc062723c751e8b465ee728b)
Start importing Assets/Mat/dloor/textures/brickwall_normal.jpg using Guid(29c9a2cdfe519894b8ee67049dbad523) Importer(815301076,1909f56bfc062723c751e8b465ee728b)  -> (artifact id: '8e365dd5c618ea2c41e49661bfd32776') in 0.014353 seconds 
Editor requested this worker to shutdown with reason: Scaling down because of idle timeout
AssetImportWorker is now disconnected from the server
Process exiting
Exiting without the bug reporter. Application will terminate with return code 0