Using pre-set license
Built from '2021.3/staging' branch; Version is '2021.3.4f1 (cb45f9cae8b7) revision 13321721'; Using compiler version '192829333'; Build Type 'Release'
OS: 'Windows 10  (10.0.19044) 64bit Professional' Language: 'ru' Physical Memory: 16271 MB
BatchMode: 1, IsHumanControllingUs: 0, StartBugReporterOnCrash: 0, Is64bit: 1, IsPro: 1

COMMAND LINE ARGUMENTS:
D:\unun\2021.3.4f1\Editor\Unity.exe
-adb2
-batchMode
-noUpm
-name
AssetImportWorker9
-projectPath
D:/uniyi/HorrorGleb
-logFile
Logs/AssetImportWorker9.log
-srvPort
50378
Successfully changed project path to: D:/uniyi/HorrorGleb
D:/uniyi/HorrorGleb
[UnityMemory] Configuration Parameters - Can be set up in boot.config
    "memorysetup-bucket-allocator-granularity=16"
    "memorysetup-bucket-allocator-bucket-count=8"
    "memorysetup-bucket-allocator-block-size=33554432"
    "memorysetup-bucket-allocator-block-count=8"
    "memorysetup-main-allocator-block-size=16777216"
    "memorysetup-thread-allocator-block-size=16777216"
    "memorysetup-gfx-main-allocator-block-size=16777216"
    "memorysetup-gfx-thread-allocator-block-size=16777216"
    "memorysetup-cache-allocator-block-size=4194304"
    "memorysetup-typetree-allocator-block-size=2097152"
    "memorysetup-profiler-bucket-allocator-granularity=16"
    "memorysetup-profiler-bucket-allocator-bucket-count=8"
    "memorysetup-profiler-bucket-allocator-block-size=33554432"
    "memorysetup-profiler-bucket-allocator-block-count=8"
    "memorysetup-profiler-allocator-block-size=16777216"
    "memorysetup-profiler-editor-allocator-block-size=1048576"
    "memorysetup-temp-allocator-size-main=16777216"
    "memorysetup-job-temp-allocator-block-size=2097152"
    "memorysetup-job-temp-allocator-block-size-background=1048576"
    "memorysetup-job-temp-allocator-reduction-small-platforms=262144"
    "memorysetup-temp-allocator-size-background-worker=32768"
    "memorysetup-temp-allocator-size-job-worker=262144"
    "memorysetup-temp-allocator-size-preload-manager=33554432"
    "memorysetup-temp-allocator-size-nav-mesh-worker=65536"
    "memorysetup-temp-allocator-size-audio-worker=65536"
    "memorysetup-temp-allocator-size-cloud-worker=32768"
    "memorysetup-temp-allocator-size-gi-baking-worker=262144"
    "memorysetup-temp-allocator-size-gfx=262144"
Refreshing native plugins compatible for Editor in 154.26 ms, found 3 plugins.
Preloading 0 native plugins for Editor in 0.00 ms.
Initialize engine version: 2021.3.4f1 (cb45f9cae8b7)
[Subsystems] Discovering subsystems at path D:/unun/2021.3.4f1/Editor/Data/Resources/UnitySubsystems
[Subsystems] Discovering subsystems at path D:/uniyi/HorrorGleb/Assets
GfxDevice: creating device client; threaded=0; jobified=0
Direct3D:
    Version:  Direct3D 11.0 [level 11.1]
    Renderer: NVIDIA GeForce GTX 1650 (ID=0x1f0a)
    Vendor:   NVIDIA
    VRAM:     3961 MB
    Driver:   30.0.15.1295
Initialize mono
Mono path[0] = 'D:/unun/2021.3.4f1/Editor/Data/Managed'
Mono path[1] = 'D:/unun/2021.3.4f1/Editor/Data/MonoBleedingEdge/lib/mono/unityjit-win32'
Mono config path = 'D:/unun/2021.3.4f1/Editor/Data/MonoBleedingEdge/etc'
Using monoOptions --debugger-agent=transport=dt_socket,embedding=1,server=y,suspend=n,address=127.0.0.1:56976
Begin MonoManager ReloadAssembly
Registering precompiled unity dll's ...
Register platform support module: D:/unun/2021.3.4f1/Editor/Data/PlaybackEngines/WebGLSupport/UnityEditor.WebGL.Extensions.dll
Register platform support module: D:/unun/2021.3.4f1/Editor/Data/PlaybackEngines/WindowsStandaloneSupport/UnityEditor.WindowsStandalone.Extensions.dll
Register platform support module: D:/unun/2021.3.4f1/Editor/Data/PlaybackEngines/MetroSupport/UnityEditor.UWP.Extensions.dll
Registered in 0.003613 seconds.
Native extension for UWP target not found
Native extension for WindowsStandalone target not found
Native extension for WebGL target not found
Refreshing native plugins compatible for Editor in 141.34 ms, found 3 plugins.
Preloading 0 native plugins for Editor in 0.00 ms.
Mono: successfully reloaded assembly
- Completed reload, in  0.861 seconds
Domain Reload Profiling:
	ReloadAssembly (862ms)
		BeginReloadAssembly (93ms)
			ExecutionOrderSort (0ms)
			DisableScriptedObjects (0ms)
			BackupInstance (0ms)
			ReleaseScriptingObjects (0ms)
			CreateAndSetChildDomain (1ms)
		EndReloadAssembly (638ms)
			LoadAssemblies (92ms)
			RebuildTransferFunctionScriptingTraits (0ms)
			SetupTypeCache (156ms)
			ReleaseScriptCaches (0ms)
			RebuildScriptCaches (45ms)
			SetupLoadedEditorAssemblies (317ms)
				LogAssemblyErrors (0ms)
				InitializePlatformSupportModulesInManaged (13ms)
				SetLoadedEditorAssemblies (0ms)
				RefreshPlugins (141ms)
				BeforeProcessingInitializeOnLoad (1ms)
				ProcessInitializeOnLoadAttributes (117ms)
				ProcessInitializeOnLoadMethodAttributes (44ms)
				AfterProcessingInitializeOnLoad (0ms)
				EditorAssembliesLoaded (0ms)
			ExecutionOrderSort2 (0ms)
			AwakeInstancesAfterBackupRestoration (0ms)
Platform modules already initialized, skipping
Registering precompiled user dll's ...
Registered in 0.003680 seconds.
Begin MonoManager ReloadAssembly
Symbol file LoadedFromMemory doesn't match image D:\uniyi\HorrorGleb\Library\PackageCache\com.unity.visualscripting@1.7.8\Editor\VisualScripting.Core\Dependencies\YamlDotNet\Unity.VisualScripting.YamlDotNet.dll
Symbol file LoadedFromMemory doesn't match image D:\uniyi\HorrorGleb\Library\PackageCache\com.unity.visualscripting@1.7.8\Editor\VisualScripting.Core\Dependencies\DotNetZip\Unity.VisualScripting.IonicZip.dll
Native extension for UWP target not found
Native extension for WindowsStandalone target not found
Native extension for WebGL target not found
Refreshing native plugins compatible for Editor in 120.34 ms, found 3 plugins.
Preloading 0 native plugins for Editor in 0.00 ms.
Mono: successfully reloaded assembly
- Completed reload, in  1.203 seconds
Domain Reload Profiling:
	ReloadAssembly (1204ms)
		BeginReloadAssembly (105ms)
			ExecutionOrderSort (0ms)
			DisableScriptedObjects (6ms)
			BackupInstance (0ms)
			ReleaseScriptingObjects (0ms)
			CreateAndSetChildDomain (20ms)
		EndReloadAssembly (988ms)
			LoadAssemblies (77ms)
			RebuildTransferFunctionScriptingTraits (0ms)
			SetupTypeCache (274ms)
			ReleaseScriptCaches (2ms)
			RebuildScriptCaches (57ms)
			SetupLoadedEditorAssemblies (537ms)
				LogAssemblyErrors (0ms)
				InitializePlatformSupportModulesInManaged (5ms)
				SetLoadedEditorAssemblies (0ms)
				RefreshPlugins (120ms)
				BeforeProcessingInitializeOnLoad (102ms)
				ProcessInitializeOnLoadAttributes (285ms)
				ProcessInitializeOnLoadMethodAttributes (21ms)
				AfterProcessingInitializeOnLoad (3ms)
				EditorAssembliesLoaded (0ms)
			ExecutionOrderSort2 (0ms)
			AwakeInstancesAfterBackupRestoration (6ms)
Platform modules already initialized, skipping
========================================================================
Worker process is ready to serve import requests
Launched and connected shader compiler UnityShaderCompiler.exe after 0.13 seconds
Refreshing native plugins compatible for Editor in 1.43 ms, found 3 plugins.
Preloading 0 native plugins for Editor in 0.00 ms.
Unloading 3919 Unused Serialized files (Serialized files now loaded: 0)
Unloading 32 unused Assets / (495.1 KB). Loaded Objects now: 4420.
Memory consumption went from 167.2 MB to 166.8 MB.
Total: 4.943000 ms (FindLiveObjects: 0.485600 ms CreateObjectMapping: 0.125500 ms MarkObjects: 3.890500 ms  DeleteObjects: 0.439400 ms)

AssetImportParameters requested are different than current active one (requested -> active):
  custom:video-decoder-ogg-theora: a1e56fd34408186e4bbccfd4996cb3dc -> 
  custom:container-muxer-webm: aa71ff27fc2769a1b78a27578f13a17b -> 
  custom:container-demuxer-webm: 4f35f7cbe854078d1ac9338744f61a02 -> 
  custom:video-encoder-webm-vp8: eb34c28f22e8b96e1ab97ce403110664 -> 
  custom:audio-encoder-webm-vorbis: bf7c407c2cedff20999df2af8eb42d56 -> 
  custom:framework-win-MediaFoundation: 216162199b28c13a410421893ffa2e32 -> 
  custom:container-demuxer-ogg: 62fdf1f143b41e24485cea50d1cbac27 -> 
  custom:video-decoder-webm-vp8: 9c59270c3fd7afecdb556c50c9e8de78 -> 
  custom:audio-decoder-ogg-vorbis: bf7c407c2cedff20999df2af8eb42d56 -> 
========================================================================
Received Import Request.
  Time since last request: 897120.470914 seconds.
  path: Assets/Mat/Towers_PBR/Prefabs/Wooden_Tower.prefab
  artifactKey: Guid(e5fb3cb08e376a74abff404b8dd33228) Importer(815301076,1909f56bfc062723c751e8b465ee728b)
Start importing Assets/Mat/Towers_PBR/Prefabs/Wooden_Tower.prefab using Guid(e5fb3cb08e376a74abff404b8dd33228) Importer(815301076,1909f56bfc062723c751e8b465ee728b)  -> (artifact id: '228e58073275d2e961a034559eae9ea4') in 0.550228 seconds 
========================================================================
Received Import Request.
  Time since last request: 3.773902 seconds.
  path: Assets/Mat/Towers_PBR/Skybox/Sky_01Day/1_FR.png
  artifactKey: Guid(ac17ba70e83b29f40a91ff830137f8c6) Importer(815301076,1909f56bfc062723c751e8b465ee728b)
Start importing Assets/Mat/Towers_PBR/Skybox/Sky_01Day/1_FR.png using Guid(ac17ba70e83b29f40a91ff830137f8c6) Importer(815301076,1909f56bfc062723c751e8b465ee728b)  -> (artifact id: '60573fa72866490bb54966e07f6a12c9') in 0.405566 seconds 
========================================================================
Received Import Request.
  Time since last request: 0.000028 seconds.
  path: Assets/Mat/Towers_PBR/Skybox/Sky_01Day/1_RT.png
  artifactKey: Guid(3639cf6bcef1f8b4eb5e9e4421050ada) Importer(815301076,1909f56bfc062723c751e8b465ee728b)
Start importing Assets/Mat/Towers_PBR/Skybox/Sky_01Day/1_RT.png using Guid(3639cf6bcef1f8b4eb5e9e4421050ada) Importer(815301076,1909f56bfc062723c751e8b465ee728b)  -> (artifact id: 'afedd18ca57b8681872c25b734911ccb') in 0.141653 seconds 
========================================================================
Received Import Request.
  Time since last request: 16.617932 seconds.
  path: Assets/Mat/Towers_PBR/Ground/Ground.png
  artifactKey: Guid(1be956f6b81bad444be9b5f3cc03289b) Importer(815301076,1909f56bfc062723c751e8b465ee728b)
Start importing Assets/Mat/Towers_PBR/Ground/Ground.png using Guid(1be956f6b81bad444be9b5f3cc03289b) Importer(815301076,1909f56bfc062723c751e8b465ee728b)  -> (artifact id: '4be015a7879ee9e12eee2db14a041781') in 0.171490 seconds 
========================================================================
Received Import Request.
  Time since last request: 0.000032 seconds.
  path: Assets/Mat/Towers_PBR/Ground/Ground_N.png
  artifactKey: Guid(b6592036566c80b42afa88bb28efa3c4) Importer(815301076,1909f56bfc062723c751e8b465ee728b)
Start importing Assets/Mat/Towers_PBR/Ground/Ground_N.png using Guid(b6592036566c80b42afa88bb28efa3c4) Importer(815301076,1909f56bfc062723c751e8b465ee728b)  -> (artifact id: 'ac09088715df0dba91881716ab9da8bf') in 0.054098 seconds 
========================================================================
Received Import Request.
  Time since last request: 7.899977 seconds.
  path: Assets/Mat/Towers_PBR/Metal_Tower/Metal_Tower_Textures/Metal_Tower_01.png
  artifactKey: Guid(c3b86072854e3aa45a5bf8cc93dd4540) Importer(815301076,1909f56bfc062723c751e8b465ee728b)
Start importing Assets/Mat/Towers_PBR/Metal_Tower/Metal_Tower_Textures/Metal_Tower_01.png using Guid(c3b86072854e3aa45a5bf8cc93dd4540) Importer(815301076,1909f56bfc062723c751e8b465ee728b)  -> (artifact id: 'fe97779c7b014540b4974d31aeb8d633') in 0.025611 seconds 
========================================================================
Received Import Request.
  Time since last request: 0.000028 seconds.
  path: Assets/Mat/Towers_PBR/Metal_Tower/Metal_Tower_Textures/Metal_Tower_02_AO.png
  artifactKey: Guid(a8697d0da5594ef4c980fb8f72464583) Importer(815301076,1909f56bfc062723c751e8b465ee728b)
Start importing Assets/Mat/Towers_PBR/Metal_Tower/Metal_Tower_Textures/Metal_Tower_02_AO.png using Guid(a8697d0da5594ef4c980fb8f72464583) Importer(815301076,1909f56bfc062723c751e8b465ee728b)  -> (artifact id: '3d710b2ca61dc95566dce8183aed4677') in 0.022867 seconds 
========================================================================
Received Import Request.
  Time since last request: 0.000035 seconds.
  path: Assets/Mat/Towers_PBR/Metal_Tower/Metal_Tower_Textures/Metal_Tower_01_AO.png
  artifactKey: Guid(d4698c893b20c824db249a63a6a68ba6) Importer(815301076,1909f56bfc062723c751e8b465ee728b)
Start importing Assets/Mat/Towers_PBR/Metal_Tower/Metal_Tower_Textures/Metal_Tower_01_AO.png using Guid(d4698c893b20c824db249a63a6a68ba6) Importer(815301076,1909f56bfc062723c751e8b465ee728b)  -> (artifact id: 'b5c2e6f383fdef18ae992616e28e4ef3') in 0.024714 seconds 
========================================================================
Received Import Request.
  Time since last request: 0.000057 seconds.
  path: Assets/Mat/Towers_PBR/Metal_Tower/Metal_Tower_Textures/Metal_Tower_03_R.png
  artifactKey: Guid(341dd4e1f8e93f74ea9de23e12cd5228) Importer(815301076,1909f56bfc062723c751e8b465ee728b)
Start importing Assets/Mat/Towers_PBR/Metal_Tower/Metal_Tower_Textures/Metal_Tower_03_R.png using Guid(341dd4e1f8e93f74ea9de23e12cd5228) Importer(815301076,1909f56bfc062723c751e8b465ee728b)  -> (artifact id: '39bbe773fb3b15dead5270907456b70f') in 0.024790 seconds 
========================================================================
Received Import Request.
  Time since last request: 0.000054 seconds.
  path: Assets/Mat/Towers_PBR/Metal_Tower/Metal_Tower_Textures/Metal_Tower_02_R.png
  artifactKey: Guid(609434e4346404947bfaf77a70f4ac6d) Importer(815301076,1909f56bfc062723c751e8b465ee728b)
Start importing Assets/Mat/Towers_PBR/Metal_Tower/Metal_Tower_Textures/Metal_Tower_02_R.png using Guid(609434e4346404947bfaf77a70f4ac6d) Importer(815301076,1909f56bfc062723c751e8b465ee728b)  -> (artifact id: '73b94d9ac0d34468707856ca6bf569d5') in 0.028667 seconds 
========================================================================
Received Import Request.
  Time since last request: 0.000039 seconds.
  path: Assets/Mat/Towers_PBR/Metal_Tower/Metal_Tower_Textures/Metal_Tower_03.png
  artifactKey: Guid(da310d1d707119c4eb4b1077ffbd829a) Importer(815301076,1909f56bfc062723c751e8b465ee728b)
Start importing Assets/Mat/Towers_PBR/Metal_Tower/Metal_Tower_Textures/Metal_Tower_03.png using Guid(da310d1d707119c4eb4b1077ffbd829a) Importer(815301076,1909f56bfc062723c751e8b465ee728b)  -> (artifact id: 'ba16a449fe65cba3e87315c77a775493') in 0.023702 seconds 
========================================================================
Received Import Request.
  Time since last request: 0.000036 seconds.
  path: Assets/Mat/Towers_PBR/Metal_Tower/Metal_Tower_Textures/Metal_Tower_01_R.png
  artifactKey: Guid(cfaf2c74c60b9df4ebf0c8f6a04aac71) Importer(815301076,1909f56bfc062723c751e8b465ee728b)
Start importing Assets/Mat/Towers_PBR/Metal_Tower/Metal_Tower_Textures/Metal_Tower_01_R.png using Guid(cfaf2c74c60b9df4ebf0c8f6a04aac71) Importer(815301076,1909f56bfc062723c751e8b465ee728b)  -> (artifact id: 'e957cbae9c70bdbf22ea5e2bfb6e5432') in 0.027174 seconds 
========================================================================
Received Import Request.
  Time since last request: 30.499858 seconds.
  path: Assets/Mat/Towers_PBR/Metal_Tower/Metal_Tower_Textures/Glass_N.png
  artifactKey: Guid(323a11e1dac9443408dce6774564dd3b) Importer(815301076,1909f56bfc062723c751e8b465ee728b)
Start importing Assets/Mat/Towers_PBR/Metal_Tower/Metal_Tower_Textures/Glass_N.png using Guid(323a11e1dac9443408dce6774564dd3b) Importer(815301076,1909f56bfc062723c751e8b465ee728b)  -> (artifact id: '123fdd99415e403bfe62b1a3f78ce2c7') in 0.027681 seconds 
========================================================================
Received Import Request.
  Time since last request: 0.000036 seconds.
  path: Assets/Mat/Towers_PBR/Metal_Tower/Metal_Tower_Textures/Metal_Tower_01_AO.png
  artifactKey: Guid(d4698c893b20c824db249a63a6a68ba6) Importer(815301076,1909f56bfc062723c751e8b465ee728b)
Start importing Assets/Mat/Towers_PBR/Metal_Tower/Metal_Tower_Textures/Metal_Tower_01_AO.png using Guid(d4698c893b20c824db249a63a6a68ba6) Importer(815301076,1909f56bfc062723c751e8b465ee728b)  -> (artifact id: 'eb2f9c0804687965be8034afad6c59d9') in 0.020442 seconds 
========================================================================
Received Import Request.
  Time since last request: 0.000051 seconds.
  path: Assets/Mat/Towers_PBR/Metal_Tower/Metal_Tower_Textures/Metal_Tower_02_M.png
  artifactKey: Guid(c75ae6abcaa2fea44b7f25be53f616a2) Importer(815301076,1909f56bfc062723c751e8b465ee728b)
Start importing Assets/Mat/Towers_PBR/Metal_Tower/Metal_Tower_Textures/Metal_Tower_02_M.png using Guid(c75ae6abcaa2fea44b7f25be53f616a2) Importer(815301076,1909f56bfc062723c751e8b465ee728b)  -> (artifact id: '4b2743b6aebd8a246fef4c83e3762909') in 0.022832 seconds 
========================================================================
Received Import Request.
  Time since last request: 0.000059 seconds.
  path: Assets/Mat/Towers_PBR/Metal_Tower/Metal_Tower_Textures/Metal_Tower_02_R.png
  artifactKey: Guid(609434e4346404947bfaf77a70f4ac6d) Importer(815301076,1909f56bfc062723c751e8b465ee728b)
Start importing Assets/Mat/Towers_PBR/Metal_Tower/Metal_Tower_Textures/Metal_Tower_02_R.png using Guid(609434e4346404947bfaf77a70f4ac6d) Importer(815301076,1909f56bfc062723c751e8b465ee728b)  -> (artifact id: 'c0e7bcde51a9190ae40ed9576d961d85') in 0.019609 seconds 
========================================================================
Received Import Request.
  Time since last request: 0.000034 seconds.
  path: Assets/Mat/Towers_PBR/Metal_Tower/Metal_Tower_Textures/Metal_Tower_03.png
  artifactKey: Guid(da310d1d707119c4eb4b1077ffbd829a) Importer(815301076,1909f56bfc062723c751e8b465ee728b)
Start importing Assets/Mat/Towers_PBR/Metal_Tower/Metal_Tower_Textures/Metal_Tower_03.png using Guid(da310d1d707119c4eb4b1077ffbd829a) Importer(815301076,1909f56bfc062723c751e8b465ee728b)  -> (artifact id: 'a6f6feba83676e380ab9b472c29dcf96') in 0.022675 seconds 
========================================================================
Received Import Request.
  Time since last request: 6.883973 seconds.
  path: Assets/Mat/Towers_PBR/Wooden_Tower/Wooden_Tower_Textures/Wooden_Tower_01_M.png
  artifactKey: Guid(f989e318659507344857ed05048533a4) Importer(815301076,1909f56bfc062723c751e8b465ee728b)
Start importing Assets/Mat/Towers_PBR/Wooden_Tower/Wooden_Tower_Textures/Wooden_Tower_01_M.png using Guid(f989e318659507344857ed05048533a4) Importer(815301076,1909f56bfc062723c751e8b465ee728b)  -> (artifact id: 'b332b76ab9e5e0e6614770ac1746c95c') in 0.047610 seconds 
========================================================================
Received Import Request.
  Time since last request: 0.000038 seconds.
  path: Assets/Mat/Towers_PBR/Wooden_Tower/Wooden_Tower_Textures/Wooden_Tower_02_N.png
  artifactKey: Guid(85398d17c657f7c4d98d0c265e0720fc) Importer(815301076,1909f56bfc062723c751e8b465ee728b)
Start importing Assets/Mat/Towers_PBR/Wooden_Tower/Wooden_Tower_Textures/Wooden_Tower_02_N.png using Guid(85398d17c657f7c4d98d0c265e0720fc) Importer(815301076,1909f56bfc062723c751e8b465ee728b)  -> (artifact id: '965e993ad1f2245870470eb9dec9f718') in 0.020052 seconds 
========================================================================
Received Import Request.
  Time since last request: 0.000024 seconds.
  path: Assets/Mat/Towers_PBR/Wooden_Tower/Wooden_Tower_Textures/Wooden_Tower_01_R.png
  artifactKey: Guid(ba9c148918e8ba64db1b10b7f63794a3) Importer(815301076,1909f56bfc062723c751e8b465ee728b)
Start importing Assets/Mat/Towers_PBR/Wooden_Tower/Wooden_Tower_Textures/Wooden_Tower_01_R.png using Guid(ba9c148918e8ba64db1b10b7f63794a3) Importer(815301076,1909f56bfc062723c751e8b465ee728b)  -> (artifact id: '353fc684fd7d2a986faf7a2cfcd0436d') in 0.021558 seconds 
========================================================================
Received Import Request.
  Time since last request: 16.505735 seconds.
  path: Assets/Mat/Towers_PBR/Wooden_Tower/Wooden_Tower_Textures/Wooden_Tower_01_AO.png
  artifactKey: Guid(bf85a9f648c2c66479204ec650208067) Importer(815301076,1909f56bfc062723c751e8b465ee728b)
Start importing Assets/Mat/Towers_PBR/Wooden_Tower/Wooden_Tower_Textures/Wooden_Tower_01_AO.png using Guid(bf85a9f648c2c66479204ec650208067) Importer(815301076,1909f56bfc062723c751e8b465ee728b)  -> (artifact id: 'c3b1a6a89aa14303ecfd392f0a66d333') in 0.029152 seconds 
========================================================================
Received Import Request.
  Time since last request: 0.000021 seconds.
  path: Assets/Mat/Towers_PBR/Wooden_Tower/Wooden_Tower_Textures/Wooden_Tower_02_M.png
  artifactKey: Guid(0a005da7e5584b1498e79fabf89d36ca) Importer(815301076,1909f56bfc062723c751e8b465ee728b)
Start importing Assets/Mat/Towers_PBR/Wooden_Tower/Wooden_Tower_Textures/Wooden_Tower_02_M.png using Guid(0a005da7e5584b1498e79fabf89d36ca) Importer(815301076,1909f56bfc062723c751e8b465ee728b)  -> (artifact id: '7fb0e0fcd77c1f3ec997f7de2642b3e5') in 0.095534 seconds 
========================================================================
Received Import Request.
  Time since last request: 0.000029 seconds.
  path: Assets/Mat/Towers_PBR/Wooden_Tower/Wooden_Tower_Textures/Wooden_Tower_01_N.png
  artifactKey: Guid(ff2081f80a2fdb146b2c569c30c6fa42) Importer(815301076,1909f56bfc062723c751e8b465ee728b)
Start importing Assets/Mat/Towers_PBR/Wooden_Tower/Wooden_Tower_Textures/Wooden_Tower_01_N.png using Guid(ff2081f80a2fdb146b2c569c30c6fa42) Importer(815301076,1909f56bfc062723c751e8b465ee728b)  -> (artifact id: 'e6d1a4386ee0c6ab6cf5c4a7d71bffec') in 0.069900 seconds 
========================================================================
Received Import Request.
  Time since last request: 65.471327 seconds.
  path: Assets/Mat/96be4387087c86e3e741e5797be4a415.jpg
  artifactKey: Guid(af4114de112d1d548843da19444ee03f) Importer(815301076,1909f56bfc062723c751e8b465ee728b)
Start importing Assets/Mat/96be4387087c86e3e741e5797be4a415.jpg using Guid(af4114de112d1d548843da19444ee03f) Importer(815301076,1909f56bfc062723c751e8b465ee728b)  -> (artifact id: '0068a2813a2cdedca1ba903197b4ef63') in 0.029407 seconds 
========================================================================
Received Import Request.
  Time since last request: 0.000052 seconds.
  path: Assets/Mat/New Material 1.mat
  artifactKey: Guid(35e750fdf0706a545b1c74dafa7e8bd1) Importer(815301076,1909f56bfc062723c751e8b465ee728b)
Start importing Assets/Mat/New Material 1.mat using Guid(35e750fdf0706a545b1c74dafa7e8bd1) Importer(815301076,1909f56bfc062723c751e8b465ee728b)  -> (artifact id: '9e9fbacfe8eceadb8a163ca88458699e') in 0.070291 seconds 
========================================================================
Received Import Request.
  Time since last request: 54.812717 seconds.
  path: Assets/Mat/Morgue Room PBR/Models/floor/Decals/ralo_metallic.tga
  artifactKey: Guid(d66d379b503abf94f9bd6cc5bbf611eb) Importer(815301076,1909f56bfc062723c751e8b465ee728b)
Start importing Assets/Mat/Morgue Room PBR/Models/floor/Decals/ralo_metallic.tga using Guid(d66d379b503abf94f9bd6cc5bbf611eb) Importer(815301076,1909f56bfc062723c751e8b465ee728b)  -> (artifact id: '286cb9c2f8b5580f0275214726daaa9f') in 0.090829 seconds 
========================================================================
Received Import Request.
  Time since last request: 0.000034 seconds.
  path: Assets/Mat/Morgue Room PBR/Models/floor/Decals/ralo_normal.tga
  artifactKey: Guid(913a3d2d69fb6524db300d8d95f756e9) Importer(815301076,1909f56bfc062723c751e8b465ee728b)
Start importing Assets/Mat/Morgue Room PBR/Models/floor/Decals/ralo_normal.tga using Guid(913a3d2d69fb6524db300d8d95f756e9) Importer(815301076,1909f56bfc062723c751e8b465ee728b)  -> (artifact id: '8f224d53add9279154a9f659cc724299') in 0.041643 seconds 
========================================================================
Received Import Request.
  Time since last request: 2.931353 seconds.
  path: Assets/Mat/Morgue Room PBR/Models/floor/Materials/ceiling_01_mat.mat
  artifactKey: Guid(9d0b89dd5f51ec6428c88bb296cfa117) Importer(815301076,1909f56bfc062723c751e8b465ee728b)
Start importing Assets/Mat/Morgue Room PBR/Models/floor/Materials/ceiling_01_mat.mat using Guid(9d0b89dd5f51ec6428c88bb296cfa117) Importer(815301076,1909f56bfc062723c751e8b465ee728b)  -> (artifact id: 'f383fc48f847157c0a6b90c557c9dacc') in 0.048253 seconds 
========================================================================
Received Import Request.
  Time since last request: 0.000020 seconds.
  path: Assets/Mat/Morgue Room PBR/Models/floor/Materials/lambert1.mat
  artifactKey: Guid(5f4e13ad018640a4c8d8a222073ec51f) Importer(815301076,1909f56bfc062723c751e8b465ee728b)
Start importing Assets/Mat/Morgue Room PBR/Models/floor/Materials/lambert1.mat using Guid(5f4e13ad018640a4c8d8a222073ec51f) Importer(815301076,1909f56bfc062723c751e8b465ee728b)  -> (artifact id: '43a307948104a4839e8cd810a7ebfa44') in 0.038950 seconds 
========================================================================
Received Import Request.
  Time since last request: 0.000028 seconds.
  path: Assets/Mat/Morgue Room PBR/Models/floor/Materials/ceiling_01_metallic.tga
  artifactKey: Guid(4f23f9c16e7b9094fbe73acb6e9bdfe5) Importer(815301076,1909f56bfc062723c751e8b465ee728b)
Start importing Assets/Mat/Morgue Room PBR/Models/floor/Materials/ceiling_01_metallic.tga using Guid(4f23f9c16e7b9094fbe73acb6e9bdfe5) Importer(815301076,1909f56bfc062723c751e8b465ee728b)  -> (artifact id: '2e617a1d2efd3f15b7a909a5d65c9d33') in 0.023456 seconds 
========================================================================
Received Import Request.
  Time since last request: 0.000054 seconds.
  path: Assets/Mat/Morgue Room PBR/Models/floor/Materials/floor_01_metallic.tga
  artifactKey: Guid(11fb7c41eed148b499508e80ff960b12) Importer(815301076,1909f56bfc062723c751e8b465ee728b)
Start importing Assets/Mat/Morgue Room PBR/Models/floor/Materials/floor_01_metallic.tga using Guid(11fb7c41eed148b499508e80ff960b12) Importer(815301076,1909f56bfc062723c751e8b465ee728b)  -> (artifact id: '22bebcc5e0ea8f6f96b54d098ba193eb') in 0.034643 seconds 
========================================================================
Received Import Request.
  Time since last request: 0.000053 seconds.
  path: Assets/Mat/Morgue Room PBR/Models/floor/Materials/ceiling_01_normal.tga
  artifactKey: Guid(4c8935c1d651c5445ae94c4b723f4cea) Importer(815301076,1909f56bfc062723c751e8b465ee728b)
Start importing Assets/Mat/Morgue Room PBR/Models/floor/Materials/ceiling_01_normal.tga using Guid(4c8935c1d651c5445ae94c4b723f4cea) Importer(815301076,1909f56bfc062723c751e8b465ee728b)  -> (artifact id: '6f9b6af2bff367cd9ca6c83e80e5c778') in 0.026974 seconds 
========================================================================
Received Import Request.
  Time since last request: 18.929899 seconds.
  path: Assets/Mat/Morgue Room PBR/Models/floor/Materials/ceiling_01_mat.mat
  artifactKey: Guid(9d0b89dd5f51ec6428c88bb296cfa117) Importer(815301076,1909f56bfc062723c751e8b465ee728b)
Start importing Assets/Mat/Morgue Room PBR/Models/floor/Materials/ceiling_01_mat.mat using Guid(9d0b89dd5f51ec6428c88bb296cfa117) Importer(815301076,1909f56bfc062723c751e8b465ee728b)  -> (artifact id: 'a9518393fc37c4c893b4a4f8ad28fdb8') in 0.065287 seconds 
========================================================================
Received Import Request.
  Time since last request: 0.000026 seconds.
  path: Assets/Mat/Morgue Room PBR/Models/floor/Materials/floor_01_basecolor.tga
  artifactKey: Guid(8374b2c20a14d614c826c2370adc2373) Importer(815301076,1909f56bfc062723c751e8b465ee728b)
Start importing Assets/Mat/Morgue Room PBR/Models/floor/Materials/floor_01_basecolor.tga using Guid(8374b2c20a14d614c826c2370adc2373) Importer(815301076,1909f56bfc062723c751e8b465ee728b)  -> (artifact id: '58546c9a4a0141a5455bed8e8b90f4d6') in 0.020520 seconds 
========================================================================
Received Import Request.
  Time since last request: 0.000032 seconds.
  path: Assets/Mat/Morgue Room PBR/Models/floor/Materials/floor_01_mat.mat
  artifactKey: Guid(a7cc9c1f9de481c4bb6d14d30a6f58b3) Importer(815301076,1909f56bfc062723c751e8b465ee728b)
Start importing Assets/Mat/Morgue Room PBR/Models/floor/Materials/floor_01_mat.mat using Guid(a7cc9c1f9de481c4bb6d14d30a6f58b3) Importer(815301076,1909f56bfc062723c751e8b465ee728b)  -> (artifact id: 'f4c79218ef11a3e0859be71a07c4e9f7') in 0.034302 seconds 
========================================================================
Received Import Request.
  Time since last request: 5.998832 seconds.
  path: Assets/Mat/Morgue Room PBR/Models/wall/wall_corner01.fbx
  artifactKey: Guid(7f3d776ee10437a4aa47a26dd895cb66) Importer(815301076,1909f56bfc062723c751e8b465ee728b)
Start importing Assets/Mat/Morgue Room PBR/Models/wall/wall_corner01.fbx using Guid(7f3d776ee10437a4aa47a26dd895cb66) Importer(815301076,1909f56bfc062723c751e8b465ee728b)  -> (artifact id: '42adcdc39638710f358870adb2929b1e') in 0.161709 seconds 
========================================================================
Received Import Request.
  Time since last request: 0.000029 seconds.
  path: Assets/Mat/Morgue Room PBR/Models/wall/wall_piece03.fbx
  artifactKey: Guid(9554a543d125890489458687ac5c2129) Importer(815301076,1909f56bfc062723c751e8b465ee728b)
Start importing Assets/Mat/Morgue Room PBR/Models/wall/wall_piece03.fbx using Guid(9554a543d125890489458687ac5c2129) Importer(815301076,1909f56bfc062723c751e8b465ee728b)  -> (artifact id: '102fb9d04645d16ea81d2f3aff8ff920') in 0.081199 seconds 
========================================================================
Received Import Request.
  Time since last request: 0.000029 seconds.
  path: Assets/Mat/Morgue Room PBR/Models/wall/wall_doubledoor_single.fbx
  artifactKey: Guid(38fba425102dc894888efdd0cc54bb60) Importer(815301076,1909f56bfc062723c751e8b465ee728b)
Start importing Assets/Mat/Morgue Room PBR/Models/wall/wall_doubledoor_single.fbx using Guid(38fba425102dc894888efdd0cc54bb60) Importer(815301076,1909f56bfc062723c751e8b465ee728b)  -> (artifact id: 'b6d230851c1f68ac954b4918729987e1') in 0.076363 seconds 
========================================================================
Received Import Request.
  Time since last request: 0.000040 seconds.
  path: Assets/Mat/Morgue Room PBR/Models/wall/wall_corner02.fbx
  artifactKey: Guid(314f923f0cf37634c82f641025306c37) Importer(815301076,1909f56bfc062723c751e8b465ee728b)
Start importing Assets/Mat/Morgue Room PBR/Models/wall/wall_corner02.fbx using Guid(314f923f0cf37634c82f641025306c37) Importer(815301076,1909f56bfc062723c751e8b465ee728b)  -> (artifact id: '561a0a0745888a25b11e3edc6b247cf5') in 0.067532 seconds 
========================================================================
Received Import Request.
  Time since last request: 1.706316 seconds.
  path: Assets/Mat/Morgue Room PBR/Models/wall/Materials/doorframes_mat.mat
  artifactKey: Guid(4a07eb17452e0be4398aa22d30b4a627) Importer(815301076,1909f56bfc062723c751e8b465ee728b)
Start importing Assets/Mat/Morgue Room PBR/Models/wall/Materials/doorframes_mat.mat using Guid(4a07eb17452e0be4398aa22d30b4a627) Importer(815301076,1909f56bfc062723c751e8b465ee728b)  -> (artifact id: 'ed0471f209804e0a1f9a3a09505748b7') in 0.042967 seconds 
========================================================================
Received Import Request.
  Time since last request: 0.000019 seconds.
  path: Assets/Mat/Morgue Room PBR/Models/wall/Materials/wall2_metallic.tga
  artifactKey: Guid(2b08bd1457f379442a6acb52f5769dee) Importer(815301076,1909f56bfc062723c751e8b465ee728b)
Start importing Assets/Mat/Morgue Room PBR/Models/wall/Materials/wall2_metallic.tga using Guid(2b08bd1457f379442a6acb52f5769dee) Importer(815301076,1909f56bfc062723c751e8b465ee728b)  -> (artifact id: '0223f7c6de5ecc2ba6f28983e3044320') in 0.123985 seconds 
========================================================================
Received Import Request.
  Time since last request: 0.000043 seconds.
  path: Assets/Mat/Morgue Room PBR/Models/wall/Materials/doorframes_metallic.tga
  artifactKey: Guid(447b0dc3223d8a74ca97fefc35b94b65) Importer(815301076,1909f56bfc062723c751e8b465ee728b)
Start importing Assets/Mat/Morgue Room PBR/Models/wall/Materials/doorframes_metallic.tga using Guid(447b0dc3223d8a74ca97fefc35b94b65) Importer(815301076,1909f56bfc062723c751e8b465ee728b)  -> (artifact id: '08b11327bb8e01100d9fd385295308e6') in 0.022729 seconds 
========================================================================
Received Import Request.
  Time since last request: 0.000035 seconds.
  path: Assets/Mat/Morgue Room PBR/Models/wall/Materials/wall_normal.tga
  artifactKey: Guid(85329bdbbc430fc4d892154c0bf28117) Importer(815301076,1909f56bfc062723c751e8b465ee728b)
Start importing Assets/Mat/Morgue Room PBR/Models/wall/Materials/wall_normal.tga using Guid(85329bdbbc430fc4d892154c0bf28117) Importer(815301076,1909f56bfc062723c751e8b465ee728b)  -> (artifact id: '4ab5462a09b641725d1bec0cd6d56dec') in 0.025142 seconds 
========================================================================
Received Import Request.
  Time since last request: 29.835598 seconds.
  path: Assets/Mat/Morgue Room PBR/Models/wall/Materials/doorframes_mat.mat
  artifactKey: Guid(4a07eb17452e0be4398aa22d30b4a627) Importer(815301076,1909f56bfc062723c751e8b465ee728b)
Start importing Assets/Mat/Morgue Room PBR/Models/wall/Materials/doorframes_mat.mat using Guid(4a07eb17452e0be4398aa22d30b4a627) Importer(815301076,1909f56bfc062723c751e8b465ee728b)  -> (artifact id: 'c604cf4d8bef3e90b8f44c0e682a6860') in 0.208467 seconds 
========================================================================
Received Import Request.
  Time since last request: 0.000034 seconds.
  path: Assets/Mat/Morgue Room PBR/Models/wall/Materials/doorframes_normal.tga
  artifactKey: Guid(ba7ff999e270f0644858db8cb5283551) Importer(815301076,1909f56bfc062723c751e8b465ee728b)
Start importing Assets/Mat/Morgue Room PBR/Models/wall/Materials/doorframes_normal.tga using Guid(ba7ff999e270f0644858db8cb5283551) Importer(815301076,1909f56bfc062723c751e8b465ee728b)  -> (artifact id: '60454efcff508c7feb98188b6fe632d3') in 0.020505 seconds 
========================================================================
Received Import Request.
  Time since last request: 0.000074 seconds.
  path: Assets/Mat/Morgue Room PBR/Models/wall/Materials/wall2_normal.tga
  artifactKey: Guid(c3ee295756c9b6540b01d1557c0eb28d) Importer(815301076,1909f56bfc062723c751e8b465ee728b)
Start importing Assets/Mat/Morgue Room PBR/Models/wall/Materials/wall2_normal.tga using Guid(c3ee295756c9b6540b01d1557c0eb28d) Importer(815301076,1909f56bfc062723c751e8b465ee728b)  -> (artifact id: '2433f2f9bb9ac06d3f21854123e210b2') in 0.025094 seconds 
========================================================================
Received Import Request.
  Time since last request: 45.323698 seconds.
  path: Assets/Mat/Morgue Room PBR/Models/wall/wall_corner01.fbx
  artifactKey: Guid(7f3d776ee10437a4aa47a26dd895cb66) Importer(815301076,1909f56bfc062723c751e8b465ee728b)
Start importing Assets/Mat/Morgue Room PBR/Models/wall/wall_corner01.fbx using Guid(7f3d776ee10437a4aa47a26dd895cb66) Importer(815301076,1909f56bfc062723c751e8b465ee728b)  -> (artifact id: 'fb0ae444fbeb9c46341a227073fd79f8') in 0.034595 seconds 
========================================================================
Received Import Request.
  Time since last request: 0.000023 seconds.
  path: Assets/Mat/Morgue Room PBR/Models/wall/wall_piece03.fbx
  artifactKey: Guid(9554a543d125890489458687ac5c2129) Importer(815301076,1909f56bfc062723c751e8b465ee728b)
Start importing Assets/Mat/Morgue Room PBR/Models/wall/wall_piece03.fbx using Guid(9554a543d125890489458687ac5c2129) Importer(815301076,1909f56bfc062723c751e8b465ee728b)  -> (artifact id: 'b7e79dccf6b5c8e281871fae78de85eb') in 0.045192 seconds 
========================================================================
Received Import Request.
  Time since last request: 0.000037 seconds.
  path: Assets/Mat/Morgue Room PBR/Models/wall/wall_piece01.fbx
  artifactKey: Guid(5ad9ee1b19ec3bf4cb86b01d9d07cebc) Importer(815301076,1909f56bfc062723c751e8b465ee728b)
Start importing Assets/Mat/Morgue Room PBR/Models/wall/wall_piece01.fbx using Guid(5ad9ee1b19ec3bf4cb86b01d9d07cebc) Importer(815301076,1909f56bfc062723c751e8b465ee728b)  -> (artifact id: '36eb2756cb3e3d9573c0c236aa8f2eac') in 0.054320 seconds 
========================================================================
Received Import Request.
  Time since last request: 24.971259 seconds.
  path: Assets/SpitzSoft/Male Models Sampler/Male_Cauc/textures/eyelashes01.png
  artifactKey: Guid(9fb592038070bc24c898237623a99b75) Importer(815301076,1909f56bfc062723c751e8b465ee728b)
Start importing Assets/SpitzSoft/Male Models Sampler/Male_Cauc/textures/eyelashes01.png using Guid(9fb592038070bc24c898237623a99b75) Importer(815301076,1909f56bfc062723c751e8b465ee728b)  -> (artifact id: '74660ef6d4038f0005e233f4c85b517b') in 0.046423 seconds 
========================================================================
Received Import Request.
  Time since last request: 0.000024 seconds.
  path: Assets/SpitzSoft/Male Models Sampler/Male_Cauc/textures/shoes03_diffuse.png
  artifactKey: Guid(4c29e18157de92e4c8c95414d59a7db2) Importer(815301076,1909f56bfc062723c751e8b465ee728b)
Start importing Assets/SpitzSoft/Male Models Sampler/Male_Cauc/textures/shoes03_diffuse.png using Guid(4c29e18157de92e4c8c95414d59a7db2) Importer(815301076,1909f56bfc062723c751e8b465ee728b)  -> (artifact id: 'e7ab2b418f1b5018cb72dd73c68974ca') in 0.063227 seconds 
========================================================================
Received Import Request.
  Time since last request: 0.000032 seconds.
  path: Assets/SpitzSoft/Male Models Sampler/Male_Cauc/textures/short02_diffuse.png
  artifactKey: Guid(dc05f3ca3fc7eaf41aa3cac4af89598e) Importer(815301076,1909f56bfc062723c751e8b465ee728b)
Start importing Assets/SpitzSoft/Male Models Sampler/Male_Cauc/textures/short02_diffuse.png using Guid(dc05f3ca3fc7eaf41aa3cac4af89598e) Importer(815301076,1909f56bfc062723c751e8b465ee728b)  -> (artifact id: '1e731c6f92f3a53d5a027fd33d622797') in 0.132028 seconds 
========================================================================
Received Import Request.
  Time since last request: 24.574885 seconds.
  path: Assets/SpitzSoft/Male Models Sampler/Male_Cauc/textures/eyebrow001.png
  artifactKey: Guid(6940c181c95013849afacf73f42490cb) Importer(815301076,1909f56bfc062723c751e8b465ee728b)
Start importing Assets/SpitzSoft/Male Models Sampler/Male_Cauc/textures/eyebrow001.png using Guid(6940c181c95013849afacf73f42490cb) Importer(815301076,1909f56bfc062723c751e8b465ee728b)  -> (artifact id: '3896ea5781d1d33ba34d6cc521c87ee8') in 0.023801 seconds 
========================================================================
Received Import Request.
  Time since last request: 0.000034 seconds.
  path: Assets/SpitzSoft/Male Models Sampler/Male_Cauc/textures/shoes03_diffuse.png
  artifactKey: Guid(4c29e18157de92e4c8c95414d59a7db2) Importer(815301076,1909f56bfc062723c751e8b465ee728b)
Start importing Assets/SpitzSoft/Male Models Sampler/Male_Cauc/textures/shoes03_diffuse.png using Guid(4c29e18157de92e4c8c95414d59a7db2) Importer(815301076,1909f56bfc062723c751e8b465ee728b)  -> (artifact id: '38a46822c1b9d09d3963d4d45f4c1ebb') in 0.087593 seconds 
========================================================================
Received Import Request.
  Time since last request: 27.715347 seconds.
  path: Assets/Mat/08.B0201-1/Textures/B0201@1_SpecularSmoothness.png
  artifactKey: Guid(78225e2cae529fa489c9137acd69bc32) Importer(815301076,1909f56bfc062723c751e8b465ee728b)
Start importing Assets/Mat/08.B0201-1/Textures/B0201@1_SpecularSmoothness.png using Guid(78225e2cae529fa489c9137acd69bc32) Importer(815301076,1909f56bfc062723c751e8b465ee728b)  -> (artifact id: '095a58b030b542c4b91f53339ec6aae6') in 0.034557 seconds 
========================================================================
Received Import Request.
  Time since last request: 12.054521 seconds.
  path: Assets/Mat/08.B0201-1/Textures/B0201@1_SpecularSmoothness.png
  artifactKey: Guid(78225e2cae529fa489c9137acd69bc32) Importer(815301076,1909f56bfc062723c751e8b465ee728b)
Start importing Assets/Mat/08.B0201-1/Textures/B0201@1_SpecularSmoothness.png using Guid(78225e2cae529fa489c9137acd69bc32) Importer(815301076,1909f56bfc062723c751e8b465ee728b)  -> (artifact id: '2912d1d4648b2da4aaf8497ef917a4d1') in 0.022793 seconds 
========================================================================
Received Import Request.
  Time since last request: 8.468013 seconds.
  path: Assets/Mat/Assets_FenceChained/models/chainlink_barbwire-3.FBX
  artifactKey: Guid(7ad6fa53f59b2944dbbdfaf6c7226bf0) Importer(815301076,1909f56bfc062723c751e8b465ee728b)
Start importing Assets/Mat/Assets_FenceChained/models/chainlink_barbwire-3.FBX using Guid(7ad6fa53f59b2944dbbdfaf6c7226bf0) Importer(815301076,1909f56bfc062723c751e8b465ee728b)  -> (artifact id: 'c2c8bf29266b426314b80588aa8ee831') in 0.322583 seconds 
========================================================================
Received Import Request.
  Time since last request: 0.000075 seconds.
  path: Assets/Mat/Assets_FenceChained/models/chainlink_group-2.FBX
  artifactKey: Guid(b96fc74c65fd9db40bfde7740f7a9d17) Importer(815301076,1909f56bfc062723c751e8b465ee728b)
Start importing Assets/Mat/Assets_FenceChained/models/chainlink_group-2.FBX using Guid(b96fc74c65fd9db40bfde7740f7a9d17) Importer(815301076,1909f56bfc062723c751e8b465ee728b)  -> (artifact id: 'a0ae2f943de8875244aa4bcb45cd8b9e') in 0.079104 seconds 
========================================================================
Received Import Request.
  Time since last request: 0.000116 seconds.
  path: Assets/Mat/Assets_FenceChained/models/chainlink_single.FBX
  artifactKey: Guid(73c2999be80b3be4e816d348fea624e1) Importer(815301076,1909f56bfc062723c751e8b465ee728b)
Start importing Assets/Mat/Assets_FenceChained/models/chainlink_single.FBX using Guid(73c2999be80b3be4e816d348fea624e1) Importer(815301076,1909f56bfc062723c751e8b465ee728b)  -> (artifact id: '9fcaf1dba31fe7ae6d6f160fb78b2792') in 0.091918 seconds 
========================================================================
Received Import Request.
  Time since last request: 3.213982 seconds.
  path: Assets/Mat/Assets_FenceChained/models/Materials/metal_fence-1.tga
  artifactKey: Guid(752d7d5c2778f3a47b36be0aeb798dc7) Importer(815301076,1909f56bfc062723c751e8b465ee728b)
Start importing Assets/Mat/Assets_FenceChained/models/Materials/metal_fence-1.tga using Guid(752d7d5c2778f3a47b36be0aeb798dc7) Importer(815301076,1909f56bfc062723c751e8b465ee728b)  -> (artifact id: 'd675cf0ca0ca2b69cd8b2a4d5c188729') in 0.024174 seconds 
========================================================================
Received Import Request.
  Time since last request: 0.000027 seconds.
  path: Assets/Mat/Assets_FenceChained/models/Materials/metal_fence-1_specular.tga
  artifactKey: Guid(2ca69883c541ffa4c9a496e6178c90ac) Importer(815301076,1909f56bfc062723c751e8b465ee728b)
Start importing Assets/Mat/Assets_FenceChained/models/Materials/metal_fence-1_specular.tga using Guid(2ca69883c541ffa4c9a496e6178c90ac) Importer(815301076,1909f56bfc062723c751e8b465ee728b)  -> (artifact id: '0b4e759b3f974cf04c58d230aedab1a6') in 0.021117 seconds 
========================================================================
Received Import Request.
  Time since last request: 0.000050 seconds.
  path: Assets/Mat/Assets_FenceChained/models/Materials/metal_fence-1_NORMAL.tga
  artifactKey: Guid(e743dc00728506548928e9e8468102a7) Importer(815301076,1909f56bfc062723c751e8b465ee728b)
Start importing Assets/Mat/Assets_FenceChained/models/Materials/metal_fence-1_NORMAL.tga using Guid(e743dc00728506548928e9e8468102a7) Importer(815301076,1909f56bfc062723c751e8b465ee728b)  -> (artifact id: 'eeb663651809d74f107efa0c6874c2c4') in 0.026678 seconds 
========================================================================
Received Import Request.
  Time since last request: 0.000034 seconds.
  path: Assets/Mat/Assets_FenceChained/models/Materials/panel-1_specular.tga
  artifactKey: Guid(eb92160a9148f754baa941186d9181e6) Importer(815301076,1909f56bfc062723c751e8b465ee728b)
Start importing Assets/Mat/Assets_FenceChained/models/Materials/panel-1_specular.tga using Guid(eb92160a9148f754baa941186d9181e6) Importer(815301076,1909f56bfc062723c751e8b465ee728b)  -> (artifact id: '75b0ec6b9ef0e3006649da3d62e8f144') in 0.077172 seconds 
========================================================================
Received Import Request.
  Time since last request: 22.543193 seconds.
  path: Assets/Mat/Assets_FenceChained/models/Materials/metal_fence-1.mat
  artifactKey: Guid(7b2405b9286794840873c049383b02fe) Importer(815301076,1909f56bfc062723c751e8b465ee728b)
Start importing Assets/Mat/Assets_FenceChained/models/Materials/metal_fence-1.mat using Guid(7b2405b9286794840873c049383b02fe) Importer(815301076,1909f56bfc062723c751e8b465ee728b)  -> (artifact id: 'a1a2d363acbe4989184ac315bc6ff018') in 0.091817 seconds 
========================================================================
Received Import Request.
  Time since last request: 0.000026 seconds.
  path: Assets/Mat/Assets_FenceChained/models/Materials/panel-1_specular.tga
  artifactKey: Guid(eb92160a9148f754baa941186d9181e6) Importer(815301076,1909f56bfc062723c751e8b465ee728b)
Start importing Assets/Mat/Assets_FenceChained/models/Materials/panel-1_specular.tga using Guid(eb92160a9148f754baa941186d9181e6) Importer(815301076,1909f56bfc062723c751e8b465ee728b)  -> (artifact id: 'f4f0139bfdab1ded1b047316e6ea8554') in 0.035960 seconds 
========================================================================
Received Import Request.
  Time since last request: 0.992782 seconds.
  path: Assets/Mat/Assets_FenceChained/models/chainlink_barbwire-3.FBX
  artifactKey: Guid(7ad6fa53f59b2944dbbdfaf6c7226bf0) Importer(815301076,1909f56bfc062723c751e8b465ee728b)
Start importing Assets/Mat/Assets_FenceChained/models/chainlink_barbwire-3.FBX using Guid(7ad6fa53f59b2944dbbdfaf6c7226bf0) Importer(815301076,1909f56bfc062723c751e8b465ee728b)  -> (artifact id: 'ce767920e85899a93525c1b751587ad6') in 0.060847 seconds 
========================================================================
Received Import Request.
  Time since last request: 0.000047 seconds.
  path: Assets/Mat/Assets_FenceChained/models/chainlink_group-1.FBX
  artifactKey: Guid(9a054218110e7774cb00b700ee363f87) Importer(815301076,1909f56bfc062723c751e8b465ee728b)
Start importing Assets/Mat/Assets_FenceChained/models/chainlink_group-1.FBX using Guid(9a054218110e7774cb00b700ee363f87) Importer(815301076,1909f56bfc062723c751e8b465ee728b)  -> (artifact id: '7ce516303472c25c961d8bf54a8562b9') in 0.073832 seconds 
========================================================================
Received Import Request.
  Time since last request: 18.243797 seconds.
  path: Assets/Mat/helicopyer/textures/Tex_1265_0.png
  artifactKey: Guid(d9b941fe3f0683d46a0cc1b99d1e3f4a) Importer(815301076,1909f56bfc062723c751e8b465ee728b)
Start importing Assets/Mat/helicopyer/textures/Tex_1265_0.png using Guid(d9b941fe3f0683d46a0cc1b99d1e3f4a) Importer(815301076,1909f56bfc062723c751e8b465ee728b)  -> (artifact id: '4d6cca2177117b3a80ed0d5bce5845bc') in 0.021678 seconds 
========================================================================
Received Import Request.
  Time since last request: 0.000030 seconds.
  path: Assets/Mat/helicopyer/textures/Tex_1345_0.png
  artifactKey: Guid(f7acbd910b0df7c41b3acc0fbe078a85) Importer(815301076,1909f56bfc062723c751e8b465ee728b)
Start importing Assets/Mat/helicopyer/textures/Tex_1345_0.png using Guid(f7acbd910b0df7c41b3acc0fbe078a85) Importer(815301076,1909f56bfc062723c751e8b465ee728b)  -> (artifact id: '42e5b757a388f2fd451b394976ce725f') in 0.024218 seconds 
========================================================================
Received Import Request.
  Time since last request: 32.400596 seconds.
  path: Assets/Mat/kurpuch/textures/brickwall_height.jpg
  artifactKey: Guid(ba14c993a8c8c3342bbabf451006494b) Importer(815301076,1909f56bfc062723c751e8b465ee728b)
Start importing Assets/Mat/kurpuch/textures/brickwall_height.jpg using Guid(ba14c993a8c8c3342bbabf451006494b) Importer(815301076,1909f56bfc062723c751e8b465ee728b)  -> (artifact id: '6844e2076627ef1fac02efd5b6763cb4') in 0.255208 seconds 
========================================================================
Received Import Request.
  Time since last request: 16.642340 seconds.
  path: Assets/Mat/kurpuch/textures/brickwall_height.jpg
  artifactKey: Guid(ba14c993a8c8c3342bbabf451006494b) Importer(815301076,1909f56bfc062723c751e8b465ee728b)
Start importing Assets/Mat/kurpuch/textures/brickwall_height.jpg using Guid(ba14c993a8c8c3342bbabf451006494b) Importer(815301076,1909f56bfc062723c751e8b465ee728b)  -> (artifact id: '6bc5785d9f6de3323939d68408d92a97') in 0.024934 seconds 
========================================================================
Received Prepare
Registering precompiled user dll's ...
Registered in 0.004868 seconds.
Begin MonoManager ReloadAssembly
Symbol file LoadedFromMemory doesn't match image D:\uniyi\HorrorGleb\Library\PackageCache\com.unity.visualscripting@1.7.8\Editor\VisualScripting.Core\Dependencies\YamlDotNet\Unity.VisualScripting.YamlDotNet.dll
Symbol file LoadedFromMemory doesn't match image D:\uniyi\HorrorGleb\Library\PackageCache\com.unity.visualscripting@1.7.8\Editor\VisualScripting.Core\Dependencies\DotNetZip\Unity.VisualScripting.IonicZip.dll
Native extension for UWP target not found
Native extension for WindowsStandalone target not found
Native extension for WebGL target not found
Refreshing native plugins compatible for Editor in 1.43 ms, found 3 plugins.
Preloading 0 native plugins for Editor in 0.00 ms.
Mono: successfully reloaded assembly
- Completed reload, in  1.378 seconds
Domain Reload Profiling:
	ReloadAssembly (1378ms)
		BeginReloadAssembly (191ms)
			ExecutionOrderSort (0ms)
			DisableScriptedObjects (5ms)
			BackupInstance (0ms)
			ReleaseScriptingObjects (0ms)
			CreateAndSetChildDomain (60ms)
		EndReloadAssembly (1051ms)
			LoadAssemblies (141ms)
			RebuildTransferFunctionScriptingTraits (0ms)
			SetupTypeCache (411ms)
			ReleaseScriptCaches (2ms)
			RebuildScriptCaches (54ms)
			SetupLoadedEditorAssemblies (402ms)
				LogAssemblyErrors (0ms)
				InitializePlatformSupportModulesInManaged (15ms)
				SetLoadedEditorAssemblies (0ms)
				RefreshPlugins (1ms)
				BeforeProcessingInitializeOnLoad (78ms)
				ProcessInitializeOnLoadAttributes (273ms)
				ProcessInitializeOnLoadMethodAttributes (31ms)
				AfterProcessingInitializeOnLoad (3ms)
				EditorAssembliesLoaded (0ms)
			ExecutionOrderSort2 (0ms)
			AwakeInstancesAfterBackupRestoration (6ms)
Platform modules already initialized, skipping
Refreshing native plugins compatible for Editor in 6.13 ms, found 3 plugins.
Preloading 0 native plugins for Editor in 0.00 ms.
Unloading 3879 Unused Serialized files (Serialized files now loaded: 0)
Unloading 25 unused Assets / (455.9 KB). Loaded Objects now: 4469.
Memory consumption went from 168.7 MB to 168.3 MB.
Total: 9.228900 ms (FindLiveObjects: 0.646000 ms CreateObjectMapping: 0.189000 ms MarkObjects: 7.346100 ms  DeleteObjects: 1.043800 ms)

AssetImportParameters requested are different than current active one (requested -> active):
  custom:video-decoder-ogg-theora: a1e56fd34408186e4bbccfd4996cb3dc -> 
  custom:container-muxer-webm: aa71ff27fc2769a1b78a27578f13a17b -> 
  custom:container-demuxer-webm: 4f35f7cbe854078d1ac9338744f61a02 -> 
  custom:video-encoder-webm-vp8: eb34c28f22e8b96e1ab97ce403110664 -> 
  custom:audio-encoder-webm-vorbis: bf7c407c2cedff20999df2af8eb42d56 -> 
  custom:framework-win-MediaFoundation: 216162199b28c13a410421893ffa2e32 -> 
  custom:container-demuxer-ogg: 62fdf1f143b41e24485cea50d1cbac27 -> 
  custom:video-decoder-webm-vp8: 9c59270c3fd7afecdb556c50c9e8de78 -> 
  custom:audio-decoder-ogg-vorbis: bf7c407c2cedff20999df2af8eb42d56 -> 
Editor requested this worker to shutdown with reason: Scaling down because of idle timeout
AssetImportWorker is now disconnected from the server
Process exiting
Exiting without the bug reporter. Application will terminate with return code 0