Using pre-set license
Built from '2021.3/staging' branch; Version is '2021.3.4f1 (cb45f9cae8b7) revision 13321721'; Using compiler version '192829333'; Build Type 'Release'
OS: 'Windows 10  (10.0.19044) 64bit Professional' Language: 'ru' Physical Memory: 16271 MB
BatchMode: 1, IsHumanControllingUs: 0, StartBugReporterOnCrash: 0, Is64bit: 1, IsPro: 1

COMMAND LINE ARGUMENTS:
D:\unun\2021.3.4f1\Editor\Unity.exe
-adb2
-batchMode
-noUpm
-name
AssetImportWorker0
-projectPath
D:/uniyi/HorrorGleb
-logFile
Logs/AssetImportWorker0.log
-srvPort
52995
Successfully changed project path to: D:/uniyi/HorrorGleb
D:/uniyi/HorrorGleb
[UnityMemory] Configuration Parameters - Can be set up in boot.config
    "memorysetup-bucket-allocator-granularity=16"
    "memorysetup-bucket-allocator-bucket-count=8"
    "memorysetup-bucket-allocator-block-size=33554432"
    "memorysetup-bucket-allocator-block-count=8"
    "memorysetup-main-allocator-block-size=16777216"
    "memorysetup-thread-allocator-block-size=16777216"
    "memorysetup-gfx-main-allocator-block-size=16777216"
    "memorysetup-gfx-thread-allocator-block-size=16777216"
    "memorysetup-cache-allocator-block-size=4194304"
    "memorysetup-typetree-allocator-block-size=2097152"
    "memorysetup-profiler-bucket-allocator-granularity=16"
    "memorysetup-profiler-bucket-allocator-bucket-count=8"
    "memorysetup-profiler-bucket-allocator-block-size=33554432"
    "memorysetup-profiler-bucket-allocator-block-count=8"
    "memorysetup-profiler-allocator-block-size=16777216"
    "memorysetup-profiler-editor-allocator-block-size=1048576"
    "memorysetup-temp-allocator-size-main=16777216"
    "memorysetup-job-temp-allocator-block-size=2097152"
    "memorysetup-job-temp-allocator-block-size-background=1048576"
    "memorysetup-job-temp-allocator-reduction-small-platforms=262144"
    "memorysetup-temp-allocator-size-background-worker=32768"
    "memorysetup-temp-allocator-size-job-worker=262144"
    "memorysetup-temp-allocator-size-preload-manager=33554432"
    "memorysetup-temp-allocator-size-nav-mesh-worker=65536"
    "memorysetup-temp-allocator-size-audio-worker=65536"
    "memorysetup-temp-allocator-size-cloud-worker=32768"
    "memorysetup-temp-allocator-size-gi-baking-worker=262144"
    "memorysetup-temp-allocator-size-gfx=262144"
Refreshing native plugins compatible for Editor in 119.54 ms, found 3 plugins.
Preloading 0 native plugins for Editor in 0.00 ms.
Initialize engine version: 2021.3.4f1 (cb45f9cae8b7)
[Subsystems] Discovering subsystems at path D:/unun/2021.3.4f1/Editor/Data/Resources/UnitySubsystems
[Subsystems] Discovering subsystems at path D:/uniyi/HorrorGleb/Assets
GfxDevice: creating device client; threaded=0; jobified=0
Direct3D:
    Version:  Direct3D 11.0 [level 11.1]
    Renderer: NVIDIA GeForce GTX 1650 (ID=0x1f0a)
    Vendor:   NVIDIA
    VRAM:     3961 MB
    Driver:   30.0.15.1295
Initialize mono
Mono path[0] = 'D:/unun/2021.3.4f1/Editor/Data/Managed'
Mono path[1] = 'D:/unun/2021.3.4f1/Editor/Data/MonoBleedingEdge/lib/mono/unityjit-win32'
Mono config path = 'D:/unun/2021.3.4f1/Editor/Data/MonoBleedingEdge/etc'
Using monoOptions --debugger-agent=transport=dt_socket,embedding=1,server=y,suspend=n,address=127.0.0.1:56480
Begin MonoManager ReloadAssembly
Registering precompiled unity dll's ...
Register platform support module: D:/unun/2021.3.4f1/Editor/Data/PlaybackEngines/WebGLSupport/UnityEditor.WebGL.Extensions.dll
Register platform support module: D:/unun/2021.3.4f1/Editor/Data/PlaybackEngines/WindowsStandaloneSupport/UnityEditor.WindowsStandalone.Extensions.dll
Register platform support module: D:/unun/2021.3.4f1/Editor/Data/PlaybackEngines/MetroSupport/UnityEditor.UWP.Extensions.dll
Registered in 0.003160 seconds.
Native extension for UWP target not found
Native extension for WindowsStandalone target not found
Native extension for WebGL target not found
Refreshing native plugins compatible for Editor in 132.85 ms, found 3 plugins.
Preloading 0 native plugins for Editor in 0.00 ms.
Mono: successfully reloaded assembly
- Completed reload, in  0.894 seconds
Domain Reload Profiling:
	ReloadAssembly (894ms)
		BeginReloadAssembly (83ms)
			ExecutionOrderSort (0ms)
			DisableScriptedObjects (0ms)
			BackupInstance (0ms)
			ReleaseScriptingObjects (0ms)
			CreateAndSetChildDomain (1ms)
		EndReloadAssembly (575ms)
			LoadAssemblies (83ms)
			RebuildTransferFunctionScriptingTraits (0ms)
			SetupTypeCache (133ms)
			ReleaseScriptCaches (0ms)
			RebuildScriptCaches (34ms)
			SetupLoadedEditorAssemblies (347ms)
				LogAssemblyErrors (0ms)
				InitializePlatformSupportModulesInManaged (10ms)
				SetLoadedEditorAssemblies (1ms)
				RefreshPlugins (133ms)
				BeforeProcessingInitializeOnLoad (2ms)
				ProcessInitializeOnLoadAttributes (141ms)
				ProcessInitializeOnLoadMethodAttributes (61ms)
				AfterProcessingInitializeOnLoad (0ms)
				EditorAssembliesLoaded (0ms)
			ExecutionOrderSort2 (0ms)
			AwakeInstancesAfterBackupRestoration (0ms)
Platform modules already initialized, skipping
Registering precompiled user dll's ...
Registered in 0.005554 seconds.
Begin MonoManager ReloadAssembly
Symbol file LoadedFromMemory doesn't match image D:\uniyi\HorrorGleb\Library\PackageCache\com.unity.visualscripting@1.7.8\Editor\VisualScripting.Core\Dependencies\YamlDotNet\Unity.VisualScripting.YamlDotNet.dll
Symbol file LoadedFromMemory doesn't match image D:\uniyi\HorrorGleb\Library\PackageCache\com.unity.visualscripting@1.7.8\Editor\VisualScripting.Core\Dependencies\DotNetZip\Unity.VisualScripting.IonicZip.dll
Native extension for UWP target not found
Native extension for WindowsStandalone target not found
Native extension for WebGL target not found
Refreshing native plugins compatible for Editor in 1.55 ms, found 3 plugins.
Preloading 0 native plugins for Editor in 0.00 ms.
Mono: successfully reloaded assembly
- Completed reload, in  1.299 seconds
Domain Reload Profiling:
	ReloadAssembly (1300ms)
		BeginReloadAssembly (137ms)
			ExecutionOrderSort (0ms)
			DisableScriptedObjects (7ms)
			BackupInstance (0ms)
			ReleaseScriptingObjects (0ms)
			CreateAndSetChildDomain (26ms)
		EndReloadAssembly (1023ms)
			LoadAssemblies (101ms)
			RebuildTransferFunctionScriptingTraits (0ms)
			SetupTypeCache (332ms)
			ReleaseScriptCaches (1ms)
			RebuildScriptCaches (71ms)
			SetupLoadedEditorAssemblies (472ms)
				LogAssemblyErrors (0ms)
				InitializePlatformSupportModulesInManaged (6ms)
				SetLoadedEditorAssemblies (1ms)
				RefreshPlugins (2ms)
				BeforeProcessingInitializeOnLoad (107ms)
				ProcessInitializeOnLoadAttributes (319ms)
				ProcessInitializeOnLoadMethodAttributes (33ms)
				AfterProcessingInitializeOnLoad (4ms)
				EditorAssembliesLoaded (0ms)
			ExecutionOrderSort2 (0ms)
			AwakeInstancesAfterBackupRestoration (7ms)
Platform modules already initialized, skipping
========================================================================
Worker process is ready to serve import requests
Launched and connected shader compiler UnityShaderCompiler.exe after 0.20 seconds
Refreshing native plugins compatible for Editor in 1.89 ms, found 3 plugins.
Preloading 0 native plugins for Editor in 0.00 ms.
Unloading 3568 Unused Serialized files (Serialized files now loaded: 0)
Unloading 29 unused Assets / (490.2 KB). Loaded Objects now: 4068.
Memory consumption went from 154.6 MB to 154.1 MB.
Total: 7.275000 ms (FindLiveObjects: 0.705300 ms CreateObjectMapping: 0.199000 ms MarkObjects: 5.585800 ms  DeleteObjects: 0.783000 ms)

AssetImportParameters requested are different than current active one (requested -> active):
  custom:video-decoder-ogg-theora: a1e56fd34408186e4bbccfd4996cb3dc -> 
  custom:container-muxer-webm: aa71ff27fc2769a1b78a27578f13a17b -> 
  custom:container-demuxer-webm: 4f35f7cbe854078d1ac9338744f61a02 -> 
  custom:video-encoder-webm-vp8: eb34c28f22e8b96e1ab97ce403110664 -> 
  custom:audio-encoder-webm-vorbis: bf7c407c2cedff20999df2af8eb42d56 -> 
  custom:framework-win-MediaFoundation: 216162199b28c13a410421893ffa2e32 -> 
  custom:container-demuxer-ogg: 62fdf1f143b41e24485cea50d1cbac27 -> 
  custom:video-decoder-webm-vp8: 9c59270c3fd7afecdb556c50c9e8de78 -> 
  custom:audio-decoder-ogg-vorbis: bf7c407c2cedff20999df2af8eb42d56 -> 
========================================================================
Received Import Request.
  Time since last request: 27619.481503 seconds.
  path: Assets/Scenes/morge.unity
  artifactKey: Guid(28451d28926d77744b1a3b37429d921f) Importer(815301076,1909f56bfc062723c751e8b465ee728b)
Start importing Assets/Scenes/morge.unity using Guid(28451d28926d77744b1a3b37429d921f) Importer(815301076,1909f56bfc062723c751e8b465ee728b)  -> (artifact id: '65d371d42ebfc9a68ac33bad642ca259') in 0.022705 seconds 
========================================================================
Received Import Request.
  Time since last request: 145.592661 seconds.
  path: Assets/Mat/mama
  artifactKey: Guid(a07b218995af96d409969c024870c6e4) Importer(815301076,1909f56bfc062723c751e8b465ee728b)
Start importing Assets/Mat/mama using Guid(a07b218995af96d409969c024870c6e4) Importer(815301076,1909f56bfc062723c751e8b465ee728b)  -> (artifact id: 'fb097ddeb759ff14f0e4ab29636745a8') in 0.018701 seconds 
========================================================================
Received Import Request.
  Time since last request: 3.231661 seconds.
  path: Assets/Mat/mama/Materials/thing_Base_color.mat
  artifactKey: Guid(fa6fe2c13107e6a48a96d4084665a759) Importer(815301076,1909f56bfc062723c751e8b465ee728b)
Start importing Assets/Mat/mama/Materials/thing_Base_color.mat using Guid(fa6fe2c13107e6a48a96d4084665a759) Importer(815301076,1909f56bfc062723c751e8b465ee728b)  -> (artifact id: 'dcb6d567612dc4438ab0d1a2359cf506') in 0.380025 seconds 
========================================================================
Received Import Request.
  Time since last request: 19.311457 seconds.
  path: Assets/Mat/Morgue Room PBR/Models/props
  artifactKey: Guid(4914255aa64fed54880b100fb3cbeeff) Importer(815301076,1909f56bfc062723c751e8b465ee728b)
Start importing Assets/Mat/Morgue Room PBR/Models/props using Guid(4914255aa64fed54880b100fb3cbeeff) Importer(815301076,1909f56bfc062723c751e8b465ee728b)  -> (artifact id: '53a3468129eedec6a8df5ea72b97bc40') in 0.020056 seconds 
========================================================================
Received Import Request.
  Time since last request: 1.405965 seconds.
  path: Assets/Mat/Morgue Room PBR/Models/wall
  artifactKey: Guid(91542357d632325458be5a74e71162e3) Importer(815301076,1909f56bfc062723c751e8b465ee728b)
Start importing Assets/Mat/Morgue Room PBR/Models/wall using Guid(91542357d632325458be5a74e71162e3) Importer(815301076,1909f56bfc062723c751e8b465ee728b)  -> (artifact id: 'e2f149a663f32a8e2f2195b6a93dccfe') in 0.036744 seconds 
========================================================================
Received Import Request.
  Time since last request: 20.795521 seconds.
  path: Assets/Mat/Morgue Room PBR/Models/floor/Decals
  artifactKey: Guid(0b49b54c9f55a3b47b745c4702dfd1f5) Importer(815301076,1909f56bfc062723c751e8b465ee728b)
Start importing Assets/Mat/Morgue Room PBR/Models/floor/Decals using Guid(0b49b54c9f55a3b47b745c4702dfd1f5) Importer(815301076,1909f56bfc062723c751e8b465ee728b)  -> (artifact id: '2e4bd167af6ad723180aff12619f0103') in 0.007922 seconds 
========================================================================
Received Import Request.
  Time since last request: 0.029786 seconds.
  path: Assets/Mat/Morgue Room PBR/Models/floor/Decals/drain_mat.mat
  artifactKey: Guid(ea376580ff13fe64a894f43129bb9b2f) Importer(815301076,1909f56bfc062723c751e8b465ee728b)
Start importing Assets/Mat/Morgue Room PBR/Models/floor/Decals/drain_mat.mat using Guid(ea376580ff13fe64a894f43129bb9b2f) Importer(815301076,1909f56bfc062723c751e8b465ee728b)  -> (artifact id: '9cdfbf29d5f5ffd498570e225b83eece') in 0.198906 seconds 
========================================================================
Received Import Request.
  Time since last request: 316.457821 seconds.
  path: Assets/Mat/helicopyer
  artifactKey: Guid(27120cfb1b73bb143a34ce6c292cb18a) Importer(815301076,1909f56bfc062723c751e8b465ee728b)
Start importing Assets/Mat/helicopyer using Guid(27120cfb1b73bb143a34ce6c292cb18a) Importer(815301076,1909f56bfc062723c751e8b465ee728b)  -> (artifact id: '28226c64d04c552840f530475c0933d3') in 0.018653 seconds 
========================================================================
Received Import Request.
  Time since last request: 5.417967 seconds.
  path: Assets/Mat/house
  artifactKey: Guid(8b3a481af06a1844daad00bca7b9719f) Importer(815301076,1909f56bfc062723c751e8b465ee728b)
Start importing Assets/Mat/house using Guid(8b3a481af06a1844daad00bca7b9719f) Importer(815301076,1909f56bfc062723c751e8b465ee728b)  -> (artifact id: 'f36276c228e5c9e2e4b57e9af26e7352') in 0.004822 seconds 
========================================================================
Received Import Request.
  Time since last request: 1.962441 seconds.
  path: Assets/Mat/house/source
  artifactKey: Guid(34739051766aa3048a09eb8a452a86a8) Importer(815301076,1909f56bfc062723c751e8b465ee728b)
Start importing Assets/Mat/house/source using Guid(34739051766aa3048a09eb8a452a86a8) Importer(815301076,1909f56bfc062723c751e8b465ee728b)  -> (artifact id: 'ec6a94cb1582fe9c1b4280a9b1693735') in 0.014839 seconds 
========================================================================
Received Import Request.
  Time since last request: 67.786378 seconds.
  path: Assets/SampleScenes/Menu
  artifactKey: Guid(48e4338a7d01577458bb723e3514edf1) Importer(815301076,1909f56bfc062723c751e8b465ee728b)
Start importing Assets/SampleScenes/Menu using Guid(48e4338a7d01577458bb723e3514edf1) Importer(815301076,1909f56bfc062723c751e8b465ee728b)  -> (artifact id: '851110af40fe29480ff4937d1effb0f5') in 0.021458 seconds 
========================================================================
Received Prepare
Registering precompiled user dll's ...
Registered in 0.004340 seconds.
Begin MonoManager ReloadAssembly
Symbol file LoadedFromMemory doesn't match image D:\uniyi\HorrorGleb\Library\PackageCache\com.unity.visualscripting@1.7.8\Editor\VisualScripting.Core\Dependencies\YamlDotNet\Unity.VisualScripting.YamlDotNet.dll
Symbol file LoadedFromMemory doesn't match image D:\uniyi\HorrorGleb\Library\PackageCache\com.unity.visualscripting@1.7.8\Editor\VisualScripting.Core\Dependencies\DotNetZip\Unity.VisualScripting.IonicZip.dll
Native extension for UWP target not found
Native extension for WindowsStandalone target not found
Native extension for WebGL target not found
Refreshing native plugins compatible for Editor in 1.53 ms, found 3 plugins.
Preloading 0 native plugins for Editor in 0.00 ms.
Mono: successfully reloaded assembly
- Completed reload, in  1.019 seconds
Domain Reload Profiling:
	ReloadAssembly (1019ms)
		BeginReloadAssembly (140ms)
			ExecutionOrderSort (0ms)
			DisableScriptedObjects (4ms)
			BackupInstance (0ms)
			ReleaseScriptingObjects (0ms)
			CreateAndSetChildDomain (41ms)
		EndReloadAssembly (776ms)
			LoadAssemblies (84ms)
			RebuildTransferFunctionScriptingTraits (0ms)
			SetupTypeCache (272ms)
			ReleaseScriptCaches (1ms)
			RebuildScriptCaches (44ms)
			SetupLoadedEditorAssemblies (338ms)
				LogAssemblyErrors (0ms)
				InitializePlatformSupportModulesInManaged (14ms)
				SetLoadedEditorAssemblies (1ms)
				RefreshPlugins (2ms)
				BeforeProcessingInitializeOnLoad (71ms)
				ProcessInitializeOnLoadAttributes (219ms)
				ProcessInitializeOnLoadMethodAttributes (28ms)
				AfterProcessingInitializeOnLoad (3ms)
				EditorAssembliesLoaded (0ms)
			ExecutionOrderSort2 (0ms)
			AwakeInstancesAfterBackupRestoration (7ms)
Platform modules already initialized, skipping
Refreshing native plugins compatible for Editor in 3.85 ms, found 3 plugins.
Preloading 0 native plugins for Editor in 0.00 ms.
Unloading 3530 Unused Serialized files (Serialized files now loaded: 0)
Unloading 22 unused Assets / (507.9 KB). Loaded Objects now: 4110.
Memory consumption went from 155.8 MB to 155.3 MB.
Total: 6.655400 ms (FindLiveObjects: 0.676600 ms CreateObjectMapping: 0.189600 ms MarkObjects: 5.124600 ms  DeleteObjects: 0.662500 ms)

AssetImportParameters requested are different than current active one (requested -> active):
  custom:video-decoder-ogg-theora: a1e56fd34408186e4bbccfd4996cb3dc -> 
  custom:container-muxer-webm: aa71ff27fc2769a1b78a27578f13a17b -> 
  custom:container-demuxer-webm: 4f35f7cbe854078d1ac9338744f61a02 -> 
  custom:video-encoder-webm-vp8: eb34c28f22e8b96e1ab97ce403110664 -> 
  custom:audio-encoder-webm-vorbis: bf7c407c2cedff20999df2af8eb42d56 -> 
  custom:framework-win-MediaFoundation: 216162199b28c13a410421893ffa2e32 -> 
  custom:container-demuxer-ogg: 62fdf1f143b41e24485cea50d1cbac27 -> 
  custom:video-decoder-webm-vp8: 9c59270c3fd7afecdb556c50c9e8de78 -> 
  custom:audio-decoder-ogg-vorbis: bf7c407c2cedff20999df2af8eb42d56 -> 
========================================================================
Received Prepare
Registering precompiled user dll's ...
Registered in 0.003907 seconds.
Begin MonoManager ReloadAssembly
Symbol file LoadedFromMemory doesn't match image D:\uniyi\HorrorGleb\Library\PackageCache\com.unity.visualscripting@1.7.8\Editor\VisualScripting.Core\Dependencies\YamlDotNet\Unity.VisualScripting.YamlDotNet.dll
Symbol file LoadedFromMemory doesn't match image D:\uniyi\HorrorGleb\Library\PackageCache\com.unity.visualscripting@1.7.8\Editor\VisualScripting.Core\Dependencies\DotNetZip\Unity.VisualScripting.IonicZip.dll
Native extension for UWP target not found
Native extension for WindowsStandalone target not found
Native extension for WebGL target not found
Refreshing native plugins compatible for Editor in 1.00 ms, found 3 plugins.
Preloading 0 native plugins for Editor in 0.00 ms.
Mono: successfully reloaded assembly
- Completed reload, in  1.047 seconds
Domain Reload Profiling:
	ReloadAssembly (1048ms)
		BeginReloadAssembly (129ms)
			ExecutionOrderSort (0ms)
			DisableScriptedObjects (6ms)
			BackupInstance (0ms)
			ReleaseScriptingObjects (0ms)
			CreateAndSetChildDomain (38ms)
		EndReloadAssembly (822ms)
			LoadAssemblies (77ms)
			RebuildTransferFunctionScriptingTraits (0ms)
			SetupTypeCache (303ms)
			ReleaseScriptCaches (1ms)
			RebuildScriptCaches (44ms)
			SetupLoadedEditorAssemblies (348ms)
				LogAssemblyErrors (0ms)
				InitializePlatformSupportModulesInManaged (15ms)
				SetLoadedEditorAssemblies (0ms)
				RefreshPlugins (1ms)
				BeforeProcessingInitializeOnLoad (71ms)
				ProcessInitializeOnLoadAttributes (227ms)
				ProcessInitializeOnLoadMethodAttributes (29ms)
				AfterProcessingInitializeOnLoad (4ms)
				EditorAssembliesLoaded (0ms)
			ExecutionOrderSort2 (0ms)
			AwakeInstancesAfterBackupRestoration (7ms)
Platform modules already initialized, skipping
Refreshing native plugins compatible for Editor in 4.17 ms, found 3 plugins.
Preloading 0 native plugins for Editor in 0.00 ms.
Unloading 3530 Unused Serialized files (Serialized files now loaded: 0)
Unloading 22 unused Assets / (508.1 KB). Loaded Objects now: 4113.
Memory consumption went from 155.8 MB to 155.3 MB.
Total: 7.310800 ms (FindLiveObjects: 0.646200 ms CreateObjectMapping: 0.189800 ms MarkObjects: 5.560100 ms  DeleteObjects: 0.911400 ms)

AssetImportParameters requested are different than current active one (requested -> active):
  custom:video-decoder-ogg-theora: a1e56fd34408186e4bbccfd4996cb3dc -> 
  custom:container-muxer-webm: aa71ff27fc2769a1b78a27578f13a17b -> 
  custom:container-demuxer-webm: 4f35f7cbe854078d1ac9338744f61a02 -> 
  custom:video-encoder-webm-vp8: eb34c28f22e8b96e1ab97ce403110664 -> 
  custom:audio-encoder-webm-vorbis: bf7c407c2cedff20999df2af8eb42d56 -> 
  custom:framework-win-MediaFoundation: 216162199b28c13a410421893ffa2e32 -> 
  custom:container-demuxer-ogg: 62fdf1f143b41e24485cea50d1cbac27 -> 
  custom:video-decoder-webm-vp8: 9c59270c3fd7afecdb556c50c9e8de78 -> 
  custom:audio-decoder-ogg-vorbis: bf7c407c2cedff20999df2af8eb42d56 -> 
========================================================================
Received Prepare
Registering precompiled user dll's ...
Registered in 0.004790 seconds.
Begin MonoManager ReloadAssembly
Symbol file LoadedFromMemory doesn't match image D:\uniyi\HorrorGleb\Library\PackageCache\com.unity.visualscripting@1.7.8\Editor\VisualScripting.Core\Dependencies\YamlDotNet\Unity.VisualScripting.YamlDotNet.dll
Symbol file LoadedFromMemory doesn't match image D:\uniyi\HorrorGleb\Library\PackageCache\com.unity.visualscripting@1.7.8\Editor\VisualScripting.Core\Dependencies\DotNetZip\Unity.VisualScripting.IonicZip.dll
Native extension for UWP target not found
Native extension for WindowsStandalone target not found
Native extension for WebGL target not found
Refreshing native plugins compatible for Editor in 0.91 ms, found 3 plugins.
Preloading 0 native plugins for Editor in 0.00 ms.
Mono: successfully reloaded assembly
- Completed reload, in  1.014 seconds
Domain Reload Profiling:
	ReloadAssembly (1014ms)
		BeginReloadAssembly (136ms)
			ExecutionOrderSort (0ms)
			DisableScriptedObjects (5ms)
			BackupInstance (0ms)
			ReleaseScriptingObjects (0ms)
			CreateAndSetChildDomain (40ms)
		EndReloadAssembly (777ms)
			LoadAssemblies (81ms)
			RebuildTransferFunctionScriptingTraits (0ms)
			SetupTypeCache (270ms)
			ReleaseScriptCaches (1ms)
			RebuildScriptCaches (41ms)
			SetupLoadedEditorAssemblies (350ms)
				LogAssemblyErrors (0ms)
				InitializePlatformSupportModulesInManaged (13ms)
				SetLoadedEditorAssemblies (0ms)
				RefreshPlugins (1ms)
				BeforeProcessingInitializeOnLoad (72ms)
				ProcessInitializeOnLoadAttributes (230ms)
				ProcessInitializeOnLoadMethodAttributes (29ms)
				AfterProcessingInitializeOnLoad (4ms)
				EditorAssembliesLoaded (0ms)
			ExecutionOrderSort2 (0ms)
			AwakeInstancesAfterBackupRestoration (7ms)
Platform modules already initialized, skipping
Refreshing native plugins compatible for Editor in 3.99 ms, found 3 plugins.
Preloading 0 native plugins for Editor in 0.00 ms.
Unloading 3530 Unused Serialized files (Serialized files now loaded: 0)
Unloading 22 unused Assets / (462.8 KB). Loaded Objects now: 4116.
Memory consumption went from 155.8 MB to 155.3 MB.
Total: 6.823800 ms (FindLiveObjects: 0.607400 ms CreateObjectMapping: 0.180300 ms MarkObjects: 5.321900 ms  DeleteObjects: 0.712200 ms)

AssetImportParameters requested are different than current active one (requested -> active):
  custom:video-decoder-ogg-theora: a1e56fd34408186e4bbccfd4996cb3dc -> 
  custom:container-muxer-webm: aa71ff27fc2769a1b78a27578f13a17b -> 
  custom:container-demuxer-webm: 4f35f7cbe854078d1ac9338744f61a02 -> 
  custom:video-encoder-webm-vp8: eb34c28f22e8b96e1ab97ce403110664 -> 
  custom:audio-encoder-webm-vorbis: bf7c407c2cedff20999df2af8eb42d56 -> 
  custom:framework-win-MediaFoundation: 216162199b28c13a410421893ffa2e32 -> 
  custom:container-demuxer-ogg: 62fdf1f143b41e24485cea50d1cbac27 -> 
  custom:video-decoder-webm-vp8: 9c59270c3fd7afecdb556c50c9e8de78 -> 
  custom:audio-decoder-ogg-vorbis: bf7c407c2cedff20999df2af8eb42d56 -> 
========================================================================
Received Prepare
Registering precompiled user dll's ...
Registered in 0.003618 seconds.
Begin MonoManager ReloadAssembly
Symbol file LoadedFromMemory doesn't match image D:\uniyi\HorrorGleb\Library\PackageCache\com.unity.visualscripting@1.7.8\Editor\VisualScripting.Core\Dependencies\YamlDotNet\Unity.VisualScripting.YamlDotNet.dll
Symbol file LoadedFromMemory doesn't match image D:\uniyi\HorrorGleb\Library\PackageCache\com.unity.visualscripting@1.7.8\Editor\VisualScripting.Core\Dependencies\DotNetZip\Unity.VisualScripting.IonicZip.dll
Native extension for UWP target not found
Native extension for WindowsStandalone target not found
Native extension for WebGL target not found
Refreshing native plugins compatible for Editor in 1.01 ms, found 3 plugins.
Preloading 0 native plugins for Editor in 0.00 ms.
Mono: successfully reloaded assembly
- Completed reload, in  1.049 seconds
Domain Reload Profiling:
	ReloadAssembly (1050ms)
		BeginReloadAssembly (131ms)
			ExecutionOrderSort (0ms)
			DisableScriptedObjects (5ms)
			BackupInstance (0ms)
			ReleaseScriptingObjects (0ms)
			CreateAndSetChildDomain (38ms)
		EndReloadAssembly (825ms)
			LoadAssemblies (78ms)
			RebuildTransferFunctionScriptingTraits (0ms)
			SetupTypeCache (303ms)
			ReleaseScriptCaches (2ms)
			RebuildScriptCaches (49ms)
			SetupLoadedEditorAssemblies (344ms)
				LogAssemblyErrors (0ms)
				InitializePlatformSupportModulesInManaged (14ms)
				SetLoadedEditorAssemblies (1ms)
				RefreshPlugins (1ms)
				BeforeProcessingInitializeOnLoad (73ms)
				ProcessInitializeOnLoadAttributes (222ms)
				ProcessInitializeOnLoadMethodAttributes (29ms)
				AfterProcessingInitializeOnLoad (3ms)
				EditorAssembliesLoaded (0ms)
			ExecutionOrderSort2 (0ms)
			AwakeInstancesAfterBackupRestoration (7ms)
Platform modules already initialized, skipping
Refreshing native plugins compatible for Editor in 4.12 ms, found 3 plugins.
Preloading 0 native plugins for Editor in 0.00 ms.
Unloading 3530 Unused Serialized files (Serialized files now loaded: 0)
Unloading 22 unused Assets / (455.5 KB). Loaded Objects now: 4119.
Memory consumption went from 155.8 MB to 155.3 MB.
Total: 7.396300 ms (FindLiveObjects: 0.670700 ms CreateObjectMapping: 0.217400 ms MarkObjects: 5.700400 ms  DeleteObjects: 0.805500 ms)

AssetImportParameters requested are different than current active one (requested -> active):
  custom:video-decoder-ogg-theora: a1e56fd34408186e4bbccfd4996cb3dc -> 
  custom:container-muxer-webm: aa71ff27fc2769a1b78a27578f13a17b -> 
  custom:container-demuxer-webm: 4f35f7cbe854078d1ac9338744f61a02 -> 
  custom:video-encoder-webm-vp8: eb34c28f22e8b96e1ab97ce403110664 -> 
  custom:audio-encoder-webm-vorbis: bf7c407c2cedff20999df2af8eb42d56 -> 
  custom:framework-win-MediaFoundation: 216162199b28c13a410421893ffa2e32 -> 
  custom:container-demuxer-ogg: 62fdf1f143b41e24485cea50d1cbac27 -> 
  custom:video-decoder-webm-vp8: 9c59270c3fd7afecdb556c50c9e8de78 -> 
  custom:audio-decoder-ogg-vorbis: bf7c407c2cedff20999df2af8eb42d56 -> 
========================================================================
Received Import Request.
  Time since last request: 140.965720 seconds.
  path: Assets/Mat/Morgue Room PBR/Models/props/Materials
  artifactKey: Guid(285b5a9c8de9b5d45b9cf2a7f93671a6) Importer(815301076,1909f56bfc062723c751e8b465ee728b)
Start importing Assets/Mat/Morgue Room PBR/Models/props/Materials using Guid(285b5a9c8de9b5d45b9cf2a7f93671a6) Importer(815301076,1909f56bfc062723c751e8b465ee728b)  -> (artifact id: '52d9319ad18ee962c21e846864d7d137') in 0.011465 seconds 
========================================================================
Received Import Request.
  Time since last request: 0.628397 seconds.
  path: Assets/Mat/Morgue Room PBR/Models/props/Materials/autopsy_table.mat
  artifactKey: Guid(dd841d143bf6ef24a975a5ea682538d6) Importer(815301076,1909f56bfc062723c751e8b465ee728b)
Start importing Assets/Mat/Morgue Room PBR/Models/props/Materials/autopsy_table.mat using Guid(dd841d143bf6ef24a975a5ea682538d6) Importer(815301076,1909f56bfc062723c751e8b465ee728b)  -> (artifact id: 'b021e1653f25e485d8c62e69062a02e8') in 0.743940 seconds 
========================================================================
Received Import Request.
  Time since last request: 0.000023 seconds.
  path: Assets/Mat/Morgue Room PBR/Models/props/Materials/desk_lamp_material.mat
  artifactKey: Guid(6e9af1b9d52e6ca46bc0785620752cea) Importer(815301076,1909f56bfc062723c751e8b465ee728b)
Start importing Assets/Mat/Morgue Room PBR/Models/props/Materials/desk_lamp_material.mat using Guid(6e9af1b9d52e6ca46bc0785620752cea) Importer(815301076,1909f56bfc062723c751e8b465ee728b)  -> (artifact id: 'd0d84bd11967cd7994ce2c2c665f979e') in 0.049326 seconds 
========================================================================
Received Import Request.
  Time since last request: 0.000030 seconds.
  path: Assets/Mat/Morgue Room PBR/Models/props/Materials/desk_lamp_albedo.tga
  artifactKey: Guid(0400587b1ea1a914cb599d12f276960c) Importer(815301076,1909f56bfc062723c751e8b465ee728b)
Start importing Assets/Mat/Morgue Room PBR/Models/props/Materials/desk_lamp_albedo.tga using Guid(0400587b1ea1a914cb599d12f276960c) Importer(815301076,1909f56bfc062723c751e8b465ee728b)  -> (artifact id: '86254bfd1ec858d1765aba6da1fa6003') in 0.178845 seconds 
========================================================================
Received Import Request.
  Time since last request: 0.000029 seconds.
  path: Assets/Mat/Morgue Room PBR/Models/props/Materials/cabinet_Metallic.tga
  artifactKey: Guid(ff3f04c2892b8b34688e427ce83872a2) Importer(815301076,1909f56bfc062723c751e8b465ee728b)
Start importing Assets/Mat/Morgue Room PBR/Models/props/Materials/cabinet_Metallic.tga using Guid(ff3f04c2892b8b34688e427ce83872a2) Importer(815301076,1909f56bfc062723c751e8b465ee728b)  -> (artifact id: '1e0426e3518e7d6f08a74034e5b4c97d') in 0.155938 seconds 
========================================================================
Received Import Request.
  Time since last request: 0.000037 seconds.
  path: Assets/Mat/Morgue Room PBR/Models/props/Materials/glass_jar_normal.tga
  artifactKey: Guid(ed660cd62614ca14582d9e874e5c9920) Importer(815301076,1909f56bfc062723c751e8b465ee728b)
Start importing Assets/Mat/Morgue Room PBR/Models/props/Materials/glass_jar_normal.tga using Guid(ed660cd62614ca14582d9e874e5c9920) Importer(815301076,1909f56bfc062723c751e8b465ee728b)  -> (artifact id: 'b0388cc2f569776ae60d2e881851f441') in 0.020451 seconds 
========================================================================
Received Import Request.
  Time since last request: 0.000032 seconds.
  path: Assets/Mat/Morgue Room PBR/Models/props/Materials/metal_sink.mat
  artifactKey: Guid(68efabf25c070794bb02554cc4d94b12) Importer(815301076,1909f56bfc062723c751e8b465ee728b)
Start importing Assets/Mat/Morgue Room PBR/Models/props/Materials/metal_sink.mat using Guid(68efabf25c070794bb02554cc4d94b12) Importer(815301076,1909f56bfc062723c751e8b465ee728b)  -> (artifact id: 'de9dbc21f7f18405e2390ff964f44bae') in 0.451516 seconds 
========================================================================
Received Import Request.
  Time since last request: 0.000022 seconds.
  path: Assets/Mat/Morgue Room PBR/Models/props/Materials/autopsy_table_metallic.tga
  artifactKey: Guid(6b967c928581e1445be1d9f138d55740) Importer(815301076,1909f56bfc062723c751e8b465ee728b)
Start importing Assets/Mat/Morgue Room PBR/Models/props/Materials/autopsy_table_metallic.tga using Guid(6b967c928581e1445be1d9f138d55740) Importer(815301076,1909f56bfc062723c751e8b465ee728b)  -> (artifact id: 'ca31e7eb4c84143e7114703daf88042d') in 0.040558 seconds 
========================================================================
Received Import Request.
  Time since last request: 0.000034 seconds.
  path: Assets/Mat/Morgue Room PBR/Models/props/Materials/desk_chair_metallic.tga
  artifactKey: Guid(3bfdcdbb9f85c3242a543a3be3b9e91a) Importer(815301076,1909f56bfc062723c751e8b465ee728b)
Start importing Assets/Mat/Morgue Room PBR/Models/props/Materials/desk_chair_metallic.tga using Guid(3bfdcdbb9f85c3242a543a3be3b9e91a) Importer(815301076,1909f56bfc062723c751e8b465ee728b)  -> (artifact id: '2fa5d1a53c10166f38f0c80c39014056') in 0.177113 seconds 
========================================================================
Received Import Request.
  Time since last request: 0.000027 seconds.
  path: Assets/Mat/Morgue Room PBR/Models/props/Materials/desk_lamp_mat.mat
  artifactKey: Guid(b57333dd7e66d8d4582bc0cc11d452ca) Importer(815301076,1909f56bfc062723c751e8b465ee728b)
Start importing Assets/Mat/Morgue Room PBR/Models/props/Materials/desk_lamp_mat.mat using Guid(b57333dd7e66d8d4582bc0cc11d452ca) Importer(815301076,1909f56bfc062723c751e8b465ee728b)  -> (artifact id: '42e2657a918f1cc94d5a28723fd839bd') in 0.598568 seconds 
========================================================================
Received Import Request.
  Time since last request: 0.000031 seconds.
  path: Assets/Mat/Morgue Room PBR/Models/props/Materials/glass_jar_diffuse.tga
  artifactKey: Guid(910a77057274fc245bb1cd9da42b0cee) Importer(815301076,1909f56bfc062723c751e8b465ee728b)
Start importing Assets/Mat/Morgue Room PBR/Models/props/Materials/glass_jar_diffuse.tga using Guid(910a77057274fc245bb1cd9da42b0cee) Importer(815301076,1909f56bfc062723c751e8b465ee728b)  -> (artifact id: '45ea9f772a68ecf4e87a19a575964d4a') in 0.048826 seconds 
========================================================================
Received Import Request.
  Time since last request: 0.000031 seconds.
  path: Assets/Mat/Morgue Room PBR/Models/props/Materials/cabinet_normal.tga
  artifactKey: Guid(b69924bad1c49a14b9e0239e325bccf8) Importer(815301076,1909f56bfc062723c751e8b465ee728b)
Start importing Assets/Mat/Morgue Room PBR/Models/props/Materials/cabinet_normal.tga using Guid(b69924bad1c49a14b9e0239e325bccf8) Importer(815301076,1909f56bfc062723c751e8b465ee728b)  -> (artifact id: '883a2c1a87ce0940808d67c574af3052') in 0.032737 seconds 
========================================================================
Received Import Request.
  Time since last request: 0.000021 seconds.
  path: Assets/Mat/Morgue Room PBR/Models/props/Materials/Channel_lambert1_Diffuse_u1_v1.mat
  artifactKey: Guid(6291163f154461f418765041516be4ce) Importer(815301076,1909f56bfc062723c751e8b465ee728b)
Start importing Assets/Mat/Morgue Room PBR/Models/props/Materials/Channel_lambert1_Diffuse_u1_v1.mat using Guid(6291163f154461f418765041516be4ce) Importer(815301076,1909f56bfc062723c751e8b465ee728b)  -> (artifact id: '5094f06ea1fb5e26d5366fb6804ec868') in 0.030041 seconds 
========================================================================
Received Import Request.
  Time since last request: 0.000038 seconds.
  path: Assets/Mat/Morgue Room PBR/Models/props/Materials/desk_chair_normals.tga
  artifactKey: Guid(80ee7be1c04ff8f45b80afa019197ddc) Importer(815301076,1909f56bfc062723c751e8b465ee728b)
Start importing Assets/Mat/Morgue Room PBR/Models/props/Materials/desk_chair_normals.tga using Guid(80ee7be1c04ff8f45b80afa019197ddc) Importer(815301076,1909f56bfc062723c751e8b465ee728b)  -> (artifact id: '8fb9a1c47a0afb20a22c07c1dec0eeb2') in 0.119931 seconds 
========================================================================
Received Import Request.
  Time since last request: 0.000025 seconds.
  path: Assets/Mat/Morgue Room PBR/Models/props/Materials/desk_lamp_emission.tga
  artifactKey: Guid(0563b2cbab07bc2478cd57d01f4f9eae) Importer(815301076,1909f56bfc062723c751e8b465ee728b)
Start importing Assets/Mat/Morgue Room PBR/Models/props/Materials/desk_lamp_emission.tga using Guid(0563b2cbab07bc2478cd57d01f4f9eae) Importer(815301076,1909f56bfc062723c751e8b465ee728b)  -> (artifact id: 'c90bd1b17d456d2317fde3f7d9a311c8') in 0.015840 seconds 
========================================================================
Received Import Request.
  Time since last request: 0.000023 seconds.
  path: Assets/Mat/Morgue Room PBR/Models/props/Materials/level_objects2_mat.mat
  artifactKey: Guid(cfc18c935482f834ab23dced70927e8b) Importer(815301076,1909f56bfc062723c751e8b465ee728b)
Start importing Assets/Mat/Morgue Room PBR/Models/props/Materials/level_objects2_mat.mat using Guid(cfc18c935482f834ab23dced70927e8b) Importer(815301076,1909f56bfc062723c751e8b465ee728b)  -> (artifact id: 'c4f4e17799bcb9fd0fc3bcf87584e77f') in 0.258225 seconds 
========================================================================
Received Import Request.
  Time since last request: 0.000036 seconds.
  path: Assets/Mat/Morgue Room PBR/Models/props/Materials/note_book_mat.mat
  artifactKey: Guid(3dcea46a4420ba54d90040d5e46fc3e9) Importer(815301076,1909f56bfc062723c751e8b465ee728b)
Start importing Assets/Mat/Morgue Room PBR/Models/props/Materials/note_book_mat.mat using Guid(3dcea46a4420ba54d90040d5e46fc3e9) Importer(815301076,1909f56bfc062723c751e8b465ee728b)  -> (artifact id: '52e4fbf50eb47689f0d9eb0de7a68a35') in 0.125417 seconds 
========================================================================
Received Import Request.
  Time since last request: 1.297937 seconds.
  path: Assets/Mat/Morgue Room PBR/Models/props/Materials/Organs_mat.mat
  artifactKey: Guid(c795e6a5f30ab7040b6923ebf453b162) Importer(815301076,1909f56bfc062723c751e8b465ee728b)
Start importing Assets/Mat/Morgue Room PBR/Models/props/Materials/Organs_mat.mat using Guid(c795e6a5f30ab7040b6923ebf453b162) Importer(815301076,1909f56bfc062723c751e8b465ee728b)  -> (artifact id: 'f96d4b61da35612d72910849cad3262a') in 0.846779 seconds 
========================================================================
Received Prepare
Registering precompiled user dll's ...
Registered in 0.003977 seconds.
Begin MonoManager ReloadAssembly
Symbol file LoadedFromMemory doesn't match image D:\uniyi\HorrorGleb\Library\PackageCache\com.unity.visualscripting@1.7.8\Editor\VisualScripting.Core\Dependencies\YamlDotNet\Unity.VisualScripting.YamlDotNet.dll
Symbol file LoadedFromMemory doesn't match image D:\uniyi\HorrorGleb\Library\PackageCache\com.unity.visualscripting@1.7.8\Editor\VisualScripting.Core\Dependencies\DotNetZip\Unity.VisualScripting.IonicZip.dll
Native extension for UWP target not found
Native extension for WindowsStandalone target not found
Native extension for WebGL target not found
Refreshing native plugins compatible for Editor in 1.04 ms, found 3 plugins.
Preloading 0 native plugins for Editor in 0.00 ms.
Mono: successfully reloaded assembly
- Completed reload, in  1.045 seconds
Domain Reload Profiling:
	ReloadAssembly (1046ms)
		BeginReloadAssembly (152ms)
			ExecutionOrderSort (0ms)
			DisableScriptedObjects (4ms)
			BackupInstance (0ms)
			ReleaseScriptingObjects (0ms)
			CreateAndSetChildDomain (48ms)
		EndReloadAssembly (783ms)
			LoadAssemblies (103ms)
			RebuildTransferFunctionScriptingTraits (0ms)
			SetupTypeCache (308ms)
			ReleaseScriptCaches (1ms)
			RebuildScriptCaches (42ms)
			SetupLoadedEditorAssemblies (306ms)
				LogAssemblyErrors (0ms)
				InitializePlatformSupportModulesInManaged (13ms)
				SetLoadedEditorAssemblies (0ms)
				RefreshPlugins (1ms)
				BeforeProcessingInitializeOnLoad (63ms)
				ProcessInitializeOnLoadAttributes (200ms)
				ProcessInitializeOnLoadMethodAttributes (26ms)
				AfterProcessingInitializeOnLoad (3ms)
				EditorAssembliesLoaded (0ms)
			ExecutionOrderSort2 (0ms)
			AwakeInstancesAfterBackupRestoration (6ms)
Platform modules already initialized, skipping
Refreshing native plugins compatible for Editor in 3.85 ms, found 3 plugins.
Preloading 0 native plugins for Editor in 0.00 ms.
Unloading 3528 Unused Serialized files (Serialized files now loaded: 0)
Unloading 23 unused Assets / (455.4 KB). Loaded Objects now: 4124.
Memory consumption went from 155.9 MB to 155.4 MB.
Total: 6.186200 ms (FindLiveObjects: 0.669000 ms CreateObjectMapping: 0.179500 ms MarkObjects: 4.693600 ms  DeleteObjects: 0.642500 ms)

AssetImportParameters requested are different than current active one (requested -> active):
  custom:video-decoder-ogg-theora: a1e56fd34408186e4bbccfd4996cb3dc -> 
  custom:container-muxer-webm: aa71ff27fc2769a1b78a27578f13a17b -> 
  custom:container-demuxer-webm: 4f35f7cbe854078d1ac9338744f61a02 -> 
  custom:video-encoder-webm-vp8: eb34c28f22e8b96e1ab97ce403110664 -> 
  custom:audio-encoder-webm-vorbis: bf7c407c2cedff20999df2af8eb42d56 -> 
  custom:framework-win-MediaFoundation: 216162199b28c13a410421893ffa2e32 -> 
  custom:container-demuxer-ogg: 62fdf1f143b41e24485cea50d1cbac27 -> 
  custom:video-decoder-webm-vp8: 9c59270c3fd7afecdb556c50c9e8de78 -> 
  custom:audio-decoder-ogg-vorbis: bf7c407c2cedff20999df2af8eb42d56 -> 
========================================================================
Received Import Request.
  Time since last request: 51.324801 seconds.
  path: Assets/AJAJA/New Terrain.asset
  artifactKey: Guid(6a573845f32cc044dafd012197e292f9) Importer(815301076,1909f56bfc062723c751e8b465ee728b)
Start importing Assets/AJAJA/New Terrain.asset using Guid(6a573845f32cc044dafd012197e292f9) Importer(815301076,1909f56bfc062723c751e8b465ee728b)  -> (artifact id: 'bafa857fded951be7ad9f7f1a3ec91a5') in 0.125837 seconds 
========================================================================
Received Import Request.
  Time since last request: 12.768490 seconds.
  path: Assets/Asset/Sprint Terrain.asset
  artifactKey: Guid(62c76e647e3ac79479b3ea3558dd6e9f) Importer(815301076,1909f56bfc062723c751e8b465ee728b)
Start importing Assets/Asset/Sprint Terrain.asset using Guid(62c76e647e3ac79479b3ea3558dd6e9f) Importer(815301076,1909f56bfc062723c751e8b465ee728b)  -> (artifact id: '1ddae4d4db1854953b6a00a08471849d') in 0.539075 seconds 
========================================================================
Received Import Request.
  Time since last request: 2.407689 seconds.
  path: Assets/Asset/Font/braeside outline.ttf
  artifactKey: Guid(8fc266d67dc5940d2bde20920cf4d18e) Importer(815301076,1909f56bfc062723c751e8b465ee728b)
Start importing Assets/Asset/Font/braeside outline.ttf using Guid(8fc266d67dc5940d2bde20920cf4d18e) Importer(815301076,1909f56bfc062723c751e8b465ee728b)  -> (artifact id: '21bbb86baa76e857dd1d5856dc701c45') in 0.122075 seconds 
========================================================================
Received Import Request.
  Time since last request: 0.000033 seconds.
  path: Assets/Asset/Font/pricedown bl.ttf
  artifactKey: Guid(bfdc146c23a393e4299b78dac8c4ca27) Importer(815301076,1909f56bfc062723c751e8b465ee728b)
Start importing Assets/Asset/Font/pricedown bl.ttf using Guid(bfdc146c23a393e4299b78dac8c4ca27) Importer(815301076,1909f56bfc062723c751e8b465ee728b)  -> (artifact id: 'a3db17641b60127254b11df46dba621b') in 0.059514 seconds 
========================================================================
Received Import Request.
  Time since last request: 0.000025 seconds.
  path: Assets/Asset/Font/zeroes one.ttf
  artifactKey: Guid(39c3d5648da8c4e248c24456ee09df37) Importer(815301076,1909f56bfc062723c751e8b465ee728b)
Start importing Assets/Asset/Font/zeroes one.ttf using Guid(39c3d5648da8c4e248c24456ee09df37) Importer(815301076,1909f56bfc062723c751e8b465ee728b)  -> (artifact id: 'ffb9278842db79f9649b027cf35be0b9') in 0.056625 seconds 
========================================================================
Received Import Request.
  Time since last request: 0.000036 seconds.
  path: Assets/Asset/Font/vahika bd.ttf
  artifactKey: Guid(bccdd9cf75f1e46a18792ebf55750151) Importer(815301076,1909f56bfc062723c751e8b465ee728b)
Start importing Assets/Asset/Font/vahika bd.ttf using Guid(bccdd9cf75f1e46a18792ebf55750151) Importer(815301076,1909f56bfc062723c751e8b465ee728b)  -> (artifact id: '425f39dcce88c69bd8d2343dee02238f') in 0.032082 seconds 
========================================================================
Received Import Request.
  Time since last request: 0.000031 seconds.
  path: Assets/Asset/Font/zeroes two.ttf
  artifactKey: Guid(91529ed5c996a4687b589fdac15ba868) Importer(815301076,1909f56bfc062723c751e8b465ee728b)
Start importing Assets/Asset/Font/zeroes two.ttf using Guid(91529ed5c996a4687b589fdac15ba868) Importer(815301076,1909f56bfc062723c751e8b465ee728b)  -> (artifact id: '136b39bf9802a696d14eb5da75a3084a') in 0.123888 seconds 
========================================================================
Received Import Request.
  Time since last request: 0.000048 seconds.
  path: Assets/Asset/Font/tinsnips.ttf
  artifactKey: Guid(90904e461dd424e32bb5d2e4ff1ac923) Importer(815301076,1909f56bfc062723c751e8b465ee728b)
Start importing Assets/Asset/Font/tinsnips.ttf using Guid(90904e461dd424e32bb5d2e4ff1ac923) Importer(815301076,1909f56bfc062723c751e8b465ee728b)  -> (artifact id: '8801b62fe7a2837c95917da6a3406aba') in 0.058051 seconds 
========================================================================
Received Import Request.
  Time since last request: 0.000044 seconds.
  path: Assets/Asset/Font/unsteady oversteer.ttf
  artifactKey: Guid(89648ac7d8bd34b06960350413116068) Importer(815301076,1909f56bfc062723c751e8b465ee728b)
Start importing Assets/Asset/Font/unsteady oversteer.ttf using Guid(89648ac7d8bd34b06960350413116068) Importer(815301076,1909f56bfc062723c751e8b465ee728b)  -> (artifact id: 'ba3e8febc41477de199e97f397d74b44') in 0.026585 seconds 
========================================================================
Received Import Request.
  Time since last request: 0.000028 seconds.
  path: Assets/Asset/Font/quadrangle.ttf
  artifactKey: Guid(772f0e78a4f3d4587b6bc4b78fbe9763) Importer(815301076,1909f56bfc062723c751e8b465ee728b)
Start importing Assets/Asset/Font/quadrangle.ttf using Guid(772f0e78a4f3d4587b6bc4b78fbe9763) Importer(815301076,1909f56bfc062723c751e8b465ee728b)  -> (artifact id: 'b649b467d822e73173b61be11cd66376') in 0.165780 seconds 
========================================================================
Received Import Request.
  Time since last request: 16.643166 seconds.
  path: Assets/Mat/Morgue Room PBR/morgue scene/morgue/ReflectionProbe-0.exr
  artifactKey: Guid(e4b1b8489170cc641a647b2f765d219f) Importer(815301076,1909f56bfc062723c751e8b465ee728b)
Start importing Assets/Mat/Morgue Room PBR/morgue scene/morgue/ReflectionProbe-0.exr using Guid(e4b1b8489170cc641a647b2f765d219f) Importer(815301076,1909f56bfc062723c751e8b465ee728b)  -> (artifact id: '011f535a14dcbec12799990a92fc6b3a') in 0.164264 seconds 
========================================================================
Received Import Request.
  Time since last request: 0.000027 seconds.
  path: Assets/Mat/Morgue Room PBR/morgue scene/morgue/ReflectionProbe-2.exr
  artifactKey: Guid(d7e85e04951b2d64d9feec25cda12792) Importer(815301076,1909f56bfc062723c751e8b465ee728b)
Start importing Assets/Mat/Morgue Room PBR/morgue scene/morgue/ReflectionProbe-2.exr using Guid(d7e85e04951b2d64d9feec25cda12792) Importer(815301076,1909f56bfc062723c751e8b465ee728b)  -> (artifact id: '37030b87405c720273b72cba698a123a') in 0.031825 seconds 
========================================================================
Received Prepare
Registering precompiled user dll's ...
Registered in 0.003629 seconds.
Begin MonoManager ReloadAssembly
Symbol file LoadedFromMemory doesn't match image D:\uniyi\HorrorGleb\Library\PackageCache\com.unity.visualscripting@1.7.8\Editor\VisualScripting.Core\Dependencies\YamlDotNet\Unity.VisualScripting.YamlDotNet.dll
Symbol file LoadedFromMemory doesn't match image D:\uniyi\HorrorGleb\Library\PackageCache\com.unity.visualscripting@1.7.8\Editor\VisualScripting.Core\Dependencies\DotNetZip\Unity.VisualScripting.IonicZip.dll
Native extension for UWP target not found
Native extension for WindowsStandalone target not found
Native extension for WebGL target not found
Refreshing native plugins compatible for Editor in 1.06 ms, found 3 plugins.
Preloading 0 native plugins for Editor in 0.00 ms.
Mono: successfully reloaded assembly
- Completed reload, in  1.111 seconds
Domain Reload Profiling:
	ReloadAssembly (1112ms)
		BeginReloadAssembly (137ms)
			ExecutionOrderSort (0ms)
			DisableScriptedObjects (4ms)
			BackupInstance (0ms)
			ReleaseScriptingObjects (0ms)
			CreateAndSetChildDomain (39ms)
		EndReloadAssembly (878ms)
			LoadAssemblies (88ms)
			RebuildTransferFunctionScriptingTraits (0ms)
			SetupTypeCache (306ms)
			ReleaseScriptCaches (2ms)
			RebuildScriptCaches (50ms)
			SetupLoadedEditorAssemblies (381ms)
				LogAssemblyErrors (0ms)
				InitializePlatformSupportModulesInManaged (16ms)
				SetLoadedEditorAssemblies (1ms)
				RefreshPlugins (1ms)
				BeforeProcessingInitializeOnLoad (82ms)
				ProcessInitializeOnLoadAttributes (241ms)
				ProcessInitializeOnLoadMethodAttributes (35ms)
				AfterProcessingInitializeOnLoad (4ms)
				EditorAssembliesLoaded (0ms)
			ExecutionOrderSort2 (0ms)
			AwakeInstancesAfterBackupRestoration (7ms)
Platform modules already initialized, skipping
Refreshing native plugins compatible for Editor in 3.87 ms, found 3 plugins.
Preloading 0 native plugins for Editor in 0.00 ms.
Unloading 3528 Unused Serialized files (Serialized files now loaded: 0)
Unloading 22 unused Assets / (462.9 KB). Loaded Objects now: 4133.
Memory consumption went from 156.1 MB to 155.7 MB.
Total: 6.981400 ms (FindLiveObjects: 0.643100 ms CreateObjectMapping: 0.193100 ms MarkObjects: 5.429600 ms  DeleteObjects: 0.713600 ms)

AssetImportParameters requested are different than current active one (requested -> active):
  custom:video-decoder-ogg-theora: a1e56fd34408186e4bbccfd4996cb3dc -> 
  custom:container-muxer-webm: aa71ff27fc2769a1b78a27578f13a17b -> 
  custom:container-demuxer-webm: 4f35f7cbe854078d1ac9338744f61a02 -> 
  custom:video-encoder-webm-vp8: eb34c28f22e8b96e1ab97ce403110664 -> 
  custom:audio-encoder-webm-vorbis: bf7c407c2cedff20999df2af8eb42d56 -> 
  custom:framework-win-MediaFoundation: 216162199b28c13a410421893ffa2e32 -> 
  custom:container-demuxer-ogg: 62fdf1f143b41e24485cea50d1cbac27 -> 
  custom:video-decoder-webm-vp8: 9c59270c3fd7afecdb556c50c9e8de78 -> 
  custom:audio-decoder-ogg-vorbis: bf7c407c2cedff20999df2af8eb42d56 -> 
========================================================================
Received Prepare
Registering precompiled user dll's ...
Registered in 0.005045 seconds.
Begin MonoManager ReloadAssembly
Symbol file LoadedFromMemory doesn't match image D:\uniyi\HorrorGleb\Library\PackageCache\com.unity.visualscripting@1.7.8\Editor\VisualScripting.Core\Dependencies\YamlDotNet\Unity.VisualScripting.YamlDotNet.dll
Symbol file LoadedFromMemory doesn't match image D:\uniyi\HorrorGleb\Library\PackageCache\com.unity.visualscripting@1.7.8\Editor\VisualScripting.Core\Dependencies\DotNetZip\Unity.VisualScripting.IonicZip.dll
Native extension for UWP target not found
Native extension for WindowsStandalone target not found
Native extension for WebGL target not found
Refreshing native plugins compatible for Editor in 1.08 ms, found 3 plugins.
Preloading 0 native plugins for Editor in 0.00 ms.
Mono: successfully reloaded assembly
- Completed reload, in  1.025 seconds
Domain Reload Profiling:
	ReloadAssembly (1025ms)
		BeginReloadAssembly (138ms)
			ExecutionOrderSort (0ms)
			DisableScriptedObjects (5ms)
			BackupInstance (0ms)
			ReleaseScriptingObjects (0ms)
			CreateAndSetChildDomain (38ms)
		EndReloadAssembly (790ms)
			LoadAssemblies (81ms)
			RebuildTransferFunctionScriptingTraits (0ms)
			SetupTypeCache (281ms)
			ReleaseScriptCaches (2ms)
			RebuildScriptCaches (45ms)
			SetupLoadedEditorAssemblies (339ms)
				LogAssemblyErrors (0ms)
				InitializePlatformSupportModulesInManaged (13ms)
				SetLoadedEditorAssemblies (0ms)
				RefreshPlugins (1ms)
				BeforeProcessingInitializeOnLoad (77ms)
				ProcessInitializeOnLoadAttributes (215ms)
				ProcessInitializeOnLoadMethodAttributes (30ms)
				AfterProcessingInitializeOnLoad (3ms)
				EditorAssembliesLoaded (0ms)
			ExecutionOrderSort2 (0ms)
			AwakeInstancesAfterBackupRestoration (7ms)
Platform modules already initialized, skipping
Refreshing native plugins compatible for Editor in 3.96 ms, found 3 plugins.
Preloading 0 native plugins for Editor in 0.00 ms.
Unloading 3528 Unused Serialized files (Serialized files now loaded: 0)
Unloading 22 unused Assets / (463.1 KB). Loaded Objects now: 4136.
Memory consumption went from 156.2 MB to 155.7 MB.
Total: 8.792000 ms (FindLiveObjects: 0.641700 ms CreateObjectMapping: 0.187200 ms MarkObjects: 7.026100 ms  DeleteObjects: 0.934200 ms)

AssetImportParameters requested are different than current active one (requested -> active):
  custom:video-decoder-ogg-theora: a1e56fd34408186e4bbccfd4996cb3dc -> 
  custom:container-muxer-webm: aa71ff27fc2769a1b78a27578f13a17b -> 
  custom:container-demuxer-webm: 4f35f7cbe854078d1ac9338744f61a02 -> 
  custom:video-encoder-webm-vp8: eb34c28f22e8b96e1ab97ce403110664 -> 
  custom:audio-encoder-webm-vorbis: bf7c407c2cedff20999df2af8eb42d56 -> 
  custom:framework-win-MediaFoundation: 216162199b28c13a410421893ffa2e32 -> 
  custom:container-demuxer-ogg: 62fdf1f143b41e24485cea50d1cbac27 -> 
  custom:video-decoder-webm-vp8: 9c59270c3fd7afecdb556c50c9e8de78 -> 
  custom:audio-decoder-ogg-vorbis: bf7c407c2cedff20999df2af8eb42d56 -> 
========================================================================
Received Prepare
Registering precompiled user dll's ...
Registered in 0.004209 seconds.
Begin MonoManager ReloadAssembly
Symbol file LoadedFromMemory doesn't match image D:\uniyi\HorrorGleb\Library\PackageCache\com.unity.visualscripting@1.7.8\Editor\VisualScripting.Core\Dependencies\YamlDotNet\Unity.VisualScripting.YamlDotNet.dll
Symbol file LoadedFromMemory doesn't match image D:\uniyi\HorrorGleb\Library\PackageCache\com.unity.visualscripting@1.7.8\Editor\VisualScripting.Core\Dependencies\DotNetZip\Unity.VisualScripting.IonicZip.dll
Native extension for UWP target not found
Native extension for WindowsStandalone target not found
Native extension for WebGL target not found
Refreshing native plugins compatible for Editor in 1.05 ms, found 3 plugins.
Preloading 0 native plugins for Editor in 0.00 ms.
Mono: successfully reloaded assembly
- Completed reload, in  1.012 seconds
Domain Reload Profiling:
	ReloadAssembly (1012ms)
		BeginReloadAssembly (135ms)
			ExecutionOrderSort (0ms)
			DisableScriptedObjects (7ms)
			BackupInstance (0ms)
			ReleaseScriptingObjects (0ms)
			CreateAndSetChildDomain (37ms)
		EndReloadAssembly (784ms)
			LoadAssemblies (83ms)
			RebuildTransferFunctionScriptingTraits (0ms)
			SetupTypeCache (268ms)
			ReleaseScriptCaches (2ms)
			RebuildScriptCaches (41ms)
			SetupLoadedEditorAssemblies (348ms)
				LogAssemblyErrors (0ms)
				InitializePlatformSupportModulesInManaged (14ms)
				SetLoadedEditorAssemblies (0ms)
				RefreshPlugins (1ms)
				BeforeProcessingInitializeOnLoad (73ms)
				ProcessInitializeOnLoadAttributes (226ms)
				ProcessInitializeOnLoadMethodAttributes (30ms)
				AfterProcessingInitializeOnLoad (3ms)
				EditorAssembliesLoaded (0ms)
			ExecutionOrderSort2 (0ms)
			AwakeInstancesAfterBackupRestoration (6ms)
Platform modules already initialized, skipping
Refreshing native plugins compatible for Editor in 3.88 ms, found 3 plugins.
Preloading 0 native plugins for Editor in 0.00 ms.
Unloading 3528 Unused Serialized files (Serialized files now loaded: 0)
Unloading 22 unused Assets / (463.1 KB). Loaded Objects now: 4139.
Memory consumption went from 156.2 MB to 155.7 MB.
Total: 6.499500 ms (FindLiveObjects: 0.666500 ms CreateObjectMapping: 0.180300 ms MarkObjects: 4.966800 ms  DeleteObjects: 0.684100 ms)

AssetImportParameters requested are different than current active one (requested -> active):
  custom:video-decoder-ogg-theora: a1e56fd34408186e4bbccfd4996cb3dc -> 
  custom:container-muxer-webm: aa71ff27fc2769a1b78a27578f13a17b -> 
  custom:container-demuxer-webm: 4f35f7cbe854078d1ac9338744f61a02 -> 
  custom:video-encoder-webm-vp8: eb34c28f22e8b96e1ab97ce403110664 -> 
  custom:audio-encoder-webm-vorbis: bf7c407c2cedff20999df2af8eb42d56 -> 
  custom:framework-win-MediaFoundation: 216162199b28c13a410421893ffa2e32 -> 
  custom:container-demuxer-ogg: 62fdf1f143b41e24485cea50d1cbac27 -> 
  custom:video-decoder-webm-vp8: 9c59270c3fd7afecdb556c50c9e8de78 -> 
  custom:audio-decoder-ogg-vorbis: bf7c407c2cedff20999df2af8eb42d56 -> 
========================================================================
Received Prepare
Registering precompiled user dll's ...
Registered in 0.003602 seconds.
Begin MonoManager ReloadAssembly
Symbol file LoadedFromMemory doesn't match image D:\uniyi\HorrorGleb\Library\PackageCache\com.unity.visualscripting@1.7.8\Editor\VisualScripting.Core\Dependencies\YamlDotNet\Unity.VisualScripting.YamlDotNet.dll
Symbol file LoadedFromMemory doesn't match image D:\uniyi\HorrorGleb\Library\PackageCache\com.unity.visualscripting@1.7.8\Editor\VisualScripting.Core\Dependencies\DotNetZip\Unity.VisualScripting.IonicZip.dll
Native extension for UWP target not found
Native extension for WindowsStandalone target not found
Native extension for WebGL target not found
Refreshing native plugins compatible for Editor in 1.22 ms, found 3 plugins.
Preloading 0 native plugins for Editor in 0.00 ms.
Mono: successfully reloaded assembly
- Completed reload, in  1.024 seconds
Domain Reload Profiling:
	ReloadAssembly (1025ms)
		BeginReloadAssembly (133ms)
			ExecutionOrderSort (0ms)
			DisableScriptedObjects (6ms)
			BackupInstance (0ms)
			ReleaseScriptingObjects (0ms)
			CreateAndSetChildDomain (37ms)
		EndReloadAssembly (800ms)
			LoadAssemblies (77ms)
			RebuildTransferFunctionScriptingTraits (0ms)
			SetupTypeCache (282ms)
			ReleaseScriptCaches (2ms)
			RebuildScriptCaches (50ms)
			SetupLoadedEditorAssemblies (342ms)
				LogAssemblyErrors (0ms)
				InitializePlatformSupportModulesInManaged (17ms)
				SetLoadedEditorAssemblies (1ms)
				RefreshPlugins (1ms)
				BeforeProcessingInitializeOnLoad (74ms)
				ProcessInitializeOnLoadAttributes (215ms)
				ProcessInitializeOnLoadMethodAttributes (32ms)
				AfterProcessingInitializeOnLoad (3ms)
				EditorAssembliesLoaded (0ms)
			ExecutionOrderSort2 (0ms)
			AwakeInstancesAfterBackupRestoration (7ms)
Platform modules already initialized, skipping
Refreshing native plugins compatible for Editor in 4.30 ms, found 3 plugins.
Preloading 0 native plugins for Editor in 0.00 ms.
Unloading 3528 Unused Serialized files (Serialized files now loaded: 0)
Unloading 22 unused Assets / (463.2 KB). Loaded Objects now: 4142.
Memory consumption went from 156.2 MB to 155.7 MB.
Total: 8.184100 ms (FindLiveObjects: 0.687500 ms CreateObjectMapping: 0.183900 ms MarkObjects: 6.442000 ms  DeleteObjects: 0.868500 ms)

AssetImportParameters requested are different than current active one (requested -> active):
  custom:video-decoder-ogg-theora: a1e56fd34408186e4bbccfd4996cb3dc -> 
  custom:container-muxer-webm: aa71ff27fc2769a1b78a27578f13a17b -> 
  custom:container-demuxer-webm: 4f35f7cbe854078d1ac9338744f61a02 -> 
  custom:video-encoder-webm-vp8: eb34c28f22e8b96e1ab97ce403110664 -> 
  custom:audio-encoder-webm-vorbis: bf7c407c2cedff20999df2af8eb42d56 -> 
  custom:framework-win-MediaFoundation: 216162199b28c13a410421893ffa2e32 -> 
  custom:container-demuxer-ogg: 62fdf1f143b41e24485cea50d1cbac27 -> 
  custom:video-decoder-webm-vp8: 9c59270c3fd7afecdb556c50c9e8de78 -> 
  custom:audio-decoder-ogg-vorbis: bf7c407c2cedff20999df2af8eb42d56 -> 
========================================================================
Received Prepare
Registering precompiled user dll's ...
Registered in 0.004603 seconds.
Begin MonoManager ReloadAssembly
Symbol file LoadedFromMemory doesn't match image D:\uniyi\HorrorGleb\Library\PackageCache\com.unity.visualscripting@1.7.8\Editor\VisualScripting.Core\Dependencies\YamlDotNet\Unity.VisualScripting.YamlDotNet.dll
Symbol file LoadedFromMemory doesn't match image D:\uniyi\HorrorGleb\Library\PackageCache\com.unity.visualscripting@1.7.8\Editor\VisualScripting.Core\Dependencies\DotNetZip\Unity.VisualScripting.IonicZip.dll
Native extension for UWP target not found
Native extension for WindowsStandalone target not found
Native extension for WebGL target not found
Refreshing native plugins compatible for Editor in 1.07 ms, found 3 plugins.
Preloading 0 native plugins for Editor in 0.00 ms.
Mono: successfully reloaded assembly
- Completed reload, in  1.057 seconds
Domain Reload Profiling:
	ReloadAssembly (1058ms)
		BeginReloadAssembly (139ms)
			ExecutionOrderSort (0ms)
			DisableScriptedObjects (6ms)
			BackupInstance (0ms)
			ReleaseScriptingObjects (0ms)
			CreateAndSetChildDomain (41ms)
		EndReloadAssembly (814ms)
			LoadAssemblies (84ms)
			RebuildTransferFunctionScriptingTraits (0ms)
			SetupTypeCache (282ms)
			ReleaseScriptCaches (1ms)
			RebuildScriptCaches (48ms)
			SetupLoadedEditorAssemblies (353ms)
				LogAssemblyErrors (0ms)
				InitializePlatformSupportModulesInManaged (16ms)
				SetLoadedEditorAssemblies (0ms)
				RefreshPlugins (1ms)
				BeforeProcessingInitializeOnLoad (73ms)
				ProcessInitializeOnLoadAttributes (228ms)
				ProcessInitializeOnLoadMethodAttributes (32ms)
				AfterProcessingInitializeOnLoad (3ms)
				EditorAssembliesLoaded (0ms)
			ExecutionOrderSort2 (0ms)
			AwakeInstancesAfterBackupRestoration (7ms)
Platform modules already initialized, skipping
Refreshing native plugins compatible for Editor in 4.02 ms, found 3 plugins.
Preloading 0 native plugins for Editor in 0.00 ms.
Unloading 3528 Unused Serialized files (Serialized files now loaded: 0)
Unloading 22 unused Assets / (463.4 KB). Loaded Objects now: 4145.
Memory consumption went from 156.2 MB to 155.7 MB.
Total: 7.183200 ms (FindLiveObjects: 0.709000 ms CreateObjectMapping: 0.195800 ms MarkObjects: 5.529600 ms  DeleteObjects: 0.746800 ms)

AssetImportParameters requested are different than current active one (requested -> active):
  custom:video-decoder-ogg-theora: a1e56fd34408186e4bbccfd4996cb3dc -> 
  custom:container-muxer-webm: aa71ff27fc2769a1b78a27578f13a17b -> 
  custom:container-demuxer-webm: 4f35f7cbe854078d1ac9338744f61a02 -> 
  custom:video-encoder-webm-vp8: eb34c28f22e8b96e1ab97ce403110664 -> 
  custom:audio-encoder-webm-vorbis: bf7c407c2cedff20999df2af8eb42d56 -> 
  custom:framework-win-MediaFoundation: 216162199b28c13a410421893ffa2e32 -> 
  custom:container-demuxer-ogg: 62fdf1f143b41e24485cea50d1cbac27 -> 
  custom:video-decoder-webm-vp8: 9c59270c3fd7afecdb556c50c9e8de78 -> 
  custom:audio-decoder-ogg-vorbis: bf7c407c2cedff20999df2af8eb42d56 -> 
========================================================================
Received Prepare
Registering precompiled user dll's ...
Registered in 0.003591 seconds.
Begin MonoManager ReloadAssembly
Symbol file LoadedFromMemory doesn't match image D:\uniyi\HorrorGleb\Library\PackageCache\com.unity.visualscripting@1.7.8\Editor\VisualScripting.Core\Dependencies\YamlDotNet\Unity.VisualScripting.YamlDotNet.dll
Symbol file LoadedFromMemory doesn't match image D:\uniyi\HorrorGleb\Library\PackageCache\com.unity.visualscripting@1.7.8\Editor\VisualScripting.Core\Dependencies\DotNetZip\Unity.VisualScripting.IonicZip.dll
Native extension for UWP target not found
Native extension for WindowsStandalone target not found
Native extension for WebGL target not found
Refreshing native plugins compatible for Editor in 1.25 ms, found 3 plugins.
Preloading 0 native plugins for Editor in 0.00 ms.
Mono: successfully reloaded assembly
- Completed reload, in  1.025 seconds
Domain Reload Profiling:
	ReloadAssembly (1025ms)
		BeginReloadAssembly (127ms)
			ExecutionOrderSort (0ms)
			DisableScriptedObjects (6ms)
			BackupInstance (0ms)
			ReleaseScriptingObjects (0ms)
			CreateAndSetChildDomain (35ms)
		EndReloadAssembly (804ms)
			LoadAssemblies (71ms)
			RebuildTransferFunctionScriptingTraits (0ms)
			SetupTypeCache (274ms)
			ReleaseScriptCaches (2ms)
			RebuildScriptCaches (47ms)
			SetupLoadedEditorAssemblies (351ms)
				LogAssemblyErrors (0ms)
				InitializePlatformSupportModulesInManaged (15ms)
				SetLoadedEditorAssemblies (0ms)
				RefreshPlugins (1ms)
				BeforeProcessingInitializeOnLoad (72ms)
				ProcessInitializeOnLoadAttributes (228ms)
				ProcessInitializeOnLoadMethodAttributes (30ms)
				AfterProcessingInitializeOnLoad (3ms)
				EditorAssembliesLoaded (0ms)
			ExecutionOrderSort2 (0ms)
			AwakeInstancesAfterBackupRestoration (8ms)
Platform modules already initialized, skipping
Refreshing native plugins compatible for Editor in 5.92 ms, found 3 plugins.
Preloading 0 native plugins for Editor in 0.00 ms.
Unloading 3528 Unused Serialized files (Serialized files now loaded: 0)
Unloading 22 unused Assets / (0.5 MB). Loaded Objects now: 4148.
Memory consumption went from 156.2 MB to 155.7 MB.
Total: 7.357900 ms (FindLiveObjects: 0.623900 ms CreateObjectMapping: 0.204500 ms MarkObjects: 5.676800 ms  DeleteObjects: 0.850200 ms)

AssetImportParameters requested are different than current active one (requested -> active):
  custom:video-decoder-ogg-theora: a1e56fd34408186e4bbccfd4996cb3dc -> 
  custom:container-muxer-webm: aa71ff27fc2769a1b78a27578f13a17b -> 
  custom:container-demuxer-webm: 4f35f7cbe854078d1ac9338744f61a02 -> 
  custom:video-encoder-webm-vp8: eb34c28f22e8b96e1ab97ce403110664 -> 
  custom:audio-encoder-webm-vorbis: bf7c407c2cedff20999df2af8eb42d56 -> 
  custom:framework-win-MediaFoundation: 216162199b28c13a410421893ffa2e32 -> 
  custom:container-demuxer-ogg: 62fdf1f143b41e24485cea50d1cbac27 -> 
  custom:video-decoder-webm-vp8: 9c59270c3fd7afecdb556c50c9e8de78 -> 
  custom:audio-decoder-ogg-vorbis: bf7c407c2cedff20999df2af8eb42d56 -> 
========================================================================
Received Prepare
Registering precompiled user dll's ...
Registered in 0.005511 seconds.
Begin MonoManager ReloadAssembly
Symbol file LoadedFromMemory doesn't match image D:\uniyi\HorrorGleb\Library\PackageCache\com.unity.visualscripting@1.7.8\Editor\VisualScripting.Core\Dependencies\YamlDotNet\Unity.VisualScripting.YamlDotNet.dll
Symbol file LoadedFromMemory doesn't match image D:\uniyi\HorrorGleb\Library\PackageCache\com.unity.visualscripting@1.7.8\Editor\VisualScripting.Core\Dependencies\DotNetZip\Unity.VisualScripting.IonicZip.dll
Native extension for UWP target not found
Native extension for WindowsStandalone target not found
Native extension for WebGL target not found
Refreshing native plugins compatible for Editor in 1.51 ms, found 3 plugins.
Preloading 0 native plugins for Editor in 0.00 ms.
Mono: successfully reloaded assembly
- Completed reload, in  0.996 seconds
Domain Reload Profiling:
	ReloadAssembly (997ms)
		BeginReloadAssembly (132ms)
			ExecutionOrderSort (0ms)
			DisableScriptedObjects (6ms)
			BackupInstance (0ms)
			ReleaseScriptingObjects (0ms)
			CreateAndSetChildDomain (37ms)
		EndReloadAssembly (767ms)
			LoadAssemblies (81ms)
			RebuildTransferFunctionScriptingTraits (0ms)
			SetupTypeCache (264ms)
			ReleaseScriptCaches (2ms)
			RebuildScriptCaches (42ms)
			SetupLoadedEditorAssemblies (336ms)
				LogAssemblyErrors (0ms)
				InitializePlatformSupportModulesInManaged (16ms)
				SetLoadedEditorAssemblies (1ms)
				RefreshPlugins (2ms)
				BeforeProcessingInitializeOnLoad (69ms)
				ProcessInitializeOnLoadAttributes (215ms)
				ProcessInitializeOnLoadMethodAttributes (31ms)
				AfterProcessingInitializeOnLoad (3ms)
				EditorAssembliesLoaded (0ms)
			ExecutionOrderSort2 (0ms)
			AwakeInstancesAfterBackupRestoration (6ms)
Platform modules already initialized, skipping
Refreshing native plugins compatible for Editor in 5.05 ms, found 3 plugins.
Preloading 0 native plugins for Editor in 0.00 ms.
Unloading 3528 Unused Serialized files (Serialized files now loaded: 0)
Unloading 22 unused Assets / (463.2 KB). Loaded Objects now: 4151.
Memory consumption went from 156.2 MB to 155.8 MB.
Total: 7.141700 ms (FindLiveObjects: 0.704700 ms CreateObjectMapping: 0.193100 ms MarkObjects: 5.480000 ms  DeleteObjects: 0.761600 ms)

AssetImportParameters requested are different than current active one (requested -> active):
  custom:video-decoder-ogg-theora: a1e56fd34408186e4bbccfd4996cb3dc -> 
  custom:container-muxer-webm: aa71ff27fc2769a1b78a27578f13a17b -> 
  custom:container-demuxer-webm: 4f35f7cbe854078d1ac9338744f61a02 -> 
  custom:video-encoder-webm-vp8: eb34c28f22e8b96e1ab97ce403110664 -> 
  custom:audio-encoder-webm-vorbis: bf7c407c2cedff20999df2af8eb42d56 -> 
  custom:framework-win-MediaFoundation: 216162199b28c13a410421893ffa2e32 -> 
  custom:container-demuxer-ogg: 62fdf1f143b41e24485cea50d1cbac27 -> 
  custom:video-decoder-webm-vp8: 9c59270c3fd7afecdb556c50c9e8de78 -> 
  custom:audio-decoder-ogg-vorbis: bf7c407c2cedff20999df2af8eb42d56 -> 
========================================================================
Received Prepare
Registering precompiled user dll's ...
Registered in 0.003492 seconds.
Begin MonoManager ReloadAssembly
Symbol file LoadedFromMemory doesn't match image D:\uniyi\HorrorGleb\Library\PackageCache\com.unity.visualscripting@1.7.8\Editor\VisualScripting.Core\Dependencies\YamlDotNet\Unity.VisualScripting.YamlDotNet.dll
Symbol file LoadedFromMemory doesn't match image D:\uniyi\HorrorGleb\Library\PackageCache\com.unity.visualscripting@1.7.8\Editor\VisualScripting.Core\Dependencies\DotNetZip\Unity.VisualScripting.IonicZip.dll
Native extension for UWP target not found
Native extension for WindowsStandalone target not found
Native extension for WebGL target not found
Refreshing native plugins compatible for Editor in 1.11 ms, found 3 plugins.
Preloading 0 native plugins for Editor in 0.00 ms.
Mono: successfully reloaded assembly
- Completed reload, in  1.030 seconds
Domain Reload Profiling:
	ReloadAssembly (1030ms)
		BeginReloadAssembly (124ms)
			ExecutionOrderSort (0ms)
			DisableScriptedObjects (6ms)
			BackupInstance (0ms)
			ReleaseScriptingObjects (0ms)
			CreateAndSetChildDomain (36ms)
		EndReloadAssembly (811ms)
			LoadAssemblies (70ms)
			RebuildTransferFunctionScriptingTraits (0ms)
			SetupTypeCache (286ms)
			ReleaseScriptCaches (2ms)
			RebuildScriptCaches (48ms)
			SetupLoadedEditorAssemblies (354ms)
				LogAssemblyErrors (0ms)
				InitializePlatformSupportModulesInManaged (16ms)
				SetLoadedEditorAssemblies (0ms)
				RefreshPlugins (1ms)
				BeforeProcessingInitializeOnLoad (72ms)
				ProcessInitializeOnLoadAttributes (230ms)
				ProcessInitializeOnLoadMethodAttributes (31ms)
				AfterProcessingInitializeOnLoad (3ms)
				EditorAssembliesLoaded (0ms)
			ExecutionOrderSort2 (0ms)
			AwakeInstancesAfterBackupRestoration (7ms)
Platform modules already initialized, skipping
Refreshing native plugins compatible for Editor in 4.29 ms, found 3 plugins.
Preloading 0 native plugins for Editor in 0.00 ms.
Unloading 3528 Unused Serialized files (Serialized files now loaded: 0)
Unloading 22 unused Assets / (463.3 KB). Loaded Objects now: 4154.
Memory consumption went from 156.2 MB to 155.8 MB.
Total: 7.426700 ms (FindLiveObjects: 0.772500 ms CreateObjectMapping: 0.192800 ms MarkObjects: 5.656100 ms  DeleteObjects: 0.802500 ms)

AssetImportParameters requested are different than current active one (requested -> active):
  custom:video-decoder-ogg-theora: a1e56fd34408186e4bbccfd4996cb3dc -> 
  custom:container-muxer-webm: aa71ff27fc2769a1b78a27578f13a17b -> 
  custom:container-demuxer-webm: 4f35f7cbe854078d1ac9338744f61a02 -> 
  custom:video-encoder-webm-vp8: eb34c28f22e8b96e1ab97ce403110664 -> 
  custom:audio-encoder-webm-vorbis: bf7c407c2cedff20999df2af8eb42d56 -> 
  custom:framework-win-MediaFoundation: 216162199b28c13a410421893ffa2e32 -> 
  custom:container-demuxer-ogg: 62fdf1f143b41e24485cea50d1cbac27 -> 
  custom:video-decoder-webm-vp8: 9c59270c3fd7afecdb556c50c9e8de78 -> 
  custom:audio-decoder-ogg-vorbis: bf7c407c2cedff20999df2af8eb42d56 -> 
