Using pre-set license
Built from '2021.3/staging' branch; Version is '2021.3.4f1 (cb45f9cae8b7) revision 13321721'; Using compiler version '192829333'; Build Type 'Release'
OS: 'Windows 10  (10.0.19044) 64bit Professional' Language: 'ru' Physical Memory: 16271 MB
BatchMode: 1, IsHumanControllingUs: 0, StartBugReporterOnCrash: 0, Is64bit: 1, IsPro: 1

COMMAND LINE ARGUMENTS:
D:\unun\2021.3.4f1\Editor\Unity.exe
-adb2
-batchMode
-noUpm
-name
AssetImportWorker11
-projectPath
D:/uniyi/HorrorGleb
-logFile
Logs/AssetImportWorker11.log
-srvPort
50378
Successfully changed project path to: D:/uniyi/HorrorGleb
D:/uniyi/HorrorGleb
[UnityMemory] Configuration Parameters - Can be set up in boot.config
    "memorysetup-bucket-allocator-granularity=16"
    "memorysetup-bucket-allocator-bucket-count=8"
    "memorysetup-bucket-allocator-block-size=33554432"
    "memorysetup-bucket-allocator-block-count=8"
    "memorysetup-main-allocator-block-size=16777216"
    "memorysetup-thread-allocator-block-size=16777216"
    "memorysetup-gfx-main-allocator-block-size=16777216"
    "memorysetup-gfx-thread-allocator-block-size=16777216"
    "memorysetup-cache-allocator-block-size=4194304"
    "memorysetup-typetree-allocator-block-size=2097152"
    "memorysetup-profiler-bucket-allocator-granularity=16"
    "memorysetup-profiler-bucket-allocator-bucket-count=8"
    "memorysetup-profiler-bucket-allocator-block-size=33554432"
    "memorysetup-profiler-bucket-allocator-block-count=8"
    "memorysetup-profiler-allocator-block-size=16777216"
    "memorysetup-profiler-editor-allocator-block-size=1048576"
    "memorysetup-temp-allocator-size-main=16777216"
    "memorysetup-job-temp-allocator-block-size=2097152"
    "memorysetup-job-temp-allocator-block-size-background=1048576"
    "memorysetup-job-temp-allocator-reduction-small-platforms=262144"
    "memorysetup-temp-allocator-size-background-worker=32768"
    "memorysetup-temp-allocator-size-job-worker=262144"
    "memorysetup-temp-allocator-size-preload-manager=33554432"
    "memorysetup-temp-allocator-size-nav-mesh-worker=65536"
    "memorysetup-temp-allocator-size-audio-worker=65536"
    "memorysetup-temp-allocator-size-cloud-worker=32768"
    "memorysetup-temp-allocator-size-gi-baking-worker=262144"
    "memorysetup-temp-allocator-size-gfx=262144"
Refreshing native plugins compatible for Editor in 119.50 ms, found 3 plugins.
Preloading 0 native plugins for Editor in 0.00 ms.
Initialize engine version: 2021.3.4f1 (cb45f9cae8b7)
[Subsystems] Discovering subsystems at path D:/unun/2021.3.4f1/Editor/Data/Resources/UnitySubsystems
[Subsystems] Discovering subsystems at path D:/uniyi/HorrorGleb/Assets
GfxDevice: creating device client; threaded=0; jobified=0
Direct3D:
    Version:  Direct3D 11.0 [level 11.1]
    Renderer: NVIDIA GeForce GTX 1650 (ID=0x1f0a)
    Vendor:   NVIDIA
    VRAM:     3961 MB
    Driver:   30.0.15.1295
Initialize mono
Mono path[0] = 'D:/unun/2021.3.4f1/Editor/Data/Managed'
Mono path[1] = 'D:/unun/2021.3.4f1/Editor/Data/MonoBleedingEdge/lib/mono/unityjit-win32'
Mono config path = 'D:/unun/2021.3.4f1/Editor/Data/MonoBleedingEdge/etc'
Using monoOptions --debugger-agent=transport=dt_socket,embedding=1,server=y,suspend=n,address=127.0.0.1:56124
Begin MonoManager ReloadAssembly
Registering precompiled unity dll's ...
Register platform support module: D:/unun/2021.3.4f1/Editor/Data/PlaybackEngines/WebGLSupport/UnityEditor.WebGL.Extensions.dll
Register platform support module: D:/unun/2021.3.4f1/Editor/Data/PlaybackEngines/WindowsStandaloneSupport/UnityEditor.WindowsStandalone.Extensions.dll
Register platform support module: D:/unun/2021.3.4f1/Editor/Data/PlaybackEngines/MetroSupport/UnityEditor.UWP.Extensions.dll
Registered in 0.003069 seconds.
Native extension for UWP target not found
Native extension for WindowsStandalone target not found
Native extension for WebGL target not found
Refreshing native plugins compatible for Editor in 135.64 ms, found 3 plugins.
Preloading 0 native plugins for Editor in 0.00 ms.
Mono: successfully reloaded assembly
- Completed reload, in  0.656 seconds
Domain Reload Profiling:
	ReloadAssembly (656ms)
		BeginReloadAssembly (67ms)
			ExecutionOrderSort (0ms)
			DisableScriptedObjects (0ms)
			BackupInstance (0ms)
			ReleaseScriptingObjects (0ms)
			CreateAndSetChildDomain (1ms)
		EndReloadAssembly (489ms)
			LoadAssemblies (67ms)
			RebuildTransferFunctionScriptingTraits (0ms)
			SetupTypeCache (105ms)
			ReleaseScriptCaches (0ms)
			RebuildScriptCaches (28ms)
			SetupLoadedEditorAssemblies (309ms)
				LogAssemblyErrors (0ms)
				InitializePlatformSupportModulesInManaged (9ms)
				SetLoadedEditorAssemblies (0ms)
				RefreshPlugins (136ms)
				BeforeProcessingInitializeOnLoad (1ms)
				ProcessInitializeOnLoadAttributes (120ms)
				ProcessInitializeOnLoadMethodAttributes (43ms)
				AfterProcessingInitializeOnLoad (0ms)
				EditorAssembliesLoaded (0ms)
			ExecutionOrderSort2 (0ms)
			AwakeInstancesAfterBackupRestoration (0ms)
Platform modules already initialized, skipping
Registering precompiled user dll's ...
Registered in 0.003914 seconds.
Begin MonoManager ReloadAssembly
Symbol file LoadedFromMemory doesn't match image D:\uniyi\HorrorGleb\Library\PackageCache\com.unity.visualscripting@1.7.8\Editor\VisualScripting.Core\Dependencies\YamlDotNet\Unity.VisualScripting.YamlDotNet.dll
Symbol file LoadedFromMemory doesn't match image D:\uniyi\HorrorGleb\Library\PackageCache\com.unity.visualscripting@1.7.8\Editor\VisualScripting.Core\Dependencies\DotNetZip\Unity.VisualScripting.IonicZip.dll
Native extension for UWP target not found
Native extension for WindowsStandalone target not found
Native extension for WebGL target not found
Refreshing native plugins compatible for Editor in 117.87 ms, found 3 plugins.
Preloading 0 native plugins for Editor in 0.00 ms.
Mono: successfully reloaded assembly
- Completed reload, in  1.211 seconds
Domain Reload Profiling:
	ReloadAssembly (1212ms)
		BeginReloadAssembly (106ms)
			ExecutionOrderSort (0ms)
			DisableScriptedObjects (7ms)
			BackupInstance (0ms)
			ReleaseScriptingObjects (0ms)
			CreateAndSetChildDomain (21ms)
		EndReloadAssembly (994ms)
			LoadAssemblies (72ms)
			RebuildTransferFunctionScriptingTraits (0ms)
			SetupTypeCache (281ms)
			ReleaseScriptCaches (1ms)
			RebuildScriptCaches (53ms)
			SetupLoadedEditorAssemblies (548ms)
				LogAssemblyErrors (0ms)
				InitializePlatformSupportModulesInManaged (5ms)
				SetLoadedEditorAssemblies (0ms)
				RefreshPlugins (118ms)
				BeforeProcessingInitializeOnLoad (94ms)
				ProcessInitializeOnLoadAttributes (304ms)
				ProcessInitializeOnLoadMethodAttributes (24ms)
				AfterProcessingInitializeOnLoad (3ms)
				EditorAssembliesLoaded (0ms)
			ExecutionOrderSort2 (0ms)
			AwakeInstancesAfterBackupRestoration (6ms)
Platform modules already initialized, skipping
========================================================================
Worker process is ready to serve import requests
Launched and connected shader compiler UnityShaderCompiler.exe after 0.13 seconds
Refreshing native plugins compatible for Editor in 2.02 ms, found 3 plugins.
Preloading 0 native plugins for Editor in 0.00 ms.
Unloading 3917 Unused Serialized files (Serialized files now loaded: 0)
Unloading 32 unused Assets / (487.4 KB). Loaded Objects now: 4418.
Memory consumption went from 167.2 MB to 166.7 MB.
Total: 6.177500 ms (FindLiveObjects: 0.650000 ms CreateObjectMapping: 0.170700 ms MarkObjects: 4.837300 ms  DeleteObjects: 0.517200 ms)

AssetImportParameters requested are different than current active one (requested -> active):
  custom:video-decoder-ogg-theora: a1e56fd34408186e4bbccfd4996cb3dc -> 
  custom:container-muxer-webm: aa71ff27fc2769a1b78a27578f13a17b -> 
  custom:container-demuxer-webm: 4f35f7cbe854078d1ac9338744f61a02 -> 
  custom:video-encoder-webm-vp8: eb34c28f22e8b96e1ab97ce403110664 -> 
  custom:audio-encoder-webm-vorbis: bf7c407c2cedff20999df2af8eb42d56 -> 
  custom:framework-win-MediaFoundation: 216162199b28c13a410421893ffa2e32 -> 
  custom:container-demuxer-ogg: 62fdf1f143b41e24485cea50d1cbac27 -> 
  custom:video-decoder-webm-vp8: 9c59270c3fd7afecdb556c50c9e8de78 -> 
  custom:audio-decoder-ogg-vorbis: bf7c407c2cedff20999df2af8eb42d56 -> 
========================================================================
Received Import Request.
  Time since last request: 897703.812666 seconds.
  path: Assets/Mat/exit/textures/Material_1_0_metallic.jpeg
  artifactKey: Guid(22ef8bf27ad18ef40af38d6e840a2364) Importer(815301076,1909f56bfc062723c751e8b465ee728b)
Start importing Assets/Mat/exit/textures/Material_1_0_metallic.jpeg using Guid(22ef8bf27ad18ef40af38d6e840a2364) Importer(815301076,1909f56bfc062723c751e8b465ee728b)  -> (artifact id: '84fa67580c3c8b542a0c4da1248444f1') in 0.131237 seconds 
========================================================================
Received Import Request.
  Time since last request: 4.710104 seconds.
  path: Assets/Mat/DOOR/textures/BaseColor.png
  artifactKey: Guid(1f55761079f2bce48b62f539d92aab9c) Importer(815301076,1909f56bfc062723c751e8b465ee728b)
Start importing Assets/Mat/DOOR/textures/BaseColor.png using Guid(1f55761079f2bce48b62f539d92aab9c) Importer(815301076,1909f56bfc062723c751e8b465ee728b)  -> (artifact id: 'a3d0434e5047bd689d1c0f2eae2e4ae4') in 0.065276 seconds 
========================================================================
Received Import Request.
  Time since last request: 0.000022 seconds.
  path: Assets/Mat/DOOR/textures/Roughness.png
  artifactKey: Guid(0a00bd995935dd94ca317929b3d094b7) Importer(815301076,1909f56bfc062723c751e8b465ee728b)
Start importing Assets/Mat/DOOR/textures/Roughness.png using Guid(0a00bd995935dd94ca317929b3d094b7) Importer(815301076,1909f56bfc062723c751e8b465ee728b)  -> (artifact id: '77f06fc5a4f74efc10834d481d36fe87') in 0.131044 seconds 
========================================================================
Received Import Request.
  Time since last request: 15.599473 seconds.
  path: Assets/Mat/DOOR/textures/AO.png
  artifactKey: Guid(7b840eb868c17a04caccdb6772263577) Importer(815301076,1909f56bfc062723c751e8b465ee728b)
Start importing Assets/Mat/DOOR/textures/AO.png using Guid(7b840eb868c17a04caccdb6772263577) Importer(815301076,1909f56bfc062723c751e8b465ee728b)  -> (artifact id: '27eb4ec831bce3065a0a6612f42a68e2') in 0.033722 seconds 
========================================================================
Received Import Request.
  Time since last request: 4.362929 seconds.
  path: Assets/Mat/dloor/textures/TiledMat_Displacement.png
  artifactKey: Guid(072cf930e8739f647b360888d8005fa0) Importer(815301076,1909f56bfc062723c751e8b465ee728b)
Start importing Assets/Mat/dloor/textures/TiledMat_Displacement.png using Guid(072cf930e8739f647b360888d8005fa0) Importer(815301076,1909f56bfc062723c751e8b465ee728b)  -> (artifact id: '98c1916453607a5d3364ee5b6c06e435') in 0.140448 seconds 
========================================================================
Received Import Request.
  Time since last request: 0.000029 seconds.
  path: Assets/Mat/dloor/textures/TiledMat_Roughness.png
  artifactKey: Guid(2bab2cf2ef6eb644aabba9a3258e2b94) Importer(815301076,1909f56bfc062723c751e8b465ee728b)
Start importing Assets/Mat/dloor/textures/TiledMat_Roughness.png using Guid(2bab2cf2ef6eb644aabba9a3258e2b94) Importer(815301076,1909f56bfc062723c751e8b465ee728b)  -> (artifact id: 'e4bd86abe65c97ad1675e9a94e3edd99') in 0.180917 seconds 
========================================================================
Received Import Request.
  Time since last request: 25.632437 seconds.
  path: Assets/Mat/dloor/textures/TiledMat_Displacement.png
  artifactKey: Guid(072cf930e8739f647b360888d8005fa0) Importer(815301076,1909f56bfc062723c751e8b465ee728b)
Start importing Assets/Mat/dloor/textures/TiledMat_Displacement.png using Guid(072cf930e8739f647b360888d8005fa0) Importer(815301076,1909f56bfc062723c751e8b465ee728b)  -> (artifact id: 'd301975500a2863c4ca43e55ddbd4ffd') in 0.023966 seconds 
========================================================================
Received Import Request.
  Time since last request: 0.000031 seconds.
  path: Assets/Mat/dloor/textures/TiledMat_Mixed_AO.png
  artifactKey: Guid(14b8ebdfd982691458d24f41ee37207f) Importer(815301076,1909f56bfc062723c751e8b465ee728b)
Start importing Assets/Mat/dloor/textures/TiledMat_Mixed_AO.png using Guid(14b8ebdfd982691458d24f41ee37207f) Importer(815301076,1909f56bfc062723c751e8b465ee728b)  -> (artifact id: '448b1c52c744b5fd4fe6b701dacdeec9') in 0.032223 seconds 
========================================================================
Received Import Request.
  Time since last request: 6.921475 seconds.
  path: Assets/Mat/bit/source/AO.jpg
  artifactKey: Guid(85ec0eab3a35b0c4595149e9f7b54411) Importer(815301076,1909f56bfc062723c751e8b465ee728b)
Start importing Assets/Mat/bit/source/AO.jpg using Guid(85ec0eab3a35b0c4595149e9f7b54411) Importer(815301076,1909f56bfc062723c751e8b465ee728b)  -> (artifact id: 'd8955c99de1245d0d2f3ced86c85bb04') in 0.242517 seconds 
========================================================================
Received Import Request.
  Time since last request: 21.073052 seconds.
  path: Assets/Mat/bit/source/AO.jpg
  artifactKey: Guid(85ec0eab3a35b0c4595149e9f7b54411) Importer(815301076,1909f56bfc062723c751e8b465ee728b)
Start importing Assets/Mat/bit/source/AO.jpg using Guid(85ec0eab3a35b0c4595149e9f7b54411) Importer(815301076,1909f56bfc062723c751e8b465ee728b)  -> (artifact id: '2e4ed8860e1361913f4322d760cce4bb') in 0.024767 seconds 
========================================================================
Received Import Request.
  Time since last request: 0.000030 seconds.
  path: Assets/Mat/bit/source/Normal.png
  artifactKey: Guid(40c5d8a899c1669458744400e501d45a) Importer(815301076,1909f56bfc062723c751e8b465ee728b)
Start importing Assets/Mat/bit/source/Normal.png using Guid(40c5d8a899c1669458744400e501d45a) Importer(815301076,1909f56bfc062723c751e8b465ee728b)  -> (artifact id: '6d6cee7f1d147008d319f42d665ac40b') in 0.098896 seconds 
========================================================================
Received Import Request.
  Time since last request: 15.682532 seconds.
  path: Assets/Mat/biiiiit/textures/Mesh_Base_Color.png
  artifactKey: Guid(a42eb7515f1c6e0489476a61ef8d720a) Importer(815301076,1909f56bfc062723c751e8b465ee728b)
Start importing Assets/Mat/biiiiit/textures/Mesh_Base_Color.png using Guid(a42eb7515f1c6e0489476a61ef8d720a) Importer(815301076,1909f56bfc062723c751e8b465ee728b)  -> (artifact id: '804d6aa05884dda81411dccf9a7e5dbc') in 0.176182 seconds 
========================================================================
Received Import Request.
  Time since last request: 0.000067 seconds.
  path: Assets/Mat/biiiiit/textures/Mesh_Roughness.png
  artifactKey: Guid(dfd6be0b2da31f145b39a54a9edab95a) Importer(815301076,1909f56bfc062723c751e8b465ee728b)
Start importing Assets/Mat/biiiiit/textures/Mesh_Roughness.png using Guid(dfd6be0b2da31f145b39a54a9edab95a) Importer(815301076,1909f56bfc062723c751e8b465ee728b)  -> (artifact id: 'f63f551bd0f15df305c3f48039816351') in 0.180003 seconds 
========================================================================
Received Import Request.
  Time since last request: 12.119419 seconds.
  path: Assets/Mat/biiiiit/textures/Mesh_AmbientOcclusion.png
  artifactKey: Guid(c8dbf72d68dc1f445b048b309d268c5f) Importer(815301076,1909f56bfc062723c751e8b465ee728b)
Start importing Assets/Mat/biiiiit/textures/Mesh_AmbientOcclusion.png using Guid(c8dbf72d68dc1f445b048b309d268c5f) Importer(815301076,1909f56bfc062723c751e8b465ee728b)  -> (artifact id: 'b876a3a245ef358ce18d65a057512318') in 0.029448 seconds 
========================================================================
Received Import Request.
  Time since last request: 13.121118 seconds.
  path: Assets/Mat/mama/textures/thing_Emissive.png
  artifactKey: Guid(b0cefa16516a33b4dbff27907f0ce0c2) Importer(815301076,1909f56bfc062723c751e8b465ee728b)
Start importing Assets/Mat/mama/textures/thing_Emissive.png using Guid(b0cefa16516a33b4dbff27907f0ce0c2) Importer(815301076,1909f56bfc062723c751e8b465ee728b)  -> (artifact id: '0c809a320e28affae96476833c825bc8') in 0.146754 seconds 
========================================================================
Received Import Request.
  Time since last request: 0.000024 seconds.
  path: Assets/Mat/mama/textures/thing_Normal_OpenGL.png
  artifactKey: Guid(e2cee9083250b2e428d4b0d4c689e5ec) Importer(815301076,1909f56bfc062723c751e8b465ee728b)
Start importing Assets/Mat/mama/textures/thing_Normal_OpenGL.png using Guid(e2cee9083250b2e428d4b0d4c689e5ec) Importer(815301076,1909f56bfc062723c751e8b465ee728b)  -> (artifact id: 'd581a828a405a179ae329cfb4a8059ea') in 0.141705 seconds 
========================================================================
Received Import Request.
  Time since last request: 17.499880 seconds.
  path: Assets/Mat/mama/textures/thing_Emissive.png
  artifactKey: Guid(b0cefa16516a33b4dbff27907f0ce0c2) Importer(815301076,1909f56bfc062723c751e8b465ee728b)
Start importing Assets/Mat/mama/textures/thing_Emissive.png using Guid(b0cefa16516a33b4dbff27907f0ce0c2) Importer(815301076,1909f56bfc062723c751e8b465ee728b)  -> (artifact id: '23fa64fa5302d935321a82c4119e41d3') in 0.024520 seconds 
========================================================================
Received Import Request.
  Time since last request: 0.000042 seconds.
  path: Assets/Mat/mama/textures/thing_Normal_OpenGL.png
  artifactKey: Guid(e2cee9083250b2e428d4b0d4c689e5ec) Importer(815301076,1909f56bfc062723c751e8b465ee728b)
Start importing Assets/Mat/mama/textures/thing_Normal_OpenGL.png using Guid(e2cee9083250b2e428d4b0d4c689e5ec) Importer(815301076,1909f56bfc062723c751e8b465ee728b)  -> (artifact id: '63faa470d1ee5c61aa7aa52827750fc9') in 0.116733 seconds 
========================================================================
Received Import Request.
  Time since last request: 4.110656 seconds.
  path: Assets/Mat/Materials/1623495704_2-phonoteka_org-p-gryaznaya-plitka-tekstura-krasivo-3.mat
  artifactKey: Guid(06235eaac2223484db7cafc9d4f5a36f) Importer(815301076,1909f56bfc062723c751e8b465ee728b)
Start importing Assets/Mat/Materials/1623495704_2-phonoteka_org-p-gryaznaya-plitka-tekstura-krasivo-3.mat using Guid(06235eaac2223484db7cafc9d4f5a36f) Importer(815301076,1909f56bfc062723c751e8b465ee728b)  -> (artifact id: '6bd973f27f48fadc0cb3127aa3b7e0e4') in 0.162382 seconds 
========================================================================
Received Import Request.
  Time since last request: 0.000032 seconds.
  path: Assets/Mat/Materials/radio_Base_color.mat
  artifactKey: Guid(8da2f0f25f844b54a8edac94a85ad408) Importer(815301076,1909f56bfc062723c751e8b465ee728b)
Start importing Assets/Mat/Materials/radio_Base_color.mat using Guid(8da2f0f25f844b54a8edac94a85ad408) Importer(815301076,1909f56bfc062723c751e8b465ee728b)  -> (artifact id: 'f219103644449e31c218276242641527') in 0.102127 seconds 
========================================================================
Received Import Request.
  Time since last request: 0.000043 seconds.
  path: Assets/Mat/Materials/radio_Roughness.mat
  artifactKey: Guid(2f55d23274b5ed641a5a453a0fc2690b) Importer(815301076,1909f56bfc062723c751e8b465ee728b)
Start importing Assets/Mat/Materials/radio_Roughness.mat using Guid(2f55d23274b5ed641a5a453a0fc2690b) Importer(815301076,1909f56bfc062723c751e8b465ee728b)  -> (artifact id: 'ab2e46f328e3a03c363bf385e86813c9') in 0.094177 seconds 
========================================================================
Received Import Request.
  Time since last request: 16.164091 seconds.
  path: Assets/Mat/Me/textures/Material__57_Metallic.png
  artifactKey: Guid(858395262259abd498ccd4deb57fcba7) Importer(815301076,1909f56bfc062723c751e8b465ee728b)
Start importing Assets/Mat/Me/textures/Material__57_Metallic.png using Guid(858395262259abd498ccd4deb57fcba7) Importer(815301076,1909f56bfc062723c751e8b465ee728b)  -> (artifact id: 'e70611b91eb4471b1fea88ae80d8cd2b') in 0.073619 seconds 
========================================================================
Received Import Request.
  Time since last request: 10.594036 seconds.
  path: Assets/Mat/natku/11.jpg
  artifactKey: Guid(cfb1471f540dae545bd8cbb03f4bbc18) Importer(815301076,1909f56bfc062723c751e8b465ee728b)
Start importing Assets/Mat/natku/11.jpg using Guid(cfb1471f540dae545bd8cbb03f4bbc18) Importer(815301076,1909f56bfc062723c751e8b465ee728b)  -> (artifact id: '9b9ec9d53e599b25c2d7cf06f70e6369') in 0.150049 seconds 
========================================================================
Received Import Request.
  Time since last request: 0.000029 seconds.
  path: Assets/Mat/natku/SSSS.jpg
  artifactKey: Guid(e494dc707016d454380bf13375fd269d) Importer(815301076,1909f56bfc062723c751e8b465ee728b)
Start importing Assets/Mat/natku/SSSS.jpg using Guid(e494dc707016d454380bf13375fd269d) Importer(815301076,1909f56bfc062723c751e8b465ee728b)  -> (artifact id: '42b8e23eb6c8207cf2f70ef2384cc07a') in 0.077034 seconds 
========================================================================
Received Import Request.
  Time since last request: 18.032101 seconds.
  path: Assets/Mat/natku/11.jpg
  artifactKey: Guid(cfb1471f540dae545bd8cbb03f4bbc18) Importer(815301076,1909f56bfc062723c751e8b465ee728b)
Start importing Assets/Mat/natku/11.jpg using Guid(cfb1471f540dae545bd8cbb03f4bbc18) Importer(815301076,1909f56bfc062723c751e8b465ee728b)  -> (artifact id: 'b8fc131508ebb13d3be70a8a03140a84') in 0.148085 seconds 
========================================================================
Received Import Request.
  Time since last request: 0.000044 seconds.
  path: Assets/Mat/natku/SSSS.jpg
  artifactKey: Guid(e494dc707016d454380bf13375fd269d) Importer(815301076,1909f56bfc062723c751e8b465ee728b)
Start importing Assets/Mat/natku/SSSS.jpg using Guid(e494dc707016d454380bf13375fd269d) Importer(815301076,1909f56bfc062723c751e8b465ee728b)  -> (artifact id: '0a96254f7a3fd2f50457c8388d8929da') in 0.035765 seconds 
========================================================================
Received Import Request.
  Time since last request: 0.000044 seconds.
  path: Assets/Mat/natku/DANIL_YOU_BOT.jpg
  artifactKey: Guid(21d953af26ad6854facb431d6b600434) Importer(815301076,1909f56bfc062723c751e8b465ee728b)
Start importing Assets/Mat/natku/DANIL_YOU_BOT.jpg using Guid(21d953af26ad6854facb431d6b600434) Importer(815301076,1909f56bfc062723c751e8b465ee728b)  -> (artifact id: '12f0827ab4c7fec295089432d3418b5f') in 0.022571 seconds 
========================================================================
Received Import Request.
  Time since last request: 0.000034 seconds.
  path: Assets/Mat/natku/RERE.jpg
  artifactKey: Guid(196a784824cb9174c918aed73f410f3f) Importer(815301076,1909f56bfc062723c751e8b465ee728b)
Start importing Assets/Mat/natku/RERE.jpg using Guid(196a784824cb9174c918aed73f410f3f) Importer(815301076,1909f56bfc062723c751e8b465ee728b)  -> (artifact id: 'd34728fc420ddb054cb8012da138cbe0') in 0.016046 seconds 
========================================================================
Received Import Request.
  Time since last request: 6.074027 seconds.
  path: Assets/Mat/rolling/textures/RollingShutter_RollingShutter_mat_BaseColor.png
  artifactKey: Guid(da80cd47e4fe84e47ac671386137a799) Importer(815301076,1909f56bfc062723c751e8b465ee728b)
Start importing Assets/Mat/rolling/textures/RollingShutter_RollingShutter_mat_BaseColor.png using Guid(da80cd47e4fe84e47ac671386137a799) Importer(815301076,1909f56bfc062723c751e8b465ee728b)  -> (artifact id: 'f379c03e37fbf1982c40c152913380fc') in 0.204602 seconds 
========================================================================
Received Import Request.
  Time since last request: 12.519175 seconds.
  path: Assets/Mat/rolling/textures/RollingShutter_RollingShutter_mat_BaseColor.png
  artifactKey: Guid(da80cd47e4fe84e47ac671386137a799) Importer(815301076,1909f56bfc062723c751e8b465ee728b)
Start importing Assets/Mat/rolling/textures/RollingShutter_RollingShutter_mat_BaseColor.png using Guid(da80cd47e4fe84e47ac671386137a799) Importer(815301076,1909f56bfc062723c751e8b465ee728b)  -> (artifact id: '4e5af2704a6fd6c6f74ebcc7af5bc4f9') in 0.124539 seconds 
========================================================================
Received Import Request.
  Time since last request: 6.699876 seconds.
  path: Assets/Mat/Shelter/Prefab/Door.prefab
  artifactKey: Guid(b511489e37e6f61459cbd5ae7607384c) Importer(815301076,1909f56bfc062723c751e8b465ee728b)
Start importing Assets/Mat/Shelter/Prefab/Door.prefab using Guid(b511489e37e6f61459cbd5ae7607384c) Importer(815301076,1909f56bfc062723c751e8b465ee728b)  -> (artifact id: 'fa2d768b040c70254c1b638912b0bf51') in 0.115368 seconds 
========================================================================
Received Import Request.
  Time since last request: 0.000044 seconds.
  path: Assets/Mat/Shelter/Prefab/Shelter.prefab
  artifactKey: Guid(5125d1949d8d26e4ba1cd307159e2bb2) Importer(815301076,1909f56bfc062723c751e8b465ee728b)
Start importing Assets/Mat/Shelter/Prefab/Shelter.prefab using Guid(5125d1949d8d26e4ba1cd307159e2bb2) Importer(815301076,1909f56bfc062723c751e8b465ee728b)  -> (artifact id: '7ea7011089251d2202424c3ddd133546') in 0.265761 seconds 
========================================================================
Received Import Request.
  Time since last request: 6.756250 seconds.
  path: Assets/Mat/Shelter/Model/Crate/Crate_Norm.png
  artifactKey: Guid(1f83883ec7b2b1d4e91a4257833abf61) Importer(815301076,1909f56bfc062723c751e8b465ee728b)
Start importing Assets/Mat/Shelter/Model/Crate/Crate_Norm.png using Guid(1f83883ec7b2b1d4e91a4257833abf61) Importer(815301076,1909f56bfc062723c751e8b465ee728b)  -> (artifact id: 'e471ba8d82861af37b5a7238e8230b42') in 0.030847 seconds 
========================================================================
Received Import Request.
  Time since last request: 11.456259 seconds.
  path: Assets/Mat/Shelter/Model/Crate/Crate_Norm.png
  artifactKey: Guid(1f83883ec7b2b1d4e91a4257833abf61) Importer(815301076,1909f56bfc062723c751e8b465ee728b)
Start importing Assets/Mat/Shelter/Model/Crate/Crate_Norm.png using Guid(1f83883ec7b2b1d4e91a4257833abf61) Importer(815301076,1909f56bfc062723c751e8b465ee728b)  -> (artifact id: '8c2968fa48a66916643fa1ceefaa554b') in 0.027506 seconds 
========================================================================
Received Import Request.
  Time since last request: 3.554058 seconds.
  path: Assets/Mat/Shelter/Tex/door.png
  artifactKey: Guid(c78680f579b775b45ab647869ff26bce) Importer(815301076,1909f56bfc062723c751e8b465ee728b)
Start importing Assets/Mat/Shelter/Tex/door.png using Guid(c78680f579b775b45ab647869ff26bce) Importer(815301076,1909f56bfc062723c751e8b465ee728b)  -> (artifact id: '64aac9501fb8ec0ff1555e2093f05ce2') in 0.024420 seconds 
========================================================================
Received Import Request.
  Time since last request: 0.000032 seconds.
  path: Assets/Mat/Shelter/Tex/Table.png
  artifactKey: Guid(9a7ec9f987ceae647a2099690d82a066) Importer(815301076,1909f56bfc062723c751e8b465ee728b)
Start importing Assets/Mat/Shelter/Tex/Table.png using Guid(9a7ec9f987ceae647a2099690d82a066) Importer(815301076,1909f56bfc062723c751e8b465ee728b)  -> (artifact id: 'a520b16559565a65504eddb664bbcefe') in 0.037233 seconds 
========================================================================
Received Import Request.
  Time since last request: 0.000029 seconds.
  path: Assets/Mat/Shelter/Tex/Hard_wood_Occ.png
  artifactKey: Guid(62662572e8e48ef4b939ad77c93e517f) Importer(815301076,1909f56bfc062723c751e8b465ee728b)
Start importing Assets/Mat/Shelter/Tex/Hard_wood_Occ.png using Guid(62662572e8e48ef4b939ad77c93e517f) Importer(815301076,1909f56bfc062723c751e8b465ee728b)  -> (artifact id: 'f55952c319f3366d84721606d3079c03') in 0.018831 seconds 
========================================================================
Received Import Request.
  Time since last request: 0.000034 seconds.
  path: Assets/Mat/Shelter/Tex/Floor_Norm.png
  artifactKey: Guid(219342aa09fe9d541a6b24195a01f126) Importer(815301076,1909f56bfc062723c751e8b465ee728b)
Start importing Assets/Mat/Shelter/Tex/Floor_Norm.png using Guid(219342aa09fe9d541a6b24195a01f126) Importer(815301076,1909f56bfc062723c751e8b465ee728b)  -> (artifact id: '3b7ef58a8d5011b522636ef80ce3bc2a') in 0.046963 seconds 
========================================================================
Received Import Request.
  Time since last request: 0.000043 seconds.
  path: Assets/Mat/Shelter/Tex/Table_norm.png
  artifactKey: Guid(f27ba296952c582499ae4671ec03687b) Importer(815301076,1909f56bfc062723c751e8b465ee728b)
Start importing Assets/Mat/Shelter/Tex/Table_norm.png using Guid(f27ba296952c582499ae4671ec03687b) Importer(815301076,1909f56bfc062723c751e8b465ee728b)  -> (artifact id: '7ef175bf510df1a2383582636437dc29') in 0.025974 seconds 
========================================================================
Received Import Request.
  Time since last request: 0.000032 seconds.
  path: Assets/Mat/Shelter/Tex/Metal_Norm.png
  artifactKey: Guid(8936765f8f8d0ca4daf1fa63633946e2) Importer(815301076,1909f56bfc062723c751e8b465ee728b)
Start importing Assets/Mat/Shelter/Tex/Metal_Norm.png using Guid(8936765f8f8d0ca4daf1fa63633946e2) Importer(815301076,1909f56bfc062723c751e8b465ee728b)  -> (artifact id: 'ad3a0248b968d712f501509d9d63853b') in 0.035183 seconds 
========================================================================
Received Import Request.
  Time since last request: 41.408435 seconds.
  path: Assets/Mat/Shelter/Tex/Cor_Block.png
  artifactKey: Guid(2e55f2653ad25c34fb38045247834a56) Importer(815301076,1909f56bfc062723c751e8b465ee728b)
Start importing Assets/Mat/Shelter/Tex/Cor_Block.png using Guid(2e55f2653ad25c34fb38045247834a56) Importer(815301076,1909f56bfc062723c751e8b465ee728b)  -> (artifact id: 'a59e9732e0ddd0bcc3a135df2c0f1596') in 0.026244 seconds 
========================================================================
Received Import Request.
  Time since last request: 0.000040 seconds.
  path: Assets/Mat/Shelter/Tex/Wood_Norm.png
  artifactKey: Guid(e2fb5208db3e37e4197eb62f548d4f1f) Importer(815301076,1909f56bfc062723c751e8b465ee728b)
Start importing Assets/Mat/Shelter/Tex/Wood_Norm.png using Guid(e2fb5208db3e37e4197eb62f548d4f1f) Importer(815301076,1909f56bfc062723c751e8b465ee728b)  -> (artifact id: 'e174d4bb23beb026f8827852d0a5b485') in 0.037174 seconds 
========================================================================
Received Import Request.
  Time since last request: 0.000045 seconds.
  path: Assets/Mat/Shelter/Tex/Window.png
  artifactKey: Guid(06cf27ba3c22805468015b2ed07ed333) Importer(815301076,1909f56bfc062723c751e8b465ee728b)
Start importing Assets/Mat/Shelter/Tex/Window.png using Guid(06cf27ba3c22805468015b2ed07ed333) Importer(815301076,1909f56bfc062723c751e8b465ee728b)  -> (artifact id: '354dc9a12d544584452ad7e1369f8c7a') in 0.025813 seconds 
========================================================================
Received Import Request.
  Time since last request: 0.000034 seconds.
  path: Assets/Mat/Shelter/Tex/Haard_wood_norm.png
  artifactKey: Guid(f5f8a26880d9e124690df16a20f86228) Importer(815301076,1909f56bfc062723c751e8b465ee728b)
Start importing Assets/Mat/Shelter/Tex/Haard_wood_norm.png using Guid(f5f8a26880d9e124690df16a20f86228) Importer(815301076,1909f56bfc062723c751e8b465ee728b)  -> (artifact id: '2ecbc26d01187d98ea2c3c71234cf880') in 0.027954 seconds 
========================================================================
Received Import Request.
  Time since last request: 0.000056 seconds.
  path: Assets/Mat/Shelter/Tex/Roof.png
  artifactKey: Guid(ce59ebe082a7284468ab335fd9bc4a13) Importer(815301076,1909f56bfc062723c751e8b465ee728b)
Start importing Assets/Mat/Shelter/Tex/Roof.png using Guid(ce59ebe082a7284468ab335fd9bc4a13) Importer(815301076,1909f56bfc062723c751e8b465ee728b)  -> (artifact id: '861b5085f8019c7da55baa80142c715d') in 0.021893 seconds 
========================================================================
Received Import Request.
  Time since last request: 0.000034 seconds.
  path: Assets/Mat/Shelter/Tex/Wall.png
  artifactKey: Guid(88dd8fb60a9e01047b3d275802bc121a) Importer(815301076,1909f56bfc062723c751e8b465ee728b)
Start importing Assets/Mat/Shelter/Tex/Wall.png using Guid(88dd8fb60a9e01047b3d275802bc121a) Importer(815301076,1909f56bfc062723c751e8b465ee728b)  -> (artifact id: '54b94ea9a91839a6bf4b820759d281cc') in 0.019042 seconds 
========================================================================
Received Import Request.
  Time since last request: 19.911177 seconds.
  path: Assets/Mat/Shelter/Tex/Mats/door.mat
  artifactKey: Guid(4e1fc4c049305bb4ab556b0a8e19a722) Importer(815301076,1909f56bfc062723c751e8b465ee728b)
Start importing Assets/Mat/Shelter/Tex/Mats/door.mat using Guid(4e1fc4c049305bb4ab556b0a8e19a722) Importer(815301076,1909f56bfc062723c751e8b465ee728b)  -> (artifact id: 'ed9b886686a8de15156d8a795f75ee2d') in 0.054991 seconds 
========================================================================
Received Import Request.
  Time since last request: 0.000022 seconds.
  path: Assets/Mat/Shelter/Tex/Mats/Hard_Wood.mat
  artifactKey: Guid(8a5998de76f2ff043a6d6150610a5542) Importer(815301076,1909f56bfc062723c751e8b465ee728b)
Start importing Assets/Mat/Shelter/Tex/Mats/Hard_Wood.mat using Guid(8a5998de76f2ff043a6d6150610a5542) Importer(815301076,1909f56bfc062723c751e8b465ee728b)  -> (artifact id: 'a67bf6486f6b9dfe293560dc18f6d4b9') in 0.045225 seconds 
========================================================================
Received Import Request.
  Time since last request: 0.000028 seconds.
  path: Assets/Mat/Shelter/Tex/Mats/Window.mat
  artifactKey: Guid(5f386b0a70ab39749861effd60b1c939) Importer(815301076,1909f56bfc062723c751e8b465ee728b)
Start importing Assets/Mat/Shelter/Tex/Mats/Window.mat using Guid(5f386b0a70ab39749861effd60b1c939) Importer(815301076,1909f56bfc062723c751e8b465ee728b)  -> (artifact id: '2d453192cd82f5c27ec54783bdf1ef34') in 0.031362 seconds 
========================================================================
Received Import Request.
  Time since last request: 0.000031 seconds.
  path: Assets/Mat/Shelter/Tex/Mats/Roof.mat
  artifactKey: Guid(3d3c3c2c32aceaf42a151f49c84a658d) Importer(815301076,1909f56bfc062723c751e8b465ee728b)
Start importing Assets/Mat/Shelter/Tex/Mats/Roof.mat using Guid(3d3c3c2c32aceaf42a151f49c84a658d) Importer(815301076,1909f56bfc062723c751e8b465ee728b)  -> (artifact id: 'ebe3c357eda74db1add37824a75679f6') in 0.034386 seconds 
========================================================================
Received Import Request.
  Time since last request: 1.469213 seconds.
  path: Assets/Mat/Shelter/Tex/Bulb/Bulb_Holder.png
  artifactKey: Guid(d07ae17b1a05fb64481966e264948395) Importer(815301076,1909f56bfc062723c751e8b465ee728b)
Start importing Assets/Mat/Shelter/Tex/Bulb/Bulb_Holder.png using Guid(d07ae17b1a05fb64481966e264948395) Importer(815301076,1909f56bfc062723c751e8b465ee728b)  -> (artifact id: 'ab06f1ae9d01941bbafd071cf8410aa7') in 0.030397 seconds 
========================================================================
Received Import Request.
  Time since last request: 11.205829 seconds.
  path: Assets/Mat/Shelter/Tex/Bulb/Materials/Bulb.mat
  artifactKey: Guid(6fbc954b1fbddd544b0beb9253060d59) Importer(815301076,1909f56bfc062723c751e8b465ee728b)
Start importing Assets/Mat/Shelter/Tex/Bulb/Materials/Bulb.mat using Guid(6fbc954b1fbddd544b0beb9253060d59) Importer(815301076,1909f56bfc062723c751e8b465ee728b)  -> (artifact id: 'c1670b313aa50b3f5c43702430ae3dad') in 0.019985 seconds 
========================================================================
Received Import Request.
  Time since last request: 7.642224 seconds.
  path: Assets/Mat/stone/textures/02___Default_Normal_OpenGL.png
  artifactKey: Guid(0ff173c19177e0d4abe9c160869d7ea6) Importer(815301076,1909f56bfc062723c751e8b465ee728b)
Start importing Assets/Mat/stone/textures/02___Default_Normal_OpenGL.png using Guid(0ff173c19177e0d4abe9c160869d7ea6) Importer(815301076,1909f56bfc062723c751e8b465ee728b)  -> (artifact id: '8ebac666eb24b7431e9740407ac817d0') in 0.090870 seconds 
========================================================================
Received Import Request.
  Time since last request: 0.000031 seconds.
  path: Assets/Mat/stone/textures/small_ao.png
  artifactKey: Guid(22a8e718ef6078e42a0fc9e96a22eaa8) Importer(815301076,1909f56bfc062723c751e8b465ee728b)
Start importing Assets/Mat/stone/textures/small_ao.png using Guid(22a8e718ef6078e42a0fc9e96a22eaa8) Importer(815301076,1909f56bfc062723c751e8b465ee728b)  -> (artifact id: '18d3889d5a48a37a3a5f741fdff571bf') in 0.241416 seconds 
========================================================================
Received Import Request.
  Time since last request: 0.000060 seconds.
  path: Assets/Mat/stone/textures/RUnic_emessive.png
  artifactKey: Guid(5df7cbaa2be2fea45976678acc129057) Importer(815301076,1909f56bfc062723c751e8b465ee728b)
Start importing Assets/Mat/stone/textures/RUnic_emessive.png using Guid(5df7cbaa2be2fea45976678acc129057) Importer(815301076,1909f56bfc062723c751e8b465ee728b)  -> (artifact id: '81b89111caf57a1625cca33ca6f99559') in 0.173721 seconds 
========================================================================
Received Import Request.
  Time since last request: 0.000049 seconds.
  path: Assets/Mat/stone/textures/Mid_color.tga.png
  artifactKey: Guid(2b77915b44eae40439686743012e4d04) Importer(815301076,1909f56bfc062723c751e8b465ee728b)
Start importing Assets/Mat/stone/textures/Mid_color.tga.png using Guid(2b77915b44eae40439686743012e4d04) Importer(815301076,1909f56bfc062723c751e8b465ee728b)  -> (artifact id: '92d90bc665409baffae7a273e726cac8') in 0.236949 seconds 
========================================================================
Received Import Request.
  Time since last request: 21.856558 seconds.
  path: Assets/Mat/stone/textures/02___Default_Normal_OpenGL.png
  artifactKey: Guid(0ff173c19177e0d4abe9c160869d7ea6) Importer(815301076,1909f56bfc062723c751e8b465ee728b)
Start importing Assets/Mat/stone/textures/02___Default_Normal_OpenGL.png using Guid(0ff173c19177e0d4abe9c160869d7ea6) Importer(815301076,1909f56bfc062723c751e8b465ee728b)  -> (artifact id: '9b03c8a15835f9c1048a2b7aa634c1d1') in 0.025758 seconds 
========================================================================
Received Import Request.
  Time since last request: 0.000036 seconds.
  path: Assets/Mat/stone/textures/small_ao.png
  artifactKey: Guid(22a8e718ef6078e42a0fc9e96a22eaa8) Importer(815301076,1909f56bfc062723c751e8b465ee728b)
Start importing Assets/Mat/stone/textures/small_ao.png using Guid(22a8e718ef6078e42a0fc9e96a22eaa8) Importer(815301076,1909f56bfc062723c751e8b465ee728b)  -> (artifact id: '4c51c253d21963a7843c75ddef5f3592') in 0.047865 seconds 
========================================================================
Received Import Request.
  Time since last request: 0.000065 seconds.
  path: Assets/Mat/stone/textures/RUnic_emessive.png
  artifactKey: Guid(5df7cbaa2be2fea45976678acc129057) Importer(815301076,1909f56bfc062723c751e8b465ee728b)
Start importing Assets/Mat/stone/textures/RUnic_emessive.png using Guid(5df7cbaa2be2fea45976678acc129057) Importer(815301076,1909f56bfc062723c751e8b465ee728b)  -> (artifact id: 'c3cfc6a6969b75c6e1dc840c6dcdd6d4') in 0.018264 seconds 
========================================================================
Received Import Request.
  Time since last request: 0.000040 seconds.
  path: Assets/Mat/stone/textures/emesive.png
  artifactKey: Guid(e7aafe7b989e55b4fa403bb6a2009257) Importer(815301076,1909f56bfc062723c751e8b465ee728b)
Start importing Assets/Mat/stone/textures/emesive.png using Guid(e7aafe7b989e55b4fa403bb6a2009257) Importer(815301076,1909f56bfc062723c751e8b465ee728b)  -> (artifact id: 'd6ba7e952fe3e99a68bbf2e981d4e3d8') in 0.015129 seconds 
========================================================================
Received Import Request.
  Time since last request: 0.000039 seconds.
  path: Assets/Mat/stone/textures/MID_AO.png
  artifactKey: Guid(a2e1b4e6cc27c4c4cac55bbc5e981e69) Importer(815301076,1909f56bfc062723c751e8b465ee728b)
Start importing Assets/Mat/stone/textures/MID_AO.png using Guid(a2e1b4e6cc27c4c4cac55bbc5e981e69) Importer(815301076,1909f56bfc062723c751e8b465ee728b)  -> (artifact id: 'fead6269d675dd23e86906be039d8b90') in 0.021708 seconds 
========================================================================
Received Import Request.
  Time since last request: 4.954413 seconds.
  path: Assets/Mat/test/88c99fee4c799cc.mp3
  artifactKey: Guid(0aa2c33d6b9621b4ea27a3707ec63af9) Importer(815301076,1909f56bfc062723c751e8b465ee728b)
Start importing Assets/Mat/test/88c99fee4c799cc.mp3 using Guid(0aa2c33d6b9621b4ea27a3707ec63af9) Importer(815301076,1909f56bfc062723c751e8b465ee728b)  -> (artifact id: '694222ab756d9ffac5cebed793df3ffc') in 0.171535 seconds 
========================================================================
Received Import Request.
  Time since last request: 0.000054 seconds.
  path: Assets/Mat/test/kamnepad-6-sekund.mp3
  artifactKey: Guid(2494544083d36af4f886104b3412c595) Importer(815301076,1909f56bfc062723c751e8b465ee728b)
Start importing Assets/Mat/test/kamnepad-6-sekund.mp3 using Guid(2494544083d36af4f886104b3412c595) Importer(815301076,1909f56bfc062723c751e8b465ee728b)  -> (artifact id: '4240c3c81279ca8101d06ac536692aad') in 0.062136 seconds 
========================================================================
Received Import Request.
  Time since last request: 5.771475 seconds.
  path: Assets/Mat/Textures/radio_Height.png
  artifactKey: Guid(854f2f5dc59d7e34496ffca0a62a827c) Importer(815301076,1909f56bfc062723c751e8b465ee728b)
Start importing Assets/Mat/Textures/radio_Height.png using Guid(854f2f5dc59d7e34496ffca0a62a827c) Importer(815301076,1909f56bfc062723c751e8b465ee728b)  -> (artifact id: '845fd0da20e0728e61ff796415bb319f') in 0.111942 seconds 
========================================================================
Received Import Request.
  Time since last request: 0.000025 seconds.
  path: Assets/Mat/Textures/radio_Mixed_AO.png
  artifactKey: Guid(1b98960c6e9607945a3445b0f113287e) Importer(815301076,1909f56bfc062723c751e8b465ee728b)
Start importing Assets/Mat/Textures/radio_Mixed_AO.png using Guid(1b98960c6e9607945a3445b0f113287e) Importer(815301076,1909f56bfc062723c751e8b465ee728b)  -> (artifact id: 'a80fdef9af14c26bc0057b96636eef4b') in 0.018477 seconds 
========================================================================
Received Import Request.
  Time since last request: 13.089483 seconds.
  path: Assets/Mat/Textures/radio_Base_color.png
  artifactKey: Guid(9ff6db3cd67fb3b4b9756f3757450f31) Importer(815301076,1909f56bfc062723c751e8b465ee728b)
Start importing Assets/Mat/Textures/radio_Base_color.png using Guid(9ff6db3cd67fb3b4b9756f3757450f31) Importer(815301076,1909f56bfc062723c751e8b465ee728b)  -> (artifact id: '227a3ecafdf522137e69274e835601b1') in 0.461504 seconds 
========================================================================
Received Import Request.
  Time since last request: 0.000022 seconds.
  path: Assets/Mat/Textures/radio_Normal_DirectX.png
  artifactKey: Guid(98745eae12e7f3f4e90e298661d6340d) Importer(815301076,1909f56bfc062723c751e8b465ee728b)
Start importing Assets/Mat/Textures/radio_Normal_DirectX.png using Guid(98745eae12e7f3f4e90e298661d6340d) Importer(815301076,1909f56bfc062723c751e8b465ee728b)  -> (artifact id: '0013fdb69b7fd1817b93ba5b2c6e74d8') in 0.025566 seconds 
========================================================================
Received Prepare
Refreshing native plugins compatible for Editor in 12.78 ms, found 3 plugins.
Preloading 0 native plugins for Editor in 0.00 ms.
Unloading 23 Unused Serialized files (Serialized files now loaded: 0)
Unloading 23 unused Assets / (453.3 KB). Loaded Objects now: 4466.
Memory consumption went from 91.9 MB to 91.5 MB.
Total: 8.948000 ms (FindLiveObjects: 0.838000 ms CreateObjectMapping: 0.236800 ms MarkObjects: 7.339500 ms  DeleteObjects: 0.531600 ms)

AssetImportParameters requested are different than current active one (requested -> active):
  custom:video-decoder-ogg-theora: a1e56fd34408186e4bbccfd4996cb3dc -> 
  custom:container-muxer-webm: aa71ff27fc2769a1b78a27578f13a17b -> 
  custom:container-demuxer-webm: 4f35f7cbe854078d1ac9338744f61a02 -> 
  custom:video-encoder-webm-vp8: eb34c28f22e8b96e1ab97ce403110664 -> 
  custom:audio-encoder-webm-vorbis: bf7c407c2cedff20999df2af8eb42d56 -> 
  custom:framework-win-MediaFoundation: 216162199b28c13a410421893ffa2e32 -> 
  custom:container-demuxer-ogg: 62fdf1f143b41e24485cea50d1cbac27 -> 
  custom:video-decoder-webm-vp8: 9c59270c3fd7afecdb556c50c9e8de78 -> 
  custom:audio-decoder-ogg-vorbis: bf7c407c2cedff20999df2af8eb42d56 -> 
